Using pre-set license
Built from '2022.3/staging' branch; Version is '2022.3.15f1 (b58023a2b463) revision 11894819'; Using compiler version '192829333'; Build Type 'Release'
OS: 'Windows 10  (10.0.19045) 64bit Core' Language: 'en' Physical Memory: 12285 MB
BatchMode: 1, IsHumanControllingUs: 0, StartBugReporterOnCrash: 0, Is64bit: 1, IsPro: 1

COMMAND LINE ARGUMENTS:
C:\Program Files\Unity\Hub\Editor\2022.3.15f1\Editor\Unity.exe
-adb2
-batchMode
-noUpm
-name
AssetImportWorker7
-projectPath
D:/Documents/College/BlobingtonFMP
-logFile
Logs/AssetImportWorker7.log
-srvPort
62810
Successfully changed project path to: D:/Documents/College/BlobingtonFMP
D:/Documents/College/BlobingtonFMP
[UnityMemory] Configuration Parameters - Can be set up in boot.config
    "memorysetup-bucket-allocator-granularity=16"
    "memorysetup-bucket-allocator-bucket-count=8"
    "memorysetup-bucket-allocator-block-size=33554432"
    "memorysetup-bucket-allocator-block-count=8"
    "memorysetup-main-allocator-block-size=16777216"
    "memorysetup-thread-allocator-block-size=16777216"
    "memorysetup-gfx-main-allocator-block-size=16777216"
    "memorysetup-gfx-thread-allocator-block-size=16777216"
    "memorysetup-cache-allocator-block-size=4194304"
    "memorysetup-typetree-allocator-block-size=2097152"
    "memorysetup-profiler-bucket-allocator-granularity=16"
    "memorysetup-profiler-bucket-allocator-bucket-count=8"
    "memorysetup-profiler-bucket-allocator-block-size=33554432"
    "memorysetup-profiler-bucket-allocator-block-count=8"
    "memorysetup-profiler-allocator-block-size=16777216"
    "memorysetup-profiler-editor-allocator-block-size=1048576"
    "memorysetup-temp-allocator-size-main=16777216"
    "memorysetup-job-temp-allocator-block-size=2097152"
    "memorysetup-job-temp-allocator-block-size-background=1048576"
    "memorysetup-job-temp-allocator-reduction-small-platforms=262144"
    "memorysetup-allocator-temp-initial-block-size-main=262144"
    "memorysetup-allocator-temp-initial-block-size-worker=262144"
    "memorysetup-temp-allocator-size-background-worker=32768"
    "memorysetup-temp-allocator-size-job-worker=262144"
    "memorysetup-temp-allocator-size-preload-manager=33554432"
    "memorysetup-temp-allocator-size-nav-mesh-worker=65536"
    "memorysetup-temp-allocator-size-audio-worker=65536"
    "memorysetup-temp-allocator-size-cloud-worker=32768"
    "memorysetup-temp-allocator-size-gi-baking-worker=262144"
    "memorysetup-temp-allocator-size-gfx=262144"
Player connection [1888] Host "[IP] 192.168.1.159 [Port] 0 [Flags] 2 [Guid] 876624147 [EditorId] 876624147 [Version] 1048832 [Id] WindowsEditor(7,DESKTOP-Q2DHV6M) [Debug] 1 [PackageName] WindowsEditor [ProjectName] Editor" joined multi-casting on [225.0.0.222:54997]...

Player connection [1888] Host "[IP] 192.168.1.159 [Port] 0 [Flags] 2 [Guid] 876624147 [EditorId] 876624147 [Version] 1048832 [Id] WindowsEditor(7,DESKTOP-Q2DHV6M) [Debug] 1 [PackageName] WindowsEditor [ProjectName] Editor" joined alternative multi-casting on [225.0.0.222:34997]...

[Physics::Module] Initialized MultithreadedJobDispatcher with 5 workers.
Refreshing native plugins compatible for Editor in 22.53 ms, found 3 plugins.
Preloading 0 native plugins for Editor in 0.00 ms.
Initialize engine version: 2022.3.15f1 (b58023a2b463)
[Subsystems] Discovering subsystems at path C:/Program Files/Unity/Hub/Editor/2022.3.15f1/Editor/Data/Resources/UnitySubsystems
[Subsystems] Discovering subsystems at path D:/Documents/College/BlobingtonFMP/Assets
GfxDevice: creating device client; threaded=0; jobified=0
Direct3D:
    Version:  Direct3D 11.0 [level 11.1]
    Renderer: NVIDIA GeForce GTX 970 (ID=0x13c2)
    Vendor:   NVIDIA
    VRAM:     4037 MB
    Driver:   31.0.15.3623
Initialize mono
Mono path[0] = 'C:/Program Files/Unity/Hub/Editor/2022.3.15f1/Editor/Data/Managed'
Mono path[1] = 'C:/Program Files/Unity/Hub/Editor/2022.3.15f1/Editor/Data/MonoBleedingEdge/lib/mono/unityjit-win32'
Mono config path = 'C:/Program Files/Unity/Hub/Editor/2022.3.15f1/Editor/Data/MonoBleedingEdge/etc'
Using monoOptions --debugger-agent=transport=dt_socket,embedding=1,server=y,suspend=n,address=127.0.0.1:56636
Begin MonoManager ReloadAssembly
Registering precompiled unity dll's ...
Register platform support module: C:/Program Files/Unity/Hub/Editor/2022.3.15f1/Editor/Data/PlaybackEngines/WebGLSupport/UnityEditor.WebGL.Extensions.dll
Register platform support module: C:/Program Files/Unity/Hub/Editor/2022.3.15f1/Editor/Data/PlaybackEngines/WindowsStandaloneSupport/UnityEditor.WindowsStandalone.Extensions.dll
Registered in 0.028983 seconds.
- Loaded All Assemblies, in  0.844 seconds
Native extension for WindowsStandalone target not found
Native extension for WebGL target not found
Mono: successfully reloaded assembly
- Finished resetting the current domain, in  0.612 seconds
Domain Reload Profiling: 1451ms
	BeginReloadAssembly (238ms)
		ExecutionOrderSort (0ms)
		DisableScriptedObjects (0ms)
		BackupInstance (0ms)
		ReleaseScriptingObjects (0ms)
		CreateAndSetChildDomain (1ms)
	RebuildCommonClasses (88ms)
	RebuildNativeTypeToScriptingClass (26ms)
	initialDomainReloadingComplete (148ms)
	LoadAllAssembliesAndSetupDomain (339ms)
		LoadAssemblies (232ms)
		RebuildTransferFunctionScriptingTraits (0ms)
		AnalyzeDomain (334ms)
			TypeCache.Refresh (332ms)
				TypeCache.ScanAssembly (301ms)
			ScanForSourceGeneratedMonoScriptInfo (1ms)
			ResolveRequiredComponents (1ms)
	FinalizeReload (613ms)
		ReleaseScriptCaches (0ms)
		RebuildScriptCaches (0ms)
		SetupLoadedEditorAssemblies (484ms)
			LogAssemblyErrors (0ms)
			InitializePlatformSupportModulesInManaged (26ms)
			SetLoadedEditorAssemblies (10ms)
			RefreshPlugins (0ms)
			BeforeProcessingInitializeOnLoad (5ms)
			ProcessInitializeOnLoadAttributes (340ms)
			ProcessInitializeOnLoadMethodAttributes (104ms)
			AfterProcessingInitializeOnLoad (0ms)
			EditorAssembliesLoaded (0ms)
		ExecutionOrderSort2 (0ms)
		AwakeInstancesAfterBackupRestoration (0ms)
========================================================================
Worker process is ready to serve import requests
Begin MonoManager ReloadAssembly
- Loaded All Assemblies, in  1.555 seconds
Refreshing native plugins compatible for Editor in 7.71 ms, found 3 plugins.
Native extension for WindowsStandalone target not found
Native extension for WebGL target not found
Package Manager log level set to [2]
[Package Manager] Server::EnsureServerProcessIsRunning -- launch failed, reason: Unity was launched with the -noUpm command-line argument
[Package Manager] UpmClient::Send -- Unable to send message (not connected to UPM process).
[Package Manager] Cannot connect to Unity Package Manager local server
Mono: successfully reloaded assembly
- Finished resetting the current domain, in  1.620 seconds
Domain Reload Profiling: 3169ms
	BeginReloadAssembly (317ms)
		ExecutionOrderSort (0ms)
		DisableScriptedObjects (12ms)
		BackupInstance (0ms)
		ReleaseScriptingObjects (0ms)
		CreateAndSetChildDomain (40ms)
	RebuildCommonClasses (82ms)
	RebuildNativeTypeToScriptingClass (25ms)
	initialDomainReloadingComplete (96ms)
	LoadAllAssembliesAndSetupDomain (1028ms)
		LoadAssemblies (711ms)
		RebuildTransferFunctionScriptingTraits (0ms)
		AnalyzeDomain (506ms)
			TypeCache.Refresh (419ms)
				TypeCache.ScanAssembly (382ms)
			ScanForSourceGeneratedMonoScriptInfo (59ms)
			ResolveRequiredComponents (25ms)
	FinalizeReload (1621ms)
		ReleaseScriptCaches (0ms)
		RebuildScriptCaches (0ms)
		SetupLoadedEditorAssemblies (1266ms)
			LogAssemblyErrors (0ms)
			InitializePlatformSupportModulesInManaged (18ms)
			SetLoadedEditorAssemblies (7ms)
			RefreshPlugins (0ms)
			BeforeProcessingInitializeOnLoad (167ms)
			ProcessInitializeOnLoadAttributes (909ms)
			ProcessInitializeOnLoadMethodAttributes (143ms)
			AfterProcessingInitializeOnLoad (21ms)
			EditorAssembliesLoaded (0ms)
		ExecutionOrderSort2 (0ms)
		AwakeInstancesAfterBackupRestoration (12ms)
Launched and connected shader compiler UnityShaderCompiler.exe after 0.07 seconds
Refreshing native plugins compatible for Editor in 8.10 ms, found 3 plugins.
Preloading 0 native plugins for Editor in 0.00 ms.
Unloading 6032 Unused Serialized files (Serialized files now loaded: 0)
Unloading 91 unused Assets / (466.6 KB). Loaded Objects now: 6491.
Memory consumption went from 235.3 MB to 234.9 MB.
Total: 9.594600 ms (FindLiveObjects: 1.422800 ms CreateObjectMapping: 0.560800 ms MarkObjects: 7.169700 ms  DeleteObjects: 0.439400 ms)

AssetImportParameters requested are different than current active one (requested -> active):
  custom:container-demuxer-ogg: 62fdf1f143b41e24485cea50d1cbac27 -> 
  custom:video-decoder-ogg-theora: a1e56fd34408186e4bbccfd4996cb3dc -> 
  custom:framework-win-MediaFoundation: 216162199b28c13a410421893ffa2e32 -> 
  custom:CustomObjectIndexerAttribute: 4d1d7186bcbbfe361de5f0ad951e585c -> 
  custom:container-demuxer-webm: 4f35f7cbe854078d1ac9338744f61a02 -> 
  custom:container-muxer-webm: aa71ff27fc2769a1b78a27578f13a17b -> 
  custom:video-decoder-webm-vp8: 9c59270c3fd7afecdb556c50c9e8de78 -> 
  custom:SearchIndexIgnoredProperties: e643bd26f0fe6173181afceb89e7c659 -> 
  custom:AudioImporter_EditorPlatform: d09bf68614088b80899f8185d706f6e7 -> 
  custom:video-encoder-webm-vp8: eb34c28f22e8b96e1ab97ce403110664 -> 
  custom:audio-decoder-ogg-vorbis: bf7c407c2cedff20999df2af8eb42d56 -> 
  custom:audio-encoder-webm-vorbis: bf7c407c2cedff20999df2af8eb42d56 -> 
========================================================================
Received Prepare
Begin MonoManager ReloadAssembly
- Loaded All Assemblies, in  1.103 seconds
Refreshing native plugins compatible for Editor in 8.58 ms, found 3 plugins.
Native extension for WindowsStandalone target not found
Native extension for WebGL target not found
[Package Manager] Server::EnsureServerProcessIsRunning -- launch failed, reason: Unity was launched with the -noUpm command-line argument
[Package Manager] UpmClient::Send -- Unable to send message (not connected to UPM process).
[Package Manager] Cannot connect to Unity Package Manager local server
Mono: successfully reloaded assembly
- Finished resetting the current domain, in  3.213 seconds
Domain Reload Profiling: 4309ms
	BeginReloadAssembly (362ms)
		ExecutionOrderSort (0ms)
		DisableScriptedObjects (10ms)
		BackupInstance (0ms)
		ReleaseScriptingObjects (0ms)
		CreateAndSetChildDomain (82ms)
	RebuildCommonClasses (83ms)
	RebuildNativeTypeToScriptingClass (27ms)
	initialDomainReloadingComplete (71ms)
	LoadAllAssembliesAndSetupDomain (553ms)
		LoadAssemblies (706ms)
		RebuildTransferFunctionScriptingTraits (0ms)
		AnalyzeDomain (48ms)
			TypeCache.Refresh (17ms)
				TypeCache.ScanAssembly (0ms)
			ScanForSourceGeneratedMonoScriptInfo (0ms)
			ResolveRequiredComponents (29ms)
	FinalizeReload (3214ms)
		ReleaseScriptCaches (0ms)
		RebuildScriptCaches (0ms)
		SetupLoadedEditorAssemblies (1386ms)
			LogAssemblyErrors (0ms)
			InitializePlatformSupportModulesInManaged (24ms)
			SetLoadedEditorAssemblies (8ms)
			RefreshPlugins (0ms)
			BeforeProcessingInitializeOnLoad (200ms)
			ProcessInitializeOnLoadAttributes (962ms)
			ProcessInitializeOnLoadMethodAttributes (166ms)
			AfterProcessingInitializeOnLoad (25ms)
			EditorAssembliesLoaded (1ms)
		ExecutionOrderSort2 (0ms)
		AwakeInstancesAfterBackupRestoration (23ms)
Refreshing native plugins compatible for Editor in 9.04 ms, found 3 plugins.
Preloading 0 native plugins for Editor in 0.00 ms.
Unloading 5849 Unused Serialized files (Serialized files now loaded: 0)
Unloading 45 unused Assets / (454.4 KB). Loaded Objects now: 6507.
Memory consumption went from 202.9 MB to 202.5 MB.
Total: 12.046100 ms (FindLiveObjects: 1.617800 ms CreateObjectMapping: 1.011200 ms MarkObjects: 8.985300 ms  DeleteObjects: 0.429400 ms)

Prepare: number of updated asset objects reloaded= 0
AssetImportParameters requested are different than current active one (requested -> active):
  custom:container-demuxer-ogg: 62fdf1f143b41e24485cea50d1cbac27 -> 
  custom:video-decoder-ogg-theora: a1e56fd34408186e4bbccfd4996cb3dc -> 
  custom:framework-win-MediaFoundation: 216162199b28c13a410421893ffa2e32 -> 
  custom:CustomObjectIndexerAttribute: 4d1d7186bcbbfe361de5f0ad951e585c -> 
  custom:container-demuxer-webm: 4f35f7cbe854078d1ac9338744f61a02 -> 
  custom:container-muxer-webm: aa71ff27fc2769a1b78a27578f13a17b -> 
  custom:video-decoder-webm-vp8: 9c59270c3fd7afecdb556c50c9e8de78 -> 
  custom:SearchIndexIgnoredProperties: e643bd26f0fe6173181afceb89e7c659 -> 
  custom:AudioImporter_EditorPlatform: d09bf68614088b80899f8185d706f6e7 -> 
  custom:video-encoder-webm-vp8: eb34c28f22e8b96e1ab97ce403110664 -> 
  custom:audio-decoder-ogg-vorbis: bf7c407c2cedff20999df2af8eb42d56 -> 
  custom:audio-encoder-webm-vorbis: bf7c407c2cedff20999df2af8eb42d56 -> 
========================================================================
Received Import Request.
  Time since last request: 54905.009495 seconds.
  path: Assets/Brick Project Studio/Apartment Kit/Common/Textures/Surface/AdlerWood_01_A.png
  artifactKey: Guid(3896f4ca02b49124dbe88348af6cd90b) Importer(815301076,1909f56bfc062723c751e8b465ee728b)
Start importing Assets/Brick Project Studio/Apartment Kit/Common/Textures/Surface/AdlerWood_01_A.png using Guid(3896f4ca02b49124dbe88348af6cd90b) Importer(815301076,1909f56bfc062723c751e8b465ee728b)  -> (artifact id: 'dda43985bf892c2a7d4d63ba422e2dc2') in 0.368275 seconds
Number of updated asset objects reloaded before import = 0
Number of asset objects unloaded after import = 2
========================================================================
Received Import Request.
  Time since last request: 0.000038 seconds.
  path: Assets/Brick Project Studio/Apartment Kit/Common/Textures/Misc/Art_01.png
  artifactKey: Guid(0f1b5ed9b2e96bf4d9b64957fd9b3a2a) Importer(815301076,1909f56bfc062723c751e8b465ee728b)
Start importing Assets/Brick Project Studio/Apartment Kit/Common/Textures/Misc/Art_01.png using Guid(0f1b5ed9b2e96bf4d9b64957fd9b3a2a) Importer(815301076,1909f56bfc062723c751e8b465ee728b)  -> (artifact id: 'cc587ce0b38cc01c6b5227e796fafd24') in 0.086871 seconds
Number of updated asset objects reloaded before import = 0
Number of asset objects unloaded after import = 2
========================================================================
Received Import Request.
  Time since last request: 0.000056 seconds.
  path: Assets/Brick Project Studio/Apartment Kit/Common/Textures/Misc/Art_02.png
  artifactKey: Guid(121839de2ecea004995db9f7c5645295) Importer(815301076,1909f56bfc062723c751e8b465ee728b)
Start importing Assets/Brick Project Studio/Apartment Kit/Common/Textures/Misc/Art_02.png using Guid(121839de2ecea004995db9f7c5645295) Importer(815301076,1909f56bfc062723c751e8b465ee728b)  -> (artifact id: 'bbf3015d097585a266b9fb09e1f02fc9') in 0.071753 seconds
Number of updated asset objects reloaded before import = 0
Number of asset objects unloaded after import = 2
========================================================================
Received Import Request.
  Time since last request: 0.000036 seconds.
  path: Assets/TextMesh Pro/Examples & Extras/Resources/Fonts & Materials/Anton SDF.asset
  artifactKey: Guid(8a89fa14b10d46a99122fd4f73fca9a2) Importer(815301076,1909f56bfc062723c751e8b465ee728b)
Start importing Assets/TextMesh Pro/Examples & Extras/Resources/Fonts & Materials/Anton SDF.asset using Guid(8a89fa14b10d46a99122fd4f73fca9a2) Importer(815301076,1909f56bfc062723c751e8b465ee728b)  -> (artifact id: '34dbbc821b1a58ae378884b0c1b2b032') in 0.803895 seconds
Number of updated asset objects reloaded before import = 0
Number of asset objects unloaded after import = 25
========================================================================
Received Import Request.
  Time since last request: 0.731807 seconds.
  path: Assets/Brick Project Studio/_BPS Basic Assets/Common/Textures/Basic Asset/BA_Concrete_N.png
  artifactKey: Guid(5ef54bc528dd11344b45f3c8a9aed64b) Importer(815301076,1909f56bfc062723c751e8b465ee728b)
Start importing Assets/Brick Project Studio/_BPS Basic Assets/Common/Textures/Basic Asset/BA_Concrete_N.png using Guid(5ef54bc528dd11344b45f3c8a9aed64b) Importer(815301076,1909f56bfc062723c751e8b465ee728b)  -> (artifact id: '3fdd509950a9a398d7e6d5a04f3ad441') in 0.153947 seconds
Number of updated asset objects reloaded before import = 0
Number of asset objects unloaded after import = 2
========================================================================
Received Import Request.
  Time since last request: 0.248903 seconds.
  path: Assets/Brick Project Studio/_BPS Basic Assets/Common/Textures/Basic Asset/BA_leather_A.png
  artifactKey: Guid(0c1ee1d71026ae54bbf4ce91fbd6a87a) Importer(815301076,1909f56bfc062723c751e8b465ee728b)
Start importing Assets/Brick Project Studio/_BPS Basic Assets/Common/Textures/Basic Asset/BA_leather_A.png using Guid(0c1ee1d71026ae54bbf4ce91fbd6a87a) Importer(815301076,1909f56bfc062723c751e8b465ee728b)  -> (artifact id: 'f9a897e34aae57b8b577b534d6e4adc7') in 0.202183 seconds
Number of updated asset objects reloaded before import = 0
Number of asset objects unloaded after import = 2
========================================================================
Received Import Request.
  Time since last request: 0.000052 seconds.
  path: Assets/Brick Project Studio/_BPS Basic Assets/Common/Textures/Basic Asset/BA_Marble_01_A.png
  artifactKey: Guid(533e69acad2a4a24fb387ac1f4a2548f) Importer(815301076,1909f56bfc062723c751e8b465ee728b)
Start importing Assets/Brick Project Studio/_BPS Basic Assets/Common/Textures/Basic Asset/BA_Marble_01_A.png using Guid(533e69acad2a4a24fb387ac1f4a2548f) Importer(815301076,1909f56bfc062723c751e8b465ee728b)  -> (artifact id: '9c39dd1bcf03fd78883aaad9583ca6fe') in 0.089896 seconds
Number of updated asset objects reloaded before import = 0
Number of asset objects unloaded after import = 2
========================================================================
Received Import Request.
  Time since last request: 1.609261 seconds.
  path: Assets/Brick Project Studio/_BPS Basic Assets/Common/Textures/Basic Asset/BA_Plastic_01_N.png
  artifactKey: Guid(76bd84ba642ddf0468318d675e90dfe2) Importer(815301076,1909f56bfc062723c751e8b465ee728b)
Start importing Assets/Brick Project Studio/_BPS Basic Assets/Common/Textures/Basic Asset/BA_Plastic_01_N.png using Guid(76bd84ba642ddf0468318d675e90dfe2) Importer(815301076,1909f56bfc062723c751e8b465ee728b)  -> (artifact id: '34f29d26663e8cc80f8806f4c86f2769') in 0.151818 seconds
Number of updated asset objects reloaded before import = 0
Number of asset objects unloaded after import = 2
========================================================================
Received Import Request.
  Time since last request: 0.000053 seconds.
  path: Assets/Starfield Skybox/Demo/Textures/Back_Tex.png
  artifactKey: Guid(b692a498a0379a341872703d288b04af) Importer(815301076,1909f56bfc062723c751e8b465ee728b)
Start importing Assets/Starfield Skybox/Demo/Textures/Back_Tex.png using Guid(b692a498a0379a341872703d288b04af) Importer(815301076,1909f56bfc062723c751e8b465ee728b)  -> (artifact id: 'efca54ab6103329de8a740e356e897ca') in 0.258855 seconds
Number of updated asset objects reloaded before import = 0
Number of asset objects unloaded after import = 2
========================================================================
Received Import Request.
  Time since last request: 0.310955 seconds.
  path: Assets/Brick Project Studio/_BPS Basic Assets/Common/Textures/Legacy/Concrete-normal.png
  artifactKey: Guid(7e190a8bc0493c547a469963af75222c) Importer(815301076,1909f56bfc062723c751e8b465ee728b)
Start importing Assets/Brick Project Studio/_BPS Basic Assets/Common/Textures/Legacy/Concrete-normal.png using Guid(7e190a8bc0493c547a469963af75222c) Importer(815301076,1909f56bfc062723c751e8b465ee728b)  -> (artifact id: '5a95c418620267d018f67941b30e7a43') in 0.053739 seconds
Number of updated asset objects reloaded before import = 0
Number of asset objects unloaded after import = 2
========================================================================
Received Import Request.
  Time since last request: 0.000358 seconds.
  path: Assets/Brick Project Studio/Apartment Kit/Common/Textures/Misc/Controller Screen_01_A.png
  artifactKey: Guid(7bce827c508e5884d9ca002075d8459f) Importer(815301076,1909f56bfc062723c751e8b465ee728b)
Start importing Assets/Brick Project Studio/Apartment Kit/Common/Textures/Misc/Controller Screen_01_A.png using Guid(7bce827c508e5884d9ca002075d8459f) Importer(815301076,1909f56bfc062723c751e8b465ee728b)  -> (artifact id: 'f21db09a47f95c314a674e8ba52173c6') in 0.081350 seconds
Number of updated asset objects reloaded before import = 0
Number of asset objects unloaded after import = 2
========================================================================
Received Import Request.
  Time since last request: 0.000046 seconds.
  path: Assets/Brick Project Studio/_BPS Basic Assets/Common/Textures/Legacy/Concrete-texture.png
  artifactKey: Guid(07abea599341a1742aa622a72461e995) Importer(815301076,1909f56bfc062723c751e8b465ee728b)
Start importing Assets/Brick Project Studio/_BPS Basic Assets/Common/Textures/Legacy/Concrete-texture.png using Guid(07abea599341a1742aa622a72461e995) Importer(815301076,1909f56bfc062723c751e8b465ee728b)  -> (artifact id: '12dd806949e76d33df612a2ecbfb48df') in 0.052674 seconds
Number of updated asset objects reloaded before import = 0
Number of asset objects unloaded after import = 2
========================================================================
Received Import Request.
  Time since last request: 0.247497 seconds.
  path: Assets/Easy FPS/Images/vertical_crosshir.png
  artifactKey: Guid(3f8b669e9880644cbb903f67bbc9f824) Importer(815301076,1909f56bfc062723c751e8b465ee728b)
Start importing Assets/Easy FPS/Images/vertical_crosshir.png using Guid(3f8b669e9880644cbb903f67bbc9f824) Importer(815301076,1909f56bfc062723c751e8b465ee728b)  -> (artifact id: 'e51ffdaaf0bcd4ed80eec1fb002b4fcc') in 0.050112 seconds
Number of updated asset objects reloaded before import = 0
Number of asset objects unloaded after import = 2
========================================================================
Received Prepare
Begin MonoManager ReloadAssembly
- Loaded All Assemblies, in  1.112 seconds
Refreshing native plugins compatible for Editor in 7.65 ms, found 3 plugins.
Native extension for WindowsStandalone target not found
Native extension for WebGL target not found
[Package Manager] Server::EnsureServerProcessIsRunning -- launch failed, reason: Unity was launched with the -noUpm command-line argument
[Package Manager] UpmClient::Send -- Unable to send message (not connected to UPM process).
[Package Manager] Cannot connect to Unity Package Manager local server
Mono: successfully reloaded assembly
- Finished resetting the current domain, in  3.246 seconds
Domain Reload Profiling: 4350ms
	BeginReloadAssembly (375ms)
		ExecutionOrderSort (0ms)
		DisableScriptedObjects (21ms)
		BackupInstance (0ms)
		ReleaseScriptingObjects (0ms)
		CreateAndSetChildDomain (87ms)
	RebuildCommonClasses (83ms)
	RebuildNativeTypeToScriptingClass (27ms)
	initialDomainReloadingComplete (73ms)
	LoadAllAssembliesAndSetupDomain (546ms)
		LoadAssemblies (696ms)
		RebuildTransferFunctionScriptingTraits (0ms)
		AnalyzeDomain (47ms)
			TypeCache.Refresh (16ms)
				TypeCache.ScanAssembly (0ms)
			ScanForSourceGeneratedMonoScriptInfo (0ms)
			ResolveRequiredComponents (29ms)
	FinalizeReload (3247ms)
		ReleaseScriptCaches (0ms)
		RebuildScriptCaches (0ms)
		SetupLoadedEditorAssemblies (1350ms)
			LogAssemblyErrors (0ms)
			InitializePlatformSupportModulesInManaged (22ms)
			SetLoadedEditorAssemblies (8ms)
			RefreshPlugins (0ms)
			BeforeProcessingInitializeOnLoad (206ms)
			ProcessInitializeOnLoadAttributes (932ms)
			ProcessInitializeOnLoadMethodAttributes (154ms)
			AfterProcessingInitializeOnLoad (27ms)
			EditorAssembliesLoaded (1ms)
		ExecutionOrderSort2 (0ms)
		AwakeInstancesAfterBackupRestoration (29ms)
Refreshing native plugins compatible for Editor in 9.04 ms, found 3 plugins.
Preloading 0 native plugins for Editor in 0.00 ms.
Unloading 5849 Unused Serialized files (Serialized files now loaded: 0)
Unloading 45 unused Assets / (438.7 KB). Loaded Objects now: 6608.
Memory consumption went from 209.9 MB to 209.4 MB.
Total: 12.041900 ms (FindLiveObjects: 1.547200 ms CreateObjectMapping: 0.783700 ms MarkObjects: 9.296800 ms  DeleteObjects: 0.412000 ms)

Prepare: number of updated asset objects reloaded= 0
AssetImportParameters requested are different than current active one (requested -> active):
  custom:container-demuxer-ogg: 62fdf1f143b41e24485cea50d1cbac27 -> 
  custom:video-decoder-ogg-theora: a1e56fd34408186e4bbccfd4996cb3dc -> 
  custom:framework-win-MediaFoundation: 216162199b28c13a410421893ffa2e32 -> 
  custom:CustomObjectIndexerAttribute: 4d1d7186bcbbfe361de5f0ad951e585c -> 
  custom:container-demuxer-webm: 4f35f7cbe854078d1ac9338744f61a02 -> 
  custom:container-muxer-webm: aa71ff27fc2769a1b78a27578f13a17b -> 
  custom:video-decoder-webm-vp8: 9c59270c3fd7afecdb556c50c9e8de78 -> 
  custom:SearchIndexIgnoredProperties: e643bd26f0fe6173181afceb89e7c659 -> 
  custom:AudioImporter_EditorPlatform: d09bf68614088b80899f8185d706f6e7 -> 
  custom:video-encoder-webm-vp8: eb34c28f22e8b96e1ab97ce403110664 -> 
  custom:audio-decoder-ogg-vorbis: bf7c407c2cedff20999df2af8eb42d56 -> 
  custom:audio-encoder-webm-vorbis: bf7c407c2cedff20999df2af8eb42d56 -> 
========================================================================
Received Prepare
Begin MonoManager ReloadAssembly
- Loaded All Assemblies, in  1.131 seconds
Refreshing native plugins compatible for Editor in 8.54 ms, found 3 plugins.
Native extension for WindowsStandalone target not found
Native extension for WebGL target not found
[Package Manager] Server::EnsureServerProcessIsRunning -- launch failed, reason: Unity was launched with the -noUpm command-line argument
[Package Manager] UpmClient::Send -- Unable to send message (not connected to UPM process).
[Package Manager] Cannot connect to Unity Package Manager local server
Mono: successfully reloaded assembly
- Finished resetting the current domain, in  3.251 seconds
Domain Reload Profiling: 4376ms
	BeginReloadAssembly (363ms)
		ExecutionOrderSort (0ms)
		DisableScriptedObjects (10ms)
		BackupInstance (0ms)
		ReleaseScriptingObjects (0ms)
		CreateAndSetChildDomain (84ms)
	RebuildCommonClasses (82ms)
	RebuildNativeTypeToScriptingClass (28ms)
	initialDomainReloadingComplete (74ms)
	LoadAllAssembliesAndSetupDomain (576ms)
		LoadAssemblies (726ms)
		RebuildTransferFunctionScriptingTraits (0ms)
		AnalyzeDomain (49ms)
			TypeCache.Refresh (18ms)
				TypeCache.ScanAssembly (0ms)
			ScanForSourceGeneratedMonoScriptInfo (0ms)
			ResolveRequiredComponents (28ms)
	FinalizeReload (3252ms)
		ReleaseScriptCaches (0ms)
		RebuildScriptCaches (0ms)
		SetupLoadedEditorAssemblies (1342ms)
			LogAssemblyErrors (0ms)
			InitializePlatformSupportModulesInManaged (23ms)
			SetLoadedEditorAssemblies (7ms)
			RefreshPlugins (0ms)
			BeforeProcessingInitializeOnLoad (199ms)
			ProcessInitializeOnLoadAttributes (928ms)
			ProcessInitializeOnLoadMethodAttributes (156ms)
			AfterProcessingInitializeOnLoad (27ms)
			EditorAssembliesLoaded (1ms)
		ExecutionOrderSort2 (0ms)
		AwakeInstancesAfterBackupRestoration (27ms)
Refreshing native plugins compatible for Editor in 9.22 ms, found 3 plugins.
Preloading 0 native plugins for Editor in 0.00 ms.
Unloading 5849 Unused Serialized files (Serialized files now loaded: 0)
Unloading 45 unused Assets / (454.6 KB). Loaded Objects now: 6624.
Memory consumption went from 211.7 MB to 211.3 MB.
Total: 11.426600 ms (FindLiveObjects: 1.677200 ms CreateObjectMapping: 0.642800 ms MarkObjects: 8.688000 ms  DeleteObjects: 0.416900 ms)

Prepare: number of updated asset objects reloaded= 0
AssetImportParameters requested are different than current active one (requested -> active):
  custom:container-demuxer-ogg: 62fdf1f143b41e24485cea50d1cbac27 -> 
  custom:video-decoder-ogg-theora: a1e56fd34408186e4bbccfd4996cb3dc -> 
  custom:framework-win-MediaFoundation: 216162199b28c13a410421893ffa2e32 -> 
  custom:CustomObjectIndexerAttribute: 4d1d7186bcbbfe361de5f0ad951e585c -> 
  custom:container-demuxer-webm: 4f35f7cbe854078d1ac9338744f61a02 -> 
  custom:container-muxer-webm: aa71ff27fc2769a1b78a27578f13a17b -> 
  custom:video-decoder-webm-vp8: 9c59270c3fd7afecdb556c50c9e8de78 -> 
  custom:SearchIndexIgnoredProperties: e643bd26f0fe6173181afceb89e7c659 -> 
  custom:AudioImporter_EditorPlatform: d09bf68614088b80899f8185d706f6e7 -> 
  custom:video-encoder-webm-vp8: eb34c28f22e8b96e1ab97ce403110664 -> 
  custom:audio-decoder-ogg-vorbis: bf7c407c2cedff20999df2af8eb42d56 -> 
  custom:audio-encoder-webm-vorbis: bf7c407c2cedff20999df2af8eb42d56 -> 
========================================================================
Received Prepare
Begin MonoManager ReloadAssembly
- Loaded All Assemblies, in  1.106 seconds
Refreshing native plugins compatible for Editor in 8.42 ms, found 3 plugins.
Native extension for WindowsStandalone target not found
Native extension for WebGL target not found
[Package Manager] Server::EnsureServerProcessIsRunning -- launch failed, reason: Unity was launched with the -noUpm command-line argument
[Package Manager] UpmClient::Send -- Unable to send message (not connected to UPM process).
[Package Manager] Cannot connect to Unity Package Manager local server
Mono: successfully reloaded assembly
- Finished resetting the current domain, in  3.405 seconds
Domain Reload Profiling: 4504ms
	BeginReloadAssembly (358ms)
		ExecutionOrderSort (0ms)
		DisableScriptedObjects (10ms)
		BackupInstance (0ms)
		ReleaseScriptingObjects (0ms)
		CreateAndSetChildDomain (81ms)
	RebuildCommonClasses (86ms)
	RebuildNativeTypeToScriptingClass (29ms)
	initialDomainReloadingComplete (73ms)
	LoadAllAssembliesAndSetupDomain (552ms)
		LoadAssemblies (703ms)
		RebuildTransferFunctionScriptingTraits (0ms)
		AnalyzeDomain (48ms)
			TypeCache.Refresh (17ms)
				TypeCache.ScanAssembly (0ms)
			ScanForSourceGeneratedMonoScriptInfo (0ms)
			ResolveRequiredComponents (28ms)
	FinalizeReload (3406ms)
		ReleaseScriptCaches (0ms)
		RebuildScriptCaches (0ms)
		SetupLoadedEditorAssemblies (1427ms)
			LogAssemblyErrors (0ms)
			InitializePlatformSupportModulesInManaged (23ms)
			SetLoadedEditorAssemblies (8ms)
			RefreshPlugins (0ms)
			BeforeProcessingInitializeOnLoad (206ms)
			ProcessInitializeOnLoadAttributes (994ms)
			ProcessInitializeOnLoadMethodAttributes (169ms)
			AfterProcessingInitializeOnLoad (26ms)
			EditorAssembliesLoaded (1ms)
		ExecutionOrderSort2 (0ms)
		AwakeInstancesAfterBackupRestoration (29ms)
Refreshing native plugins compatible for Editor in 9.88 ms, found 3 plugins.
Preloading 0 native plugins for Editor in 0.00 ms.
Unloading 5849 Unused Serialized files (Serialized files now loaded: 0)
Unloading 45 unused Assets / (454.7 KB). Loaded Objects now: 6640.
Memory consumption went from 213.7 MB to 213.2 MB.
Total: 13.921600 ms (FindLiveObjects: 2.196100 ms CreateObjectMapping: 0.936300 ms MarkObjects: 10.258600 ms  DeleteObjects: 0.528500 ms)

Prepare: number of updated asset objects reloaded= 0
AssetImportParameters requested are different than current active one (requested -> active):
  custom:container-demuxer-ogg: 62fdf1f143b41e24485cea50d1cbac27 -> 
  custom:video-decoder-ogg-theora: a1e56fd34408186e4bbccfd4996cb3dc -> 
  custom:framework-win-MediaFoundation: 216162199b28c13a410421893ffa2e32 -> 
  custom:CustomObjectIndexerAttribute: 4d1d7186bcbbfe361de5f0ad951e585c -> 
  custom:container-demuxer-webm: 4f35f7cbe854078d1ac9338744f61a02 -> 
  custom:container-muxer-webm: aa71ff27fc2769a1b78a27578f13a17b -> 
  custom:video-decoder-webm-vp8: 9c59270c3fd7afecdb556c50c9e8de78 -> 
  custom:SearchIndexIgnoredProperties: e643bd26f0fe6173181afceb89e7c659 -> 
  custom:AudioImporter_EditorPlatform: d09bf68614088b80899f8185d706f6e7 -> 
  custom:video-encoder-webm-vp8: eb34c28f22e8b96e1ab97ce403110664 -> 
  custom:audio-decoder-ogg-vorbis: bf7c407c2cedff20999df2af8eb42d56 -> 
  custom:audio-encoder-webm-vorbis: bf7c407c2cedff20999df2af8eb42d56 -> 
========================================================================
Received Prepare
Begin MonoManager ReloadAssembly
- Loaded All Assemblies, in  1.219 seconds
Refreshing native plugins compatible for Editor in 8.30 ms, found 3 plugins.
Native extension for WindowsStandalone target not found
Native extension for WebGL target not found
[Package Manager] Server::EnsureServerProcessIsRunning -- launch failed, reason: Unity was launched with the -noUpm command-line argument
[Package Manager] UpmClient::Send -- Unable to send message (not connected to UPM process).
[Package Manager] Cannot connect to Unity Package Manager local server
Mono: successfully reloaded assembly
- Finished resetting the current domain, in  3.351 seconds
Domain Reload Profiling: 4563ms
	BeginReloadAssembly (387ms)
		ExecutionOrderSort (0ms)
		DisableScriptedObjects (11ms)
		BackupInstance (0ms)
		ReleaseScriptingObjects (0ms)
		CreateAndSetChildDomain (87ms)
	RebuildCommonClasses (92ms)
	RebuildNativeTypeToScriptingClass (28ms)
	initialDomainReloadingComplete (83ms)
	LoadAllAssembliesAndSetupDomain (620ms)
		LoadAssemblies (785ms)
		RebuildTransferFunctionScriptingTraits (0ms)
		AnalyzeDomain (52ms)
			TypeCache.Refresh (20ms)
				TypeCache.ScanAssembly (0ms)
			ScanForSourceGeneratedMonoScriptInfo (0ms)
			ResolveRequiredComponents (30ms)
	FinalizeReload (3352ms)
		ReleaseScriptCaches (0ms)
		RebuildScriptCaches (0ms)
		SetupLoadedEditorAssemblies (1436ms)
			LogAssemblyErrors (0ms)
			InitializePlatformSupportModulesInManaged (40ms)
			SetLoadedEditorAssemblies (8ms)
			RefreshPlugins (0ms)
			BeforeProcessingInitializeOnLoad (207ms)
			ProcessInitializeOnLoadAttributes (987ms)
			ProcessInitializeOnLoadMethodAttributes (163ms)
			AfterProcessingInitializeOnLoad (31ms)
			EditorAssembliesLoaded (1ms)
		ExecutionOrderSort2 (0ms)
		AwakeInstancesAfterBackupRestoration (30ms)
Refreshing native plugins compatible for Editor in 9.17 ms, found 3 plugins.
Preloading 0 native plugins for Editor in 0.00 ms.
Unloading 5849 Unused Serialized files (Serialized files now loaded: 0)
Unloading 45 unused Assets / (438.7 KB). Loaded Objects now: 6656.
Memory consumption went from 215.5 MB to 215.1 MB.
Total: 13.070500 ms (FindLiveObjects: 1.998200 ms CreateObjectMapping: 0.956300 ms MarkObjects: 9.699500 ms  DeleteObjects: 0.414200 ms)

Prepare: number of updated asset objects reloaded= 0
AssetImportParameters requested are different than current active one (requested -> active):
  custom:container-demuxer-ogg: 62fdf1f143b41e24485cea50d1cbac27 -> 
  custom:video-decoder-ogg-theora: a1e56fd34408186e4bbccfd4996cb3dc -> 
  custom:framework-win-MediaFoundation: 216162199b28c13a410421893ffa2e32 -> 
  custom:CustomObjectIndexerAttribute: 4d1d7186bcbbfe361de5f0ad951e585c -> 
  custom:container-demuxer-webm: 4f35f7cbe854078d1ac9338744f61a02 -> 
  custom:container-muxer-webm: aa71ff27fc2769a1b78a27578f13a17b -> 
  custom:video-decoder-webm-vp8: 9c59270c3fd7afecdb556c50c9e8de78 -> 
  custom:SearchIndexIgnoredProperties: e643bd26f0fe6173181afceb89e7c659 -> 
  custom:AudioImporter_EditorPlatform: d09bf68614088b80899f8185d706f6e7 -> 
  custom:video-encoder-webm-vp8: eb34c28f22e8b96e1ab97ce403110664 -> 
  custom:audio-decoder-ogg-vorbis: bf7c407c2cedff20999df2af8eb42d56 -> 
  custom:audio-encoder-webm-vorbis: bf7c407c2cedff20999df2af8eb42d56 -> 
========================================================================
Received Import Request.
  Time since last request: 1184.479849 seconds.
  path: Assets/Brick Project Studio/_BPS Basic Assets/Common/Textures/Basic Asset/BA_Metal_Brushed_01_N.png
  artifactKey: Guid(28ff0b5cb9b51034a977bc2116ddfe2e) Importer(815301076,1909f56bfc062723c751e8b465ee728b)
Start importing Assets/Brick Project Studio/_BPS Basic Assets/Common/Textures/Basic Asset/BA_Metal_Brushed_01_N.png using Guid(28ff0b5cb9b51034a977bc2116ddfe2e) Importer(815301076,1909f56bfc062723c751e8b465ee728b)  -> (artifact id: '822ed1d8616cf8a7aa9007a23d1647f2') in 0.160202 seconds
Number of updated asset objects reloaded before import = 0
Number of asset objects unloaded after import = 2
========================================================================
Received Import Request.
  Time since last request: 0.409691 seconds.
  path: Assets/Brick Project Studio/_BPS Basic Assets/Common/Textures/Basic Asset/BA_Wood_01_N.png
  artifactKey: Guid(fde87c062cbc94047927dc231c09fbe4) Importer(815301076,1909f56bfc062723c751e8b465ee728b)
Start importing Assets/Brick Project Studio/_BPS Basic Assets/Common/Textures/Basic Asset/BA_Wood_01_N.png using Guid(fde87c062cbc94047927dc231c09fbe4) Importer(815301076,1909f56bfc062723c751e8b465ee728b)  -> (artifact id: '7689dc711eceb61d9af9ba4c454739df') in 0.079247 seconds
Number of updated asset objects reloaded before import = 0
Number of asset objects unloaded after import = 2
========================================================================
Received Import Request.
  Time since last request: 0.000039 seconds.
  path: Assets/TextMesh Pro/Examples & Extras/Resources/Fonts & Materials/Bangers SDF.asset
  artifactKey: Guid(125cb55b44b24c4393181402bc6200e6) Importer(815301076,1909f56bfc062723c751e8b465ee728b)
Start importing Assets/TextMesh Pro/Examples & Extras/Resources/Fonts & Materials/Bangers SDF.asset using Guid(125cb55b44b24c4393181402bc6200e6) Importer(815301076,1909f56bfc062723c751e8b465ee728b)  -> (artifact id: '8d224b9cd1dbe2fbbb89186143ea51b3') in 0.728048 seconds
Number of updated asset objects reloaded before import = 0
Number of asset objects unloaded after import = 25
========================================================================
Received Import Request.
  Time since last request: 0.000058 seconds.
  path: Assets/Brick Project Studio/Apartment Kit/Common/Textures/Surface/BathroomMat_01_N.png
  artifactKey: Guid(c21778f00b02c4342b7baa62a9e47e02) Importer(815301076,1909f56bfc062723c751e8b465ee728b)
Start importing Assets/Brick Project Studio/Apartment Kit/Common/Textures/Surface/BathroomMat_01_N.png using Guid(c21778f00b02c4342b7baa62a9e47e02) Importer(815301076,1909f56bfc062723c751e8b465ee728b)  -> (artifact id: '002775af5e9d9085be850e1dc8a5588c') in 0.065430 seconds
Number of updated asset objects reloaded before import = 0
Number of asset objects unloaded after import = 2
========================================================================
Received Import Request.
  Time since last request: 1.660117 seconds.
  path: Assets/Brick Project Studio/Apartment Kit/Common/Textures/Surface/BR_Tile_01_A.png
  artifactKey: Guid(3784f8a002796f147be3cecd94715be1) Importer(815301076,1909f56bfc062723c751e8b465ee728b)
Start importing Assets/Brick Project Studio/Apartment Kit/Common/Textures/Surface/BR_Tile_01_A.png using Guid(3784f8a002796f147be3cecd94715be1) Importer(815301076,1909f56bfc062723c751e8b465ee728b)  -> (artifact id: 'd8d9ea1e56d08e6c908945b2e9eb95bd') in 0.178021 seconds
Number of updated asset objects reloaded before import = 0
Number of asset objects unloaded after import = 2
========================================================================
Received Import Request.
  Time since last request: 1.312384 seconds.
  path: Assets/Brick Project Studio/_BPS Basic Assets/Common/Textures/Brick Project Studio  Icon.png
  artifactKey: Guid(9d27820131b0e99458aa15c850393b95) Importer(815301076,1909f56bfc062723c751e8b465ee728b)
Start importing Assets/Brick Project Studio/_BPS Basic Assets/Common/Textures/Brick Project Studio  Icon.png using Guid(9d27820131b0e99458aa15c850393b95) Importer(815301076,1909f56bfc062723c751e8b465ee728b)  -> (artifact id: '389ee6d162529b088be0115366e727eb') in 0.043023 seconds
Number of updated asset objects reloaded before import = 0
Number of asset objects unloaded after import = 2
========================================================================
Received Import Request.
  Time since last request: 0.000046 seconds.
  path: Assets/Brick Project Studio/Apartment Kit/Common/Textures/Surface/BrushedMetal_A.png
  artifactKey: Guid(f777047004de95f4ba34895907052505) Importer(815301076,1909f56bfc062723c751e8b465ee728b)
Start importing Assets/Brick Project Studio/Apartment Kit/Common/Textures/Surface/BrushedMetal_A.png using Guid(f777047004de95f4ba34895907052505) Importer(815301076,1909f56bfc062723c751e8b465ee728b)  -> (artifact id: '89df26341f108e7da25b88ffe5a3309b') in 0.052601 seconds
Number of updated asset objects reloaded before import = 0
Number of asset objects unloaded after import = 2
========================================================================
Received Import Request.
  Time since last request: 0.402322 seconds.
  path: Assets/Brick Project Studio/Apartment Kit/Common/Textures/Surface/BrushedMetal_N.png
  artifactKey: Guid(9c068687252a67747a8ff9e098cbf47b) Importer(815301076,1909f56bfc062723c751e8b465ee728b)
Start importing Assets/Brick Project Studio/Apartment Kit/Common/Textures/Surface/BrushedMetal_N.png using Guid(9c068687252a67747a8ff9e098cbf47b) Importer(815301076,1909f56bfc062723c751e8b465ee728b)  -> (artifact id: '185f5bfaa3af53114effceee035eee20') in 0.082334 seconds
Number of updated asset objects reloaded before import = 0
Number of asset objects unloaded after import = 2
========================================================================
Received Import Request.
  Time since last request: 0.000051 seconds.
  path: Assets/Brick Project Studio/_BPS Basic Assets/Common/Textures/Legacy/Building Floor Tile - 01.png
  artifactKey: Guid(ad19f5ff4e0a2814ebd9b97d269bcf06) Importer(815301076,1909f56bfc062723c751e8b465ee728b)
Start importing Assets/Brick Project Studio/_BPS Basic Assets/Common/Textures/Legacy/Building Floor Tile - 01.png using Guid(ad19f5ff4e0a2814ebd9b97d269bcf06) Importer(815301076,1909f56bfc062723c751e8b465ee728b)  -> (artifact id: '6c0b7eaa7834e3fca99af5c5c1c1eeaa') in 0.081795 seconds
Number of updated asset objects reloaded before import = 0
Number of asset objects unloaded after import = 2
========================================================================
Received Import Request.
  Time since last request: 0.526049 seconds.
  path: Assets/Easy FPS/Images/bulllet_hole.png
  artifactKey: Guid(2026a6500a4444ec692f3e43ab5ffd5d) Importer(815301076,1909f56bfc062723c751e8b465ee728b)
Start importing Assets/Easy FPS/Images/bulllet_hole.png using Guid(2026a6500a4444ec692f3e43ab5ffd5d) Importer(815301076,1909f56bfc062723c751e8b465ee728b)  -> (artifact id: 'e05a9bd3326ef9f52e3c39428c5640c6') in 0.046629 seconds
Number of updated asset objects reloaded before import = 0
Number of asset objects unloaded after import = 2
========================================================================
Received Import Request.
  Time since last request: 0.000045 seconds.
  path: Assets/Brick Project Studio/Apartment Kit/Common/Textures/Surface/Burlap_01_A.png
  artifactKey: Guid(3e34cde6de0ecce4183b7f04b0d704ae) Importer(815301076,1909f56bfc062723c751e8b465ee728b)
Start importing Assets/Brick Project Studio/Apartment Kit/Common/Textures/Surface/Burlap_01_A.png using Guid(3e34cde6de0ecce4183b7f04b0d704ae) Importer(815301076,1909f56bfc062723c751e8b465ee728b)  -> (artifact id: '424a352372c5ed229e1fc8c861f49b59') in 0.073685 seconds
Number of updated asset objects reloaded before import = 0
Number of asset objects unloaded after import = 2
========================================================================
Received Import Request.
  Time since last request: 0.550430 seconds.
  path: Assets/Brick Project Studio/Apartment Kit/Common/Textures/Misc/Canvas_Nat_03-04.png
  artifactKey: Guid(5a1c12256f635c1409e89d1bdb570366) Importer(815301076,1909f56bfc062723c751e8b465ee728b)
Start importing Assets/Brick Project Studio/Apartment Kit/Common/Textures/Misc/Canvas_Nat_03-04.png using Guid(5a1c12256f635c1409e89d1bdb570366) Importer(815301076,1909f56bfc062723c751e8b465ee728b)  -> (artifact id: '8f975bf6aa4279e0c187a21bcaf0ae54') in 0.151822 seconds
Number of updated asset objects reloaded before import = 0
Number of asset objects unloaded after import = 2
========================================================================
Received Import Request.
  Time since last request: 0.000048 seconds.
  path: Assets/Brick Project Studio/Apartment Kit/Common/Textures/Misc/Canvas_Nat_05.png
  artifactKey: Guid(546c013b9fb8177449c424e4835bbc51) Importer(815301076,1909f56bfc062723c751e8b465ee728b)
Start importing Assets/Brick Project Studio/Apartment Kit/Common/Textures/Misc/Canvas_Nat_05.png using Guid(546c013b9fb8177449c424e4835bbc51) Importer(815301076,1909f56bfc062723c751e8b465ee728b)  -> (artifact id: '46fe2196c49da3bf8feafe2e314da32d') in 0.107108 seconds
Number of updated asset objects reloaded before import = 0
Number of asset objects unloaded after import = 2
========================================================================
Received Import Request.
  Time since last request: 0.525295 seconds.
  path: Assets/Brick Project Studio/Apartment Kit/Common/Textures/Surface/CastIron_A.png
  artifactKey: Guid(519900fa9d01e9a43a245c4795c2170e) Importer(815301076,1909f56bfc062723c751e8b465ee728b)
Start importing Assets/Brick Project Studio/Apartment Kit/Common/Textures/Surface/CastIron_A.png using Guid(519900fa9d01e9a43a245c4795c2170e) Importer(815301076,1909f56bfc062723c751e8b465ee728b)  -> (artifact id: '713574ea50fdbeb04801cea7c059c160') in 0.073693 seconds
Number of updated asset objects reloaded before import = 0
Number of asset objects unloaded after import = 2
========================================================================
Received Import Request.
  Time since last request: 0.000043 seconds.
  path: Assets/Brick Project Studio/Apartment Kit/Common/Textures/Surface/CastIron_M.png
  artifactKey: Guid(60fe05f4313f9a743a60a9520b20834a) Importer(815301076,1909f56bfc062723c751e8b465ee728b)
Start importing Assets/Brick Project Studio/Apartment Kit/Common/Textures/Surface/CastIron_M.png using Guid(60fe05f4313f9a743a60a9520b20834a) Importer(815301076,1909f56bfc062723c751e8b465ee728b)  -> (artifact id: 'c3039f21841057a57f88098b32a23d3f') in 0.051790 seconds
Number of updated asset objects reloaded before import = 0
Number of asset objects unloaded after import = 2
========================================================================
Received Import Request.
  Time since last request: 0.049400 seconds.
  path: Assets/Brick Project Studio/_BPS Basic Assets/Common/Textures/Legacy/ceiling.png
  artifactKey: Guid(2a909c6b0c3249d4b8fc74ae5d6d52dd) Importer(815301076,1909f56bfc062723c751e8b465ee728b)
Start importing Assets/Brick Project Studio/_BPS Basic Assets/Common/Textures/Legacy/ceiling.png using Guid(2a909c6b0c3249d4b8fc74ae5d6d52dd) Importer(815301076,1909f56bfc062723c751e8b465ee728b)  -> (artifact id: '2578d3ba40367cdd4c80b76c356a11bf') in 0.049060 seconds
Number of updated asset objects reloaded before import = 0
Number of asset objects unloaded after import = 2
========================================================================
Received Import Request.
  Time since last request: 0.435590 seconds.
  path: Assets/3rdPerson+Fly/Textures/char_shadow_darker.png
  artifactKey: Guid(d585d2695f979e542b4bd075efd2bcc4) Importer(815301076,1909f56bfc062723c751e8b465ee728b)
Start importing Assets/3rdPerson+Fly/Textures/char_shadow_darker.png using Guid(d585d2695f979e542b4bd075efd2bcc4) Importer(815301076,1909f56bfc062723c751e8b465ee728b)  -> (artifact id: 'a3cf9b99dd71486431b4d52d9305ae84') in 0.050103 seconds
Number of updated asset objects reloaded before import = 0
Number of asset objects unloaded after import = 2
========================================================================
Received Import Request.
  Time since last request: 0.000046 seconds.
  path: Assets/3rdPerson+Fly/Textures/char_shadow_ligther.png
  artifactKey: Guid(5fa5f49fd43855249b3637ed79c7706a) Importer(815301076,1909f56bfc062723c751e8b465ee728b)
Start importing Assets/3rdPerson+Fly/Textures/char_shadow_ligther.png using Guid(5fa5f49fd43855249b3637ed79c7706a) Importer(815301076,1909f56bfc062723c751e8b465ee728b)  -> (artifact id: 'e13811f642eaef39875e235850ec1287') in 0.066363 seconds
Number of updated asset objects reloaded before import = 0
Number of asset objects unloaded after import = 2
========================================================================
Received Import Request.
  Time since last request: 0.236986 seconds.
  path: Assets/Samples/Universal RP/13.1.8/URP Package Samples/SharedAssets/Textures/Checker.png
  artifactKey: Guid(26a0dfdea3e2a466d97d51af0372a6c5) Importer(815301076,1909f56bfc062723c751e8b465ee728b)
Start importing Assets/Samples/Universal RP/13.1.8/URP Package Samples/SharedAssets/Textures/Checker.png using Guid(26a0dfdea3e2a466d97d51af0372a6c5) Importer(815301076,1909f56bfc062723c751e8b465ee728b)  -> (artifact id: 'b5c56d262ff39e69ab8eaec3e8dda221') in 0.048353 seconds
Number of updated asset objects reloaded before import = 0
Number of asset objects unloaded after import = 2
========================================================================
Received Import Request.
  Time since last request: 0.000044 seconds.
  path: Assets/Stylized_Astronaut/Demo/Materials/Checker_Tex.png
  artifactKey: Guid(38d2b9d9f4ace25459ab950a9859f920) Importer(815301076,1909f56bfc062723c751e8b465ee728b)
Start importing Assets/Stylized_Astronaut/Demo/Materials/Checker_Tex.png using Guid(38d2b9d9f4ace25459ab950a9859f920) Importer(815301076,1909f56bfc062723c751e8b465ee728b)  -> (artifact id: 'f22b568ccbf546cd5e08850744fb0d42') in 0.046646 seconds
Number of updated asset objects reloaded before import = 0
Number of asset objects unloaded after import = 2
========================================================================
Received Import Request.
  Time since last request: 0.000043 seconds.
  path: Assets/Samples/Universal RP/13.1.8/URP Package Samples/Shaders/Lit/Textures/Coins_Base.png
  artifactKey: Guid(b163bf2a288dd46efa3cc7460d5f9cd8) Importer(815301076,1909f56bfc062723c751e8b465ee728b)
Start importing Assets/Samples/Universal RP/13.1.8/URP Package Samples/Shaders/Lit/Textures/Coins_Base.png using Guid(b163bf2a288dd46efa3cc7460d5f9cd8) Importer(815301076,1909f56bfc062723c751e8b465ee728b)  -> (artifact id: '9470f1cff60bee3b7e98d60612677474') in 0.061348 seconds
Number of updated asset objects reloaded before import = 0
Number of asset objects unloaded after import = 2
========================================================================
Received Import Request.
  Time since last request: 0.000089 seconds.
  path: Assets/Samples/Universal RP/13.1.8/URP Package Samples/Shaders/Lit/Textures/Coins_Emission.png
  artifactKey: Guid(cf0d2fe215a8b47b0bccff3401e2e62c) Importer(815301076,1909f56bfc062723c751e8b465ee728b)
Start importing Assets/Samples/Universal RP/13.1.8/URP Package Samples/Shaders/Lit/Textures/Coins_Emission.png using Guid(cf0d2fe215a8b47b0bccff3401e2e62c) Importer(815301076,1909f56bfc062723c751e8b465ee728b)  -> (artifact id: '7697c0fd5f1b55c9791ee0a58a04e168') in 0.103242 seconds
Number of updated asset objects reloaded before import = 0
Number of asset objects unloaded after import = 2
========================================================================
Received Import Request.
  Time since last request: 0.496751 seconds.
  path: Assets/Samples/Universal RP/13.1.8/URP Package Samples/Shaders/Lit/Textures/Coins_Metallic.png
  artifactKey: Guid(99788167ab72747b18d1af46e93de3d1) Importer(815301076,1909f56bfc062723c751e8b465ee728b)
Start importing Assets/Samples/Universal RP/13.1.8/URP Package Samples/Shaders/Lit/Textures/Coins_Metallic.png using Guid(99788167ab72747b18d1af46e93de3d1) Importer(815301076,1909f56bfc062723c751e8b465ee728b)  -> (artifact id: 'c947d84163260bdc7f9512560f184fbf') in 0.087207 seconds
Number of updated asset objects reloaded before import = 0
Number of asset objects unloaded after import = 2
========================================================================
Received Import Request.
  Time since last request: 0.045535 seconds.
  path: Assets/Samples/Universal RP/13.1.8/URP Package Samples/Shaders/Lit/Textures/Coins_Normal.png
  artifactKey: Guid(024ea8a6f555f4b25916e47645944851) Importer(815301076,1909f56bfc062723c751e8b465ee728b)
Start importing Assets/Samples/Universal RP/13.1.8/URP Package Samples/Shaders/Lit/Textures/Coins_Normal.png using Guid(024ea8a6f555f4b25916e47645944851) Importer(815301076,1909f56bfc062723c751e8b465ee728b)  -> (artifact id: '6ee8d5bd34d4f02deb07ad9a2c6e5d3c') in 0.104621 seconds
Number of updated asset objects reloaded before import = 0
Number of asset objects unloaded after import = 2
========================================================================
Received Import Request.
  Time since last request: 2.043831 seconds.
  path: Assets/Brick Project Studio/Apartment Kit/Common/Textures/Misc/Colors_apt_02_N.png
  artifactKey: Guid(5ab1704465c86f547adfee08c8bf0327) Importer(815301076,1909f56bfc062723c751e8b465ee728b)
Start importing Assets/Brick Project Studio/Apartment Kit/Common/Textures/Misc/Colors_apt_02_N.png using Guid(5ab1704465c86f547adfee08c8bf0327) Importer(815301076,1909f56bfc062723c751e8b465ee728b)  -> (artifact id: '5da1208f3bd93261d23740160cd4d08c') in 0.059714 seconds
Number of updated asset objects reloaded before import = 0
Number of asset objects unloaded after import = 2
========================================================================
Received Import Request.
  Time since last request: 1.458380 seconds.
  path: Assets/Brick Project Studio/Apartment Kit/Common/Textures/Surface/CT_Marble_01_A.png
  artifactKey: Guid(8bda7c52bef951a48a04b29d6d730922) Importer(815301076,1909f56bfc062723c751e8b465ee728b)
Start importing Assets/Brick Project Studio/Apartment Kit/Common/Textures/Surface/CT_Marble_01_A.png using Guid(8bda7c52bef951a48a04b29d6d730922) Importer(815301076,1909f56bfc062723c751e8b465ee728b)  -> (artifact id: '81610818b12f275787c339a3919c6579') in 0.079075 seconds
Number of updated asset objects reloaded before import = 0
Number of asset objects unloaded after import = 2
========================================================================
Received Import Request.
  Time since last request: 0.318175 seconds.
  path: Assets/Brick Project Studio/Apartment Kit/Common/Textures/Misc/DisfusedVase_01.png
  artifactKey: Guid(7a1f0a4cdc44c134c918ac7f2aafd911) Importer(815301076,1909f56bfc062723c751e8b465ee728b)
Start importing Assets/Brick Project Studio/Apartment Kit/Common/Textures/Misc/DisfusedVase_01.png using Guid(7a1f0a4cdc44c134c918ac7f2aafd911) Importer(815301076,1909f56bfc062723c751e8b465ee728b)  -> (artifact id: '98d1d5fefae03d0cec80438f7ced48f0') in 0.063228 seconds
Number of updated asset objects reloaded before import = 0
Number of asset objects unloaded after import = 2
========================================================================
Received Import Request.
  Time since last request: 0.253494 seconds.
  path: Assets/Brick Project Studio/Apartment Kit/Common/Textures/Misc/DoorMat_01_N.png
  artifactKey: Guid(48c0f9d0cc125f34a86acacfc45992b1) Importer(815301076,1909f56bfc062723c751e8b465ee728b)
Start importing Assets/Brick Project Studio/Apartment Kit/Common/Textures/Misc/DoorMat_01_N.png using Guid(48c0f9d0cc125f34a86acacfc45992b1) Importer(815301076,1909f56bfc062723c751e8b465ee728b)  -> (artifact id: '4861ca88cc6fd37efab931eac6e644b0') in 0.066439 seconds
Number of updated asset objects reloaded before import = 0
Number of asset objects unloaded after import = 2
========================================================================
Received Import Request.
  Time since last request: 2.074816 seconds.
  path: Assets/3rdPerson+Fly/Textures/env_DarkTile.png
  artifactKey: Guid(121916f4a6aaeb449ab44e28dc1d9ab3) Importer(815301076,1909f56bfc062723c751e8b465ee728b)
Start importing Assets/3rdPerson+Fly/Textures/env_DarkTile.png using Guid(121916f4a6aaeb449ab44e28dc1d9ab3) Importer(815301076,1909f56bfc062723c751e8b465ee728b)  -> (artifact id: '6bcddddd1837a66909a885bb2ccbdc8c') in 0.052811 seconds
Number of updated asset objects reloaded before import = 0
Number of asset objects unloaded after import = 2
========================================================================
Received Import Request.
  Time since last request: 0.000042 seconds.
  path: Assets/Brick Project Studio/Apartment Kit/Common/Textures/Interior Exterior/Ext_Apt_WallFloor_01_A.png
  artifactKey: Guid(ee1c712c3dfc8a543ab726de64648deb) Importer(815301076,1909f56bfc062723c751e8b465ee728b)
Start importing Assets/Brick Project Studio/Apartment Kit/Common/Textures/Interior Exterior/Ext_Apt_WallFloor_01_A.png using Guid(ee1c712c3dfc8a543ab726de64648deb) Importer(815301076,1909f56bfc062723c751e8b465ee728b)  -> (artifact id: 'a87099ca82499c76a97257f3a586720b') in 0.253317 seconds
Number of updated asset objects reloaded before import = 0
Number of asset objects unloaded after import = 2
========================================================================
Received Import Request.
  Time since last request: 0.210092 seconds.
  path: Assets/Brick Project Studio/Apartment Kit/Common/Textures/Surface/Fabric_01_A.png
  artifactKey: Guid(e9783abdcac23084985c08e4d4dade3b) Importer(815301076,1909f56bfc062723c751e8b465ee728b)
Start importing Assets/Brick Project Studio/Apartment Kit/Common/Textures/Surface/Fabric_01_A.png using Guid(e9783abdcac23084985c08e4d4dade3b) Importer(815301076,1909f56bfc062723c751e8b465ee728b)  -> (artifact id: '354c312956f10c5ee311eca0b75eb858') in 0.379914 seconds
Number of updated asset objects reloaded before import = 0
Number of asset objects unloaded after import = 2
========================================================================
Received Import Request.
  Time since last request: 0.000047 seconds.
  path: Assets/Brick Project Studio/Apartment Kit/Common/Textures/Surface/Fabric_01_AO.png
  artifactKey: Guid(4fa1c9ead8b6eb94da2389d7898b0e61) Importer(815301076,1909f56bfc062723c751e8b465ee728b)
Start importing Assets/Brick Project Studio/Apartment Kit/Common/Textures/Surface/Fabric_01_AO.png using Guid(4fa1c9ead8b6eb94da2389d7898b0e61) Importer(815301076,1909f56bfc062723c751e8b465ee728b)  -> (artifact id: 'f40158030b0be691118839dd5b512068') in 0.060965 seconds
Number of updated asset objects reloaded before import = 0
Number of asset objects unloaded after import = 2
========================================================================
Received Import Request.
  Time since last request: 0.621208 seconds.
  path: Assets/Brick Project Studio/Apartment Kit/Common/Textures/Surface/FabricShadeGlow_A.png
  artifactKey: Guid(7a64650033ac05447acbadbe68bf5324) Importer(815301076,1909f56bfc062723c751e8b465ee728b)
Start importing Assets/Brick Project Studio/Apartment Kit/Common/Textures/Surface/FabricShadeGlow_A.png using Guid(7a64650033ac05447acbadbe68bf5324) Importer(815301076,1909f56bfc062723c751e8b465ee728b)  -> (artifact id: 'ac3c833778bf232d38b7c8d3aedf34c1') in 0.061747 seconds
Number of updated asset objects reloaded before import = 0
Number of asset objects unloaded after import = 2
========================================================================
Received Import Request.
  Time since last request: 0.540000 seconds.
  path: Assets/Brick Project Studio/_BPS Basic Assets/Common/Textures/Fire/Fire_Texture_02_ADD.tga
  artifactKey: Guid(e3fbc8a570c365347b4caff594f25a12) Importer(815301076,1909f56bfc062723c751e8b465ee728b)
Start importing Assets/Brick Project Studio/_BPS Basic Assets/Common/Textures/Fire/Fire_Texture_02_ADD.tga using Guid(e3fbc8a570c365347b4caff594f25a12) Importer(815301076,1909f56bfc062723c751e8b465ee728b)  -> (artifact id: 'aaa3876ee9ae2a503ea719d9121d9722') in 0.061219 seconds
Number of updated asset objects reloaded before import = 0
Number of asset objects unloaded after import = 2
========================================================================
Received Import Request.
  Time since last request: 0.000044 seconds.
  path: Assets/Brick Project Studio/_BPS Basic Assets/Common/Textures/Legacy/Floor.png
  artifactKey: Guid(ca6c7e19f0ffcd348961b68ecb61461c) Importer(815301076,1909f56bfc062723c751e8b465ee728b)
Start importing Assets/Brick Project Studio/_BPS Basic Assets/Common/Textures/Legacy/Floor.png using Guid(ca6c7e19f0ffcd348961b68ecb61461c) Importer(815301076,1909f56bfc062723c751e8b465ee728b)  -> (artifact id: '3315172c0cfa1889b49ef7248618671d') in 0.075408 seconds
Number of updated asset objects reloaded before import = 0
Number of asset objects unloaded after import = 2
========================================================================
Received Import Request.
  Time since last request: 1.880392 seconds.
  path: Assets/Brick Project Studio/Apartment Kit/Common/Textures/Misc/GameConsole_01_A.png
  artifactKey: Guid(074c28f4b5334064caf66caa002ae822) Importer(815301076,1909f56bfc062723c751e8b465ee728b)
Start importing Assets/Brick Project Studio/Apartment Kit/Common/Textures/Misc/GameConsole_01_A.png using Guid(074c28f4b5334064caf66caa002ae822) Importer(815301076,1909f56bfc062723c751e8b465ee728b)  -> (artifact id: '13f8951ac684cca30ead15f86f98cb50') in 0.248001 seconds
Number of updated asset objects reloaded before import = 0
Number of asset objects unloaded after import = 2
========================================================================
Received Import Request.
  Time since last request: 0.301133 seconds.
  path: Assets/Easy FPS/Model_Animations_Textures/main character/Textures/Hands_Albedo.png
  artifactKey: Guid(e24eaabb02b65064e9b551f2517d09d3) Importer(815301076,1909f56bfc062723c751e8b465ee728b)
Start importing Assets/Easy FPS/Model_Animations_Textures/main character/Textures/Hands_Albedo.png using Guid(e24eaabb02b65064e9b551f2517d09d3) Importer(815301076,1909f56bfc062723c751e8b465ee728b)  -> (artifact id: '80ac7a18b91ecabbca64e82b4a0bae0a') in 0.059615 seconds
Number of updated asset objects reloaded before import = 0
Number of asset objects unloaded after import = 2
========================================================================
Received Import Request.
  Time since last request: 43.408563 seconds.
  path: Assets/Brick Project Studio/Apartment Kit/Common/Textures/Interior Exterior/Int_Apt_01_A.png
  artifactKey: Guid(1b1d6a4d760591e49b71fd4d6e2cc5f9) Importer(815301076,1909f56bfc062723c751e8b465ee728b)
Start importing Assets/Brick Project Studio/Apartment Kit/Common/Textures/Interior Exterior/Int_Apt_01_A.png using Guid(1b1d6a4d760591e49b71fd4d6e2cc5f9) Importer(815301076,1909f56bfc062723c751e8b465ee728b)  -> (artifact id: '802777253a4ff732bd279f3bd8a19867') in 0.105175 seconds
Number of updated asset objects reloaded before import = 0
Number of asset objects unloaded after import = 2
========================================================================
Received Import Request.
  Time since last request: 0.834836 seconds.
  path: Assets/Brick Project Studio/Apartment Kit/Common/Textures/Interior Exterior/Int_Apt_01_N.png
  artifactKey: Guid(52cab35fc66c35d47b73fd24748c768b) Importer(815301076,1909f56bfc062723c751e8b465ee728b)
Start importing Assets/Brick Project Studio/Apartment Kit/Common/Textures/Interior Exterior/Int_Apt_01_N.png using Guid(52cab35fc66c35d47b73fd24748c768b) Importer(815301076,1909f56bfc062723c751e8b465ee728b)  -> (artifact id: '0430af0c04922664a86edd409a5565dc') in 0.123684 seconds
Number of updated asset objects reloaded before import = 0
Number of asset objects unloaded after import = 2
========================================================================
Received Import Request.
  Time since last request: 1.262158 seconds.
  path: Assets/Brick Project Studio/Apartment Kit/Common/Textures/Misc/Int_Apt_03_A.png
  artifactKey: Guid(151c8bea4e39c94459a318ab8efb5fdd) Importer(815301076,1909f56bfc062723c751e8b465ee728b)
Start importing Assets/Brick Project Studio/Apartment Kit/Common/Textures/Misc/Int_Apt_03_A.png using Guid(151c8bea4e39c94459a318ab8efb5fdd) Importer(815301076,1909f56bfc062723c751e8b465ee728b)  -> (artifact id: '133a5e92403468f6c80739147ed50f95') in 0.084137 seconds
Number of updated asset objects reloaded before import = 0
Number of asset objects unloaded after import = 2
========================================================================
Received Import Request.
  Time since last request: 0.272157 seconds.
  path: Assets/Brick Project Studio/_BPS Basic Assets/Common/Textures/Basic Asset/Int_BA_02.png
  artifactKey: Guid(a7d954ba596ba994bbcc72a405b61589) Importer(815301076,1909f56bfc062723c751e8b465ee728b)
Start importing Assets/Brick Project Studio/_BPS Basic Assets/Common/Textures/Basic Asset/Int_BA_02.png using Guid(a7d954ba596ba994bbcc72a405b61589) Importer(815301076,1909f56bfc062723c751e8b465ee728b)  -> (artifact id: 'c7f060042952fcc365cf60cb66200c53') in 0.171283 seconds
Number of updated asset objects reloaded before import = 0
Number of asset objects unloaded after import = 2
========================================================================
Received Import Request.
  Time since last request: 0.112139 seconds.
  path: Assets/Brick Project Studio/Apartment Kit/Common/Textures/Misc/keyboard_01_A.png
  artifactKey: Guid(2af2cafff89413a43824ed34de8918fc) Importer(815301076,1909f56bfc062723c751e8b465ee728b)
Start importing Assets/Brick Project Studio/Apartment Kit/Common/Textures/Misc/keyboard_01_A.png using Guid(2af2cafff89413a43824ed34de8918fc) Importer(815301076,1909f56bfc062723c751e8b465ee728b)  -> (artifact id: '06edb688111c3feb0da985a7d70283a6') in 0.154264 seconds
Number of updated asset objects reloaded before import = 0
Number of asset objects unloaded after import = 2
========================================================================
Received Import Request.
  Time since last request: 0.164987 seconds.
  path: Assets/Brick Project Studio/Apartment Kit/Common/Textures/Misc/Lamp 02 Ceiling Shade.png
  artifactKey: Guid(36f3754f68178f149b9d58c226e14abb) Importer(815301076,1909f56bfc062723c751e8b465ee728b)
Start importing Assets/Brick Project Studio/Apartment Kit/Common/Textures/Misc/Lamp 02 Ceiling Shade.png using Guid(36f3754f68178f149b9d58c226e14abb) Importer(815301076,1909f56bfc062723c751e8b465ee728b)  -> (artifact id: '68caa04123c091fbd867e5473234dab3') in 0.144545 seconds
Number of updated asset objects reloaded before import = 0
Number of asset objects unloaded after import = 2
========================================================================
Received Import Request.
  Time since last request: 0.171650 seconds.
  path: Assets/Brick Project Studio/Apartment Kit/Common/Textures/Misc/Lamp 02 Table - Normal.png
  artifactKey: Guid(e78c362fff317e74095651e83dffc09e) Importer(815301076,1909f56bfc062723c751e8b465ee728b)
Start importing Assets/Brick Project Studio/Apartment Kit/Common/Textures/Misc/Lamp 02 Table - Normal.png using Guid(e78c362fff317e74095651e83dffc09e) Importer(815301076,1909f56bfc062723c751e8b465ee728b)  -> (artifact id: '4b52a31871127e83a6de12a2fface5ac') in 0.146378 seconds
Number of updated asset objects reloaded before import = 0
Number of asset objects unloaded after import = 2
========================================================================
Received Import Request.
  Time since last request: 0.000044 seconds.
  path: Assets/Brick Project Studio/Apartment Kit/Common/Textures/Misc/Lamp 02 Table shade - Normal.png
  artifactKey: Guid(fe2b946fe11b665428ee3a7b3f07f29e) Importer(815301076,1909f56bfc062723c751e8b465ee728b)
Start importing Assets/Brick Project Studio/Apartment Kit/Common/Textures/Misc/Lamp 02 Table shade - Normal.png using Guid(fe2b946fe11b665428ee3a7b3f07f29e) Importer(815301076,1909f56bfc062723c751e8b465ee728b)  -> (artifact id: '7fc3d1e439a1027e62d4d90b40e786b4') in 0.188718 seconds
Number of updated asset objects reloaded before import = 0
Number of asset objects unloaded after import = 2
========================================================================
Received Import Request.
  Time since last request: 0.000056 seconds.
  path: Assets/Brick Project Studio/Apartment Kit/Common/Textures/Surface/Leather_H.png
  artifactKey: Guid(847bc10dbce23b441840cc99063df098) Importer(815301076,1909f56bfc062723c751e8b465ee728b)
Start importing Assets/Brick Project Studio/Apartment Kit/Common/Textures/Surface/Leather_H.png using Guid(847bc10dbce23b441840cc99063df098) Importer(815301076,1909f56bfc062723c751e8b465ee728b)  -> (artifact id: 'ff6a8f27d03525c785a77296a480c8f0') in 0.293254 seconds
Number of updated asset objects reloaded before import = 0
Number of asset objects unloaded after import = 2
========================================================================
Received Import Request.
  Time since last request: 0.195549 seconds.
  path: Assets/Samples/Universal RP/13.1.8/URP Package Samples/CameraStacking/MixedFOV/MixedFOV/Lightmap-0_comp_light.exr
  artifactKey: Guid(7c8859a0f6f0146928e7340416a51897) Importer(815301076,1909f56bfc062723c751e8b465ee728b)
Start importing Assets/Samples/Universal RP/13.1.8/URP Package Samples/CameraStacking/MixedFOV/MixedFOV/Lightmap-0_comp_light.exr using Guid(7c8859a0f6f0146928e7340416a51897) Importer(815301076,1909f56bfc062723c751e8b465ee728b)  -> (artifact id: '06e21f611c55988b5cf9af318c6ceb30') in 0.061904 seconds
Number of updated asset objects reloaded before import = 0
Number of asset objects unloaded after import = 2
========================================================================
Received Import Request.
  Time since last request: 0.000053 seconds.
  path: Assets/Darkbringer Shader/LUTs/lut_CPC.png
  artifactKey: Guid(f587c0fb24ed98346b1b6ea9763f624a) Importer(815301076,1909f56bfc062723c751e8b465ee728b)
Start importing Assets/Darkbringer Shader/LUTs/lut_CPC.png using Guid(f587c0fb24ed98346b1b6ea9763f624a) Importer(815301076,1909f56bfc062723c751e8b465ee728b)  -> (artifact id: 'e618603105fd4446167c66e5119d5bc4') in 0.052789 seconds
Number of updated asset objects reloaded before import = 0
Number of asset objects unloaded after import = 2
========================================================================
Received Import Request.
  Time since last request: 0.931435 seconds.
  path: Assets/Darkbringer Shader/LUTs/lut_Finder.png
  artifactKey: Guid(186d8d4a767aca241be13a540be030a0) Importer(815301076,1909f56bfc062723c751e8b465ee728b)
Start importing Assets/Darkbringer Shader/LUTs/lut_Finder.png using Guid(186d8d4a767aca241be13a540be030a0) Importer(815301076,1909f56bfc062723c751e8b465ee728b)  -> (artifact id: 'aaf588992833f8264a60309b3eb19f5f') in 0.040835 seconds
Number of updated asset objects reloaded before import = 0
Number of asset objects unloaded after import = 2
========================================================================
Received Import Request.
  Time since last request: 0.000043 seconds.
  path: Assets/Darkbringer Shader/LUTs/lut_Obscure_toys.png
  artifactKey: Guid(e0b79c6498d33e14c93b83b085310939) Importer(815301076,1909f56bfc062723c751e8b465ee728b)
Start importing Assets/Darkbringer Shader/LUTs/lut_Obscure_toys.png using Guid(e0b79c6498d33e14c93b83b085310939) Importer(815301076,1909f56bfc062723c751e8b465ee728b)  -> (artifact id: 'a62e86671f8ddb6b4311a431503f08d6') in 0.043501 seconds
Number of updated asset objects reloaded before import = 0
Number of asset objects unloaded after import = 2
========================================================================
Received Import Request.
  Time since last request: 0.513264 seconds.
  path: Assets/Darkbringer Shader/LUTs/lut_Tetra_brick.png
  artifactKey: Guid(de3899acb83b2e64eb7b694247e64006) Importer(815301076,1909f56bfc062723c751e8b465ee728b)
Start importing Assets/Darkbringer Shader/LUTs/lut_Tetra_brick.png using Guid(de3899acb83b2e64eb7b694247e64006) Importer(815301076,1909f56bfc062723c751e8b465ee728b)  -> (artifact id: 'bfd27800711905b6580c3dc8d8c77d3f') in 0.041952 seconds
Number of updated asset objects reloaded before import = 0
Number of asset objects unloaded after import = 2
========================================================================
Received Import Request.
  Time since last request: 0.493568 seconds.
  path: Assets/Brick Project Studio/Apartment Kit/Common/Textures/Misc/MarbleWall_02.png
  artifactKey: Guid(d2ab29be542324845b06e2b459563a2b) Importer(815301076,1909f56bfc062723c751e8b465ee728b)
Start importing Assets/Brick Project Studio/Apartment Kit/Common/Textures/Misc/MarbleWall_02.png using Guid(d2ab29be542324845b06e2b459563a2b) Importer(815301076,1909f56bfc062723c751e8b465ee728b)  -> (artifact id: 'c2279ababe51fdfde0755f391f626535') in 0.073351 seconds
Number of updated asset objects reloaded before import = 0
Number of asset objects unloaded after import = 2
========================================================================
Received Import Request.
  Time since last request: 0.345653 seconds.
  path: Assets/Easy FPS/MuzzelFlash/Textures/Muzzle01.png
  artifactKey: Guid(6033696e53fde0c448ca7f63cf5b9d51) Importer(815301076,1909f56bfc062723c751e8b465ee728b)
Start importing Assets/Easy FPS/MuzzelFlash/Textures/Muzzle01.png using Guid(6033696e53fde0c448ca7f63cf5b9d51) Importer(815301076,1909f56bfc062723c751e8b465ee728b)  -> (artifact id: 'f8713e0954e18a29d7c3dab497aa0beb') in 0.047537 seconds
Number of updated asset objects reloaded before import = 0
Number of asset objects unloaded after import = 2
========================================================================
Received Prepare
Begin MonoManager ReloadAssembly
- Loaded All Assemblies, in  1.249 seconds
Refreshing native plugins compatible for Editor in 8.32 ms, found 3 plugins.
Native extension for WindowsStandalone target not found
Native extension for WebGL target not found
[Package Manager] Server::EnsureServerProcessIsRunning -- launch failed, reason: Unity was launched with the -noUpm command-line argument
[Package Manager] UpmClient::Send -- Unable to send message (not connected to UPM process).
[Package Manager] Cannot connect to Unity Package Manager local server
Mono: successfully reloaded assembly
- Finished resetting the current domain, in  2.897 seconds
Domain Reload Profiling: 4139ms
	BeginReloadAssembly (391ms)
		ExecutionOrderSort (0ms)
		DisableScriptedObjects (22ms)
		BackupInstance (0ms)
		ReleaseScriptingObjects (0ms)
		CreateAndSetChildDomain (91ms)
	RebuildCommonClasses (83ms)
	RebuildNativeTypeToScriptingClass (28ms)
	initialDomainReloadingComplete (75ms)
	LoadAllAssembliesAndSetupDomain (664ms)
		LoadAssemblies (751ms)
		RebuildTransferFunctionScriptingTraits (0ms)
		AnalyzeDomain (120ms)
			TypeCache.Refresh (29ms)
				TypeCache.ScanAssembly (4ms)
			ScanForSourceGeneratedMonoScriptInfo (61ms)
			ResolveRequiredComponents (29ms)
	FinalizeReload (2898ms)
		ReleaseScriptCaches (0ms)
		RebuildScriptCaches (0ms)
		SetupLoadedEditorAssemblies (1175ms)
			LogAssemblyErrors (0ms)
			InitializePlatformSupportModulesInManaged (22ms)
			SetLoadedEditorAssemblies (9ms)
			RefreshPlugins (0ms)
			BeforeProcessingInitializeOnLoad (174ms)
			ProcessInitializeOnLoadAttributes (813ms)
			ProcessInitializeOnLoadMethodAttributes (134ms)
			AfterProcessingInitializeOnLoad (24ms)
			EditorAssembliesLoaded (0ms)
		ExecutionOrderSort2 (0ms)
		AwakeInstancesAfterBackupRestoration (26ms)
Refreshing native plugins compatible for Editor in 9.41 ms, found 3 plugins.
Preloading 0 native plugins for Editor in 0.00 ms.
Unloading 5840 Unused Serialized files (Serialized files now loaded: 0)
Unloading 53 unused Assets / (442.8 KB). Loaded Objects now: 6704.
Memory consumption went from 217.7 MB to 217.2 MB.
Total: 11.976400 ms (FindLiveObjects: 1.488100 ms CreateObjectMapping: 0.782000 ms MarkObjects: 9.180800 ms  DeleteObjects: 0.522900 ms)

Prepare: number of updated asset objects reloaded= 0
AssetImportParameters requested are different than current active one (requested -> active):
  custom:container-demuxer-ogg: 62fdf1f143b41e24485cea50d1cbac27 -> 
  custom:video-decoder-ogg-theora: a1e56fd34408186e4bbccfd4996cb3dc -> 
  custom:framework-win-MediaFoundation: 216162199b28c13a410421893ffa2e32 -> 
  custom:CustomObjectIndexerAttribute: 4d1d7186bcbbfe361de5f0ad951e585c -> 
  custom:container-demuxer-webm: 4f35f7cbe854078d1ac9338744f61a02 -> 
  custom:container-muxer-webm: aa71ff27fc2769a1b78a27578f13a17b -> 
  custom:video-decoder-webm-vp8: 9c59270c3fd7afecdb556c50c9e8de78 -> 
  custom:SearchIndexIgnoredProperties: e643bd26f0fe6173181afceb89e7c659 -> 
  custom:AudioImporter_EditorPlatform: d09bf68614088b80899f8185d706f6e7 -> 
  custom:video-encoder-webm-vp8: eb34c28f22e8b96e1ab97ce403110664 -> 
  custom:audio-decoder-ogg-vorbis: bf7c407c2cedff20999df2af8eb42d56 -> 
  custom:audio-encoder-webm-vorbis: bf7c407c2cedff20999df2af8eb42d56 -> 
========================================================================
Received Prepare
Begin MonoManager ReloadAssembly
- Loaded All Assemblies, in  1.182 seconds
Refreshing native plugins compatible for Editor in 7.99 ms, found 3 plugins.
Native extension for WindowsStandalone target not found
Native extension for WebGL target not found
[Package Manager] Server::EnsureServerProcessIsRunning -- launch failed, reason: Unity was launched with the -noUpm command-line argument
[Package Manager] UpmClient::Send -- Unable to send message (not connected to UPM process).
[Package Manager] Cannot connect to Unity Package Manager local server
Mono: successfully reloaded assembly
- Finished resetting the current domain, in  2.884 seconds
Domain Reload Profiling: 4059ms
	BeginReloadAssembly (356ms)
		ExecutionOrderSort (0ms)
		DisableScriptedObjects (10ms)
		BackupInstance (0ms)
		ReleaseScriptingObjects (0ms)
		CreateAndSetChildDomain (80ms)
	RebuildCommonClasses (78ms)
	RebuildNativeTypeToScriptingClass (28ms)
	initialDomainReloadingComplete (71ms)
	LoadAllAssembliesAndSetupDomain (640ms)
		LoadAssemblies (720ms)
		RebuildTransferFunctionScriptingTraits (0ms)
		AnalyzeDomain (117ms)
			TypeCache.Refresh (29ms)
				TypeCache.ScanAssembly (4ms)
			ScanForSourceGeneratedMonoScriptInfo (59ms)
			ResolveRequiredComponents (28ms)
	FinalizeReload (2885ms)
		ReleaseScriptCaches (0ms)
		RebuildScriptCaches (0ms)
		SetupLoadedEditorAssemblies (1123ms)
			LogAssemblyErrors (0ms)
			InitializePlatformSupportModulesInManaged (19ms)
			SetLoadedEditorAssemblies (6ms)
			RefreshPlugins (0ms)
			BeforeProcessingInitializeOnLoad (166ms)
			ProcessInitializeOnLoadAttributes (778ms)
			ProcessInitializeOnLoadMethodAttributes (129ms)
			AfterProcessingInitializeOnLoad (24ms)
			EditorAssembliesLoaded (0ms)
		ExecutionOrderSort2 (0ms)
		AwakeInstancesAfterBackupRestoration (24ms)
Refreshing native plugins compatible for Editor in 8.45 ms, found 3 plugins.
Preloading 0 native plugins for Editor in 0.00 ms.
Unloading 5850 Unused Serialized files (Serialized files now loaded: 0)
Unloading 96 unused Assets / (469.5 KB). Loaded Objects now: 6677.
Memory consumption went from 219.9 MB to 219.4 MB.
Total: 13.229100 ms (FindLiveObjects: 1.781900 ms CreateObjectMapping: 0.727000 ms MarkObjects: 8.901100 ms  DeleteObjects: 1.816400 ms)

Prepare: number of updated asset objects reloaded= 1
AssetImportParameters requested are different than current active one (requested -> active):
  custom:container-demuxer-ogg: 62fdf1f143b41e24485cea50d1cbac27 -> 
  custom:video-decoder-ogg-theora: a1e56fd34408186e4bbccfd4996cb3dc -> 
  custom:framework-win-MediaFoundation: 216162199b28c13a410421893ffa2e32 -> 
  custom:CustomObjectIndexerAttribute: 4d1d7186bcbbfe361de5f0ad951e585c -> 
  custom:container-demuxer-webm: 4f35f7cbe854078d1ac9338744f61a02 -> 
  custom:container-muxer-webm: aa71ff27fc2769a1b78a27578f13a17b -> 
  custom:video-decoder-webm-vp8: 9c59270c3fd7afecdb556c50c9e8de78 -> 
  custom:SearchIndexIgnoredProperties: e643bd26f0fe6173181afceb89e7c659 -> 
  custom:AudioImporter_EditorPlatform: d09bf68614088b80899f8185d706f6e7 -> 
  custom:video-encoder-webm-vp8: eb34c28f22e8b96e1ab97ce403110664 -> 
  custom:audio-decoder-ogg-vorbis: bf7c407c2cedff20999df2af8eb42d56 -> 
  custom:audio-encoder-webm-vorbis: bf7c407c2cedff20999df2af8eb42d56 -> 
Editor requested this worker to shutdown with reason: Scaling down because of idle timeout
TcpMessagingSession - receive error: operation aborted. errorcode: 995, details: The I/O operation has been aborted because of either a thread exit or an application request.
AssetImportWorker is now disconnected from the server
Process exiting
Exiting without the bug reporter. Application will terminate with return code 0