Using pre-set license
Built from '2023.2/release' branch; Version is '2023.2.10f1 (316c1fd686f6) revision 3238943'; Using compiler version '193431935'; Build Type 'Release'
OS: 'Windows 10  (10.0.19045) 64bit Education' Language: 'en' Physical Memory: 16309 MB
BatchMode: 1, IsHumanControllingUs: 0, StartBugReporterOnCrash: 0, Is64bit: 1, IsPro: 1

COMMAND LINE ARGUMENTS:
C:\Program Files\Unity\Hub\Editor\2023.2.10f1\Editor\Unity.exe
-adb2
-batchMode
-noUpm
-name
AssetImportWorker0
-projectPath
C:/Users/539856/BlobingtonFMP
-logFile
Logs/AssetImportWorker0.log
-srvPort
57167
-job-worker-count
5
-background-job-worker-count
8
-asset-garbage-collectors
1
Successfully changed project path to: C:/Users/539856/BlobingtonFMP
C:/Users/539856/BlobingtonFMP
[UnityMemory] Configuration Parameters - Can be set up in boot.config
    "memorysetup-bucket-allocator-granularity=16"
    "memorysetup-bucket-allocator-bucket-count=8"
    "memorysetup-bucket-allocator-block-size=33554432"
    "memorysetup-bucket-allocator-block-count=8"
    "memorysetup-main-allocator-block-size=16777216"
    "memorysetup-thread-allocator-block-size=16777216"
    "memorysetup-gfx-main-allocator-block-size=16777216"
    "memorysetup-gfx-thread-allocator-block-size=16777216"
    "memorysetup-cache-allocator-block-size=4194304"
    "memorysetup-typetree-allocator-block-size=2097152"
    "memorysetup-profiler-bucket-allocator-granularity=16"
    "memorysetup-profiler-bucket-allocator-bucket-count=8"
    "memorysetup-profiler-bucket-allocator-block-size=33554432"
    "memorysetup-profiler-bucket-allocator-block-count=8"
    "memorysetup-profiler-allocator-block-size=16777216"
    "memorysetup-profiler-editor-allocator-block-size=1048576"
    "memorysetup-temp-allocator-size-main=16777216"
    "memorysetup-job-temp-allocator-block-size=2097152"
    "memorysetup-job-temp-allocator-block-size-background=1048576"
    "memorysetup-job-temp-allocator-reduction-small-platforms=262144"
    "memorysetup-allocator-temp-initial-block-size-main=262144"
    "memorysetup-allocator-temp-initial-block-size-worker=262144"
    "memorysetup-temp-allocator-size-background-worker=32768"
    "memorysetup-temp-allocator-size-job-worker=262144"
    "memorysetup-temp-allocator-size-preload-manager=33554432"
    "memorysetup-temp-allocator-size-nav-mesh-worker=65536"
    "memorysetup-temp-allocator-size-audio-worker=65536"
    "memorysetup-temp-allocator-size-cloud-worker=32768"
    "memorysetup-temp-allocator-size-gi-baking-worker=262144"
    "memorysetup-temp-allocator-size-gi-baking-worker=262144"
    "memorysetup-temp-allocator-size-gi-baking-worker=262144"
    "memorysetup-temp-allocator-size-gi-baking-worker=262144"
    "memorysetup-temp-allocator-size-gfx=262144"
Player connection [18496] Host "[IP] 172.27.172.139 [Port] 0 [Flags] 2 [Guid] 242461494 [EditorId] 242461494 [Version] 1048832 [Id] WindowsEditor(7,L-CB346-21273) [Debug] 1 [PackageName] WindowsEditor [ProjectName] Editor" joined multi-casting on [225.0.0.222:54997]...
Player connection [18496] Host "[IP] 172.27.172.139 [Port] 0 [Flags] 2 [Guid] 242461494 [EditorId] 242461494 [Version] 1048832 [Id] WindowsEditor(7,L-CB346-21273) [Debug] 1 [PackageName] WindowsEditor [ProjectName] Editor" joined alternative multi-casting on [225.0.0.222:34997]...
JobSystem: Creating JobQueue using job-worker-count value 5
[Physics::Module] Initialized MultithreadedJobDispatcher with 5 workers.
Library Redirect Path: Library/
Refreshing native plugins compatible for Editor in 1.86 ms, found 3 plugins.
Preloading 0 native plugins for Editor in 0.00 ms.
Initialize engine version: 2023.2.10f1 (316c1fd686f6)
[Subsystems] Discovering subsystems at path C:/Program Files/Unity/Hub/Editor/2023.2.10f1/Editor/Data/Resources/UnitySubsystems
[Subsystems] Discovering subsystems at path C:/Users/539856/BlobingtonFMP/Assets
GfxDevice: creating device client; kGfxThreadingModeNonThreaded
Direct3D:
    Version:  Direct3D 11.0 [level 11.1]
    Renderer: NVIDIA GeForce GTX 1650 (ID=0x2188)
    Vendor:   NVIDIA
    VRAM:     3949 MB
    Driver:   31.0.15.3623
Initialize mono
Mono path[0] = 'C:/Program Files/Unity/Hub/Editor/2023.2.10f1/Editor/Data/Managed'
Mono path[1] = 'C:/Program Files/Unity/Hub/Editor/2023.2.10f1/Editor/Data/MonoBleedingEdge/lib/mono/unityjit-win32'
Mono config path = 'C:/Program Files/Unity/Hub/Editor/2023.2.10f1/Editor/Data/MonoBleedingEdge/etc'
Using monoOptions --debugger-agent=transport=dt_socket,embedding=1,server=y,suspend=n,address=127.0.0.1:56744
Begin MonoManager ReloadAssembly
C:\build\output\Unity-Technologies\mono\mono\metadata\icall.c:1842:
C:\build\output\Unity-Technologies\mono\mono\metadata\icall.c:1842:
C:\build\output\Unity-Technologies\mono\mono\metadata\icall.c:1842:
C:\build\output\Unity-Technologies\mono\mono\metadata\icall.c:1842:
C:\build\output\Unity-Technologies\mono\mono\metadata\icall.c:1842:
C:\build\output\Unity-Technologies\mono\mono\metadata\icall.c:1842:
C:\build\output\Unity-Technologies\mono\mono\metadata\icall.c:1842:
C:\build\output\Unity-Technologies\mono\mono\metadata\icall.c:1842:
C:\build\output\Unity-Technologies\mono\mono\metadata\icall.c:1842:
C:\build\output\Unity-Technologies\mono\mono\metadata\icall.c:1842:
Registering precompiled unity dll's ...
Register platform support module: C:/Program Files/Unity/Hub/Editor/2023.2.10f1/Editor/Data/PlaybackEngines/WebGLSupport/UnityEditor.WebGL.Extensions.dll
Register platform support module: C:/Program Files/Unity/Hub/Editor/2023.2.10f1/Editor/Data/PlaybackEngines/MacStandaloneSupport/UnityEditor.OSXStandalone.Extensions.dll
Register platform support module: C:/Program Files/Unity/Hub/Editor/2023.2.10f1/Editor/Data/PlaybackEngines/WindowsStandaloneSupport/UnityEditor.WindowsStandalone.Extensions.dll
Register platform support module: C:/Program Files/Unity/Hub/Editor/2023.2.10f1/Editor/Data/PlaybackEngines/MetroSupport/UnityEditor.UWP.Extensions.dll
Register platform support module: C:/Program Files/Unity/Hub/Editor/2023.2.10f1/Editor/Data/PlaybackEngines/AndroidPlayer/UnityEditor.Android.Extensions.dll
Register platform support module: C:/Program Files/Unity/Hub/Editor/2023.2.10f1/Editor/Data/PlaybackEngines/iOSSupport/UnityEditor.iOS.Extensions.dll
Register platform support module: C:/Program Files/Unity/Hub/Editor/2023.2.10f1/Editor/Data/PlaybackEngines/AppleTVSupport/UnityEditor.AppleTV.Extensions.dll
Register platform support module: C:/Program Files/Unity/Hub/Editor/2023.2.10f1/Editor/Data/PlaybackEngines/LinuxStandaloneSupport/UnityEditor.LinuxStandalone.Extensions.dll
Registered in 0.015454 seconds.
- Loaded All Assemblies, in  0.633 seconds
Native extension for LinuxStandalone target not found
[usbmuxd] Start listen thread
[usbmuxd] Listen thread started
[usbmuxd] Send listen message
Native extension for AppleTV target not found
[usbmuxd] Start listen thread
[usbmuxd] Listen thread started
[usbmuxd] Send listen message
Native extension for iOS target not found
Native extension for Android target not found
Android Extension - Scanning For ADB Devices 329 ms
Native extension for UWP target not found
Native extension for WindowsStandalone target not found
Native extension for OSXStandalone target not found
Native extension for WebGL target not found
Mono: successfully reloaded assembly
C:\build\output\Unity-Technologies\mono\mono\metadata\icall.c:1842:
C:\build\output\Unity-Technologies\mono\mono\metadata\icall.c:1842:
- Finished resetting the current domain, in  0.788 seconds
Domain Reload Profiling: 1414ms
	BeginReloadAssembly (284ms)
		ExecutionOrderSort (0ms)
		DisableScriptedObjects (0ms)
		BackupInstance (0ms)
		ReleaseScriptingObjects (0ms)
		CreateAndSetChildDomain (1ms)
	RebuildCommonClasses (43ms)
	RebuildNativeTypeToScriptingClass (15ms)
	initialDomainReloadingComplete (74ms)
	LoadAllAssembliesAndSetupDomain (209ms)
		LoadAssemblies (282ms)
		RebuildTransferFunctionScriptingTraits (0ms)
		AnalyzeDomain (204ms)
			TypeCache.Refresh (203ms)
				TypeCache.ScanAssembly (187ms)
			BuildScriptInfoCaches (0ms)
			ResolveRequiredComponents (0ms)
	FinalizeReload (789ms)
		ReleaseScriptCaches (0ms)
		RebuildScriptCaches (0ms)
		SetupLoadedEditorAssemblies (726ms)
			LogAssemblyErrors (0ms)
			InitializePlatformSupportModulesInManaged (485ms)
			SetLoadedEditorAssemblies (4ms)
			BeforeProcessingInitializeOnLoad (8ms)
			ProcessInitializeOnLoadAttributes (167ms)
			ProcessInitializeOnLoadMethodAttributes (61ms)
			AfterProcessingInitializeOnLoad (0ms)
			EditorAssembliesLoaded (0ms)
		ExecutionOrderSort2 (0ms)
		AwakeInstancesAfterBackupRestoration (0ms)
========================================================================
Worker process is ready to serve import requests
Import Worker Mode flag is 0x00
Begin MonoManager ReloadAssembly
C:\build\output\Unity-Technologies\mono\mono\metadata\icall.c:1842:
C:\build\output\Unity-Technologies\mono\mono\metadata\icall.c:1842:
C:\build\output\Unity-Technologies\mono\mono\metadata\icall.c:1842:
C:\build\output\Unity-Technologies\mono\mono\metadata\icall.c:1842:
C:\build\output\Unity-Technologies\mono\mono\metadata\icall.c:1842:
C:\build\output\Unity-Technologies\mono\mono\metadata\icall.c:1842:
C:\build\output\Unity-Technologies\mono\mono\metadata\icall.c:1842:
C:\build\output\Unity-Technologies\mono\mono\metadata\icall.c:1842:
C:\build\output\Unity-Technologies\mono\mono\metadata\icall.c:1842:
C:\build\output\Unity-Technologies\mono\mono\metadata\icall.c:1842:
C:\build\output\Unity-Technologies\mono\mono\metadata\icall.c:1842:
C:\build\output\Unity-Technologies\mono\mono\metadata\icall.c:1842:
- Loaded All Assemblies, in  1.022 seconds
Refreshing native plugins compatible for Editor in 1.26 ms, found 3 plugins.
Native extension for LinuxStandalone target not found
Native extension for AppleTV target not found
Native extension for iOS target not found
Native extension for Android target not found
Native extension for UWP target not found
Native extension for WindowsStandalone target not found
Native extension for OSXStandalone target not found
Native extension for WebGL target not found
Mono: successfully reloaded assembly
- Finished resetting the current domain, in  0.775 seconds
Domain Reload Profiling: 1787ms
	BeginReloadAssembly (316ms)
		ExecutionOrderSort (0ms)
		DisableScriptedObjects (5ms)
		BackupInstance (0ms)
		ReleaseScriptingObjects (0ms)
		CreateAndSetChildDomain (32ms)
	RebuildCommonClasses (43ms)
	RebuildNativeTypeToScriptingClass (18ms)
	initialDomainReloadingComplete (47ms)
	LoadAllAssembliesAndSetupDomain (587ms)
		LoadAssemblies (451ms)
		RebuildTransferFunctionScriptingTraits (0ms)
		AnalyzeDomain (250ms)
			TypeCache.Refresh (200ms)
				TypeCache.ScanAssembly (180ms)
			BuildScriptInfoCaches (34ms)
			ResolveRequiredComponents (12ms)
	FinalizeReload (775ms)
		ReleaseScriptCaches (0ms)
		RebuildScriptCaches (0ms)
		SetupLoadedEditorAssemblies (566ms)
			LogAssemblyErrors (0ms)
			InitializePlatformSupportModulesInManaged (41ms)
			SetLoadedEditorAssemblies (3ms)
			BeforeProcessingInitializeOnLoad (76ms)
			ProcessInitializeOnLoadAttributes (402ms)
			ProcessInitializeOnLoadMethodAttributes (35ms)
			AfterProcessingInitializeOnLoad (9ms)
			EditorAssembliesLoaded (0ms)
		ExecutionOrderSort2 (0ms)
		AwakeInstancesAfterBackupRestoration (7ms)
Launched and connected shader compiler UnityShaderCompiler.exe after 0.01 seconds
Refreshing native plugins compatible for Editor in 1.66 ms, found 3 plugins.
Preloading 0 native plugins for Editor in 0.00 ms.
Unloading 153 Unused Serialized files (Serialized files now loaded: 0)
Unloading 6213 unused Assets / (5.4 MB). Loaded Objects now: 6902.
Memory consumption went from 198.8 MB to 193.4 MB.
Total: 9.252800 ms (FindLiveObjects: 0.947000 ms CreateObjectMapping: 0.326700 ms MarkObjects: 4.724500 ms  DeleteObjects: 3.253200 ms)

========================================================================
Received Import Request.
  Time since last request: 533607.974306 seconds.
  path: Assets/Polygonal Mind/Tools/Editor
  artifactKey: Guid(e0b0e5e11d46a0a4baee8feb97b43c5e) Importer(815301076,1909f56bfc062723c751e8b465ee728b)
Start importing Assets/Polygonal Mind/Tools/Editor using Guid(e0b0e5e11d46a0a4baee8feb97b43c5e) Importer(815301076,1909f56bfc062723c751e8b465ee728b) (PreviewImporter) -> (artifact id: '01f131312a5d0f3bfd2b9e1cfc6da9ad') in 0.0075522 seconds
Number of updated asset objects reloaded before import = 0Number of asset objects unloaded after import = 0

========================================================================
Received Import Request.
  Time since last request: 0.000016 seconds.
  path: Assets/Polygonal Mind/Tools
  artifactKey: Guid(d61d075bbeefa7c4bbf4137bbabbc6f3) Importer(815301076,1909f56bfc062723c751e8b465ee728b)
Start importing Assets/Polygonal Mind/Tools using Guid(d61d075bbeefa7c4bbf4137bbabbc6f3) Importer(815301076,1909f56bfc062723c751e8b465ee728b) (PreviewImporter) -> (artifact id: 'b613935b03b0ac0c1c3cd2afaac9ffc0') in 0.0006004 seconds
Number of updated asset objects reloaded before import = 0Number of asset objects unloaded after import = 0

========================================================================
Received Import Request.
  Time since last request: 0.896295 seconds.
  path: Assets/Polygonal Mind/Assets/2302_ChromaticChaosVHSAssetPack/Prefabs/Icon_Computer_01_Art.prefab
  artifactKey: Guid(0fd7a3d856acd5c4f990dfab235cad1c) Importer(815301076,1909f56bfc062723c751e8b465ee728b)
Start importing Assets/Polygonal Mind/Assets/2302_ChromaticChaosVHSAssetPack/Prefabs/Icon_Computer_01_Art.prefab using Guid(0fd7a3d856acd5c4f990dfab235cad1c) Importer(815301076,1909f56bfc062723c751e8b465ee728b) (PreviewImporter) -> (artifact id: 'd6afa9975778cf3f9be18bd3a9ae0398') in 0.1000875 seconds
Number of updated asset objects reloaded before import = 0Number of asset objects unloaded after import = 9

========================================================================
Received Import Request.
  Time since last request: 0.240729 seconds.
  path: Assets/Polygonal Mind/Assets/2302_ChromaticChaosVHSAssetPack/Prefabs/Building_Vapor_Ramp_01_Art.prefab
  artifactKey: Guid(33c3d4a0ae972c24a8d5a1d8a0bc49a7) Importer(815301076,1909f56bfc062723c751e8b465ee728b)
Start importing Assets/Polygonal Mind/Assets/2302_ChromaticChaosVHSAssetPack/Prefabs/Building_Vapor_Ramp_01_Art.prefab using Guid(33c3d4a0ae972c24a8d5a1d8a0bc49a7) Importer(815301076,1909f56bfc062723c751e8b465ee728b) (PreviewImporter) -> (artifact id: '02926b695fcfee99f15bcd3689f792e0') in 0.0633982 seconds
Number of updated asset objects reloaded before import = 0Number of asset objects unloaded after import = 11

========================================================================
Received Import Request.
  Time since last request: 24.269897 seconds.
  path: Assets/Polygonal Mind/Assets/2302_ChromaticChaosVHSAssetPack/Prefabs/Icon_Sound_01_Art.prefab
  artifactKey: Guid(268f7106857042848ae35f2dd216d911) Importer(815301076,1909f56bfc062723c751e8b465ee728b)
Start importing Assets/Polygonal Mind/Assets/2302_ChromaticChaosVHSAssetPack/Prefabs/Icon_Sound_01_Art.prefab using Guid(268f7106857042848ae35f2dd216d911) Importer(815301076,1909f56bfc062723c751e8b465ee728b) (PreviewImporter) -> (artifact id: '66232fa84322758d976357891f50198b') in 0.0266539 seconds
Number of updated asset objects reloaded before import = 0Number of asset objects unloaded after import = 9

========================================================================
Received Import Request.
  Time since last request: 1.478706 seconds.
  path: Assets/Polygonal Mind/Assets/2302_ChromaticChaosVHSAssetPack/Prefabs/Structure_Retro_Frame_Gameboy_01_Art.prefab
  artifactKey: Guid(9a4dee432c3974c479dd2d5c03ce0e99) Importer(815301076,1909f56bfc062723c751e8b465ee728b)
Start importing Assets/Polygonal Mind/Assets/2302_ChromaticChaosVHSAssetPack/Prefabs/Structure_Retro_Frame_Gameboy_01_Art.prefab using Guid(9a4dee432c3974c479dd2d5c03ce0e99) Importer(815301076,1909f56bfc062723c751e8b465ee728b) (PreviewImporter) -> (artifact id: '75bc0c69082a45d20eae9a9de48f81be') in 0.0547344 seconds
Number of updated asset objects reloaded before import = 0Number of asset objects unloaded after import = 17

========================================================================
Received Import Request.
  Time since last request: 0.762331 seconds.
  path: Assets/Polygonal Mind/Assets/2302_ChromaticChaosVHSAssetPack/Prefabs/Structure_Retro_Frame_Program_04_Art.prefab
  artifactKey: Guid(dbfe0fb7060999c4bba80aab9c87e82b) Importer(815301076,1909f56bfc062723c751e8b465ee728b)
Start importing Assets/Polygonal Mind/Assets/2302_ChromaticChaosVHSAssetPack/Prefabs/Structure_Retro_Frame_Program_04_Art.prefab using Guid(dbfe0fb7060999c4bba80aab9c87e82b) Importer(815301076,1909f56bfc062723c751e8b465ee728b) (PreviewImporter) -> (artifact id: '01441fdb6db5fe1825b97fc9798ff192') in 0.0146847 seconds
Number of updated asset objects reloaded before import = 0Number of asset objects unloaded after import = 9

========================================================================
Received Import Request.
  Time since last request: 0.502781 seconds.
  path: Assets/Polygonal Mind/Assets/2302_ChromaticChaosVHSAssetPack/Prefabs/Structure_Retro_Frame_Program_07_Art.prefab
  artifactKey: Guid(962b1c1c028603d4d99d75059131eff5) Importer(815301076,1909f56bfc062723c751e8b465ee728b)
Start importing Assets/Polygonal Mind/Assets/2302_ChromaticChaosVHSAssetPack/Prefabs/Structure_Retro_Frame_Program_07_Art.prefab using Guid(962b1c1c028603d4d99d75059131eff5) Importer(815301076,1909f56bfc062723c751e8b465ee728b) (PreviewImporter) -> (artifact id: '6391c797bd9d747e09c36d33339a5e04') in 0.0147743 seconds
Number of updated asset objects reloaded before import = 0Number of asset objects unloaded after import = 9

========================================================================
Received Import Request.
  Time since last request: 0.770730 seconds.
  path: Assets/Polygonal Mind/Assets/2302_ChromaticChaosVHSAssetPack/Prefabs/Structure_Retro_Mouse_Art.prefab
  artifactKey: Guid(d39fa165f9c7f07428ed006db962c78e) Importer(815301076,1909f56bfc062723c751e8b465ee728b)
Start importing Assets/Polygonal Mind/Assets/2302_ChromaticChaosVHSAssetPack/Prefabs/Structure_Retro_Mouse_Art.prefab using Guid(d39fa165f9c7f07428ed006db962c78e) Importer(815301076,1909f56bfc062723c751e8b465ee728b) (PreviewImporter) -> (artifact id: '39a66e6aa356bf4736ebb78bd29a2d3a') in 0.0335176 seconds
Number of updated asset objects reloaded before import = 0Number of asset objects unloaded after import = 11

========================================================================
Received Import Request.
  Time since last request: 1.581059 seconds.
  path: Assets/Polygonal Mind/Assets/2302_ChromaticChaosVHSAssetPack/Prefabs/Structure_Retro_Frame_Program_06_Art.prefab
  artifactKey: Guid(f95fba6dd29da51488e1d7f263ca951d) Importer(815301076,1909f56bfc062723c751e8b465ee728b)
Start importing Assets/Polygonal Mind/Assets/2302_ChromaticChaosVHSAssetPack/Prefabs/Structure_Retro_Frame_Program_06_Art.prefab using Guid(f95fba6dd29da51488e1d7f263ca951d) Importer(815301076,1909f56bfc062723c751e8b465ee728b) (PreviewImporter) -> (artifact id: 'ed3393f0f8211cf7dd717b5824f7633d') in 0.0146049 seconds
Number of updated asset objects reloaded before import = 0Number of asset objects unloaded after import = 9

========================================================================
Received Import Request.
  Time since last request: 0.581573 seconds.
  path: Assets/Polygonal Mind/Assets/2302_ChromaticChaosVHSAssetPack/Prefabs/Structure_Retro_Frame_Program_03_Art.prefab
  artifactKey: Guid(58aedae489f055a418fdea468fa59c5f) Importer(815301076,1909f56bfc062723c751e8b465ee728b)
Start importing Assets/Polygonal Mind/Assets/2302_ChromaticChaosVHSAssetPack/Prefabs/Structure_Retro_Frame_Program_03_Art.prefab using Guid(58aedae489f055a418fdea468fa59c5f) Importer(815301076,1909f56bfc062723c751e8b465ee728b) (PreviewImporter) -> (artifact id: '4d8d56cf9a088caeaf6262c523f065bc') in 0.0156542 seconds
Number of updated asset objects reloaded before import = 0Number of asset objects unloaded after import = 9

========================================================================
Received Import Request.
  Time since last request: 25.545712 seconds.
  path: Assets/Polygonal Mind/Assets/2302_ChromaticChaosVHSAssetPack/Prefabs/Structure_Retro_FloppyDisk_Art.prefab
  artifactKey: Guid(c54a365ff73020744839ac40964be372) Importer(815301076,1909f56bfc062723c751e8b465ee728b)
Start importing Assets/Polygonal Mind/Assets/2302_ChromaticChaosVHSAssetPack/Prefabs/Structure_Retro_FloppyDisk_Art.prefab using Guid(c54a365ff73020744839ac40964be372) Importer(815301076,1909f56bfc062723c751e8b465ee728b) (PreviewImporter) -> (artifact id: '2c4e53c5dc623279fbd7b01a1a059671') in 0.0164848 seconds
Number of updated asset objects reloaded before import = 0Number of asset objects unloaded after import = 11

========================================================================
Received Import Request.
  Time since last request: 21.360025 seconds.
  path: Assets/Polygonal Mind/Assets/2302_ChromaticChaosVHSAssetPack/Prefabs/Structure_Retro_CellPhone_Art.prefab
  artifactKey: Guid(df1d88c41314266478b6a22765425df0) Importer(815301076,1909f56bfc062723c751e8b465ee728b)
Start importing Assets/Polygonal Mind/Assets/2302_ChromaticChaosVHSAssetPack/Prefabs/Structure_Retro_CellPhone_Art.prefab using Guid(df1d88c41314266478b6a22765425df0) Importer(815301076,1909f56bfc062723c751e8b465ee728b) (PreviewImporter) -> (artifact id: 'e66a82c0e1085733e2c592878991f9aa') in 0.0162163 seconds
Number of updated asset objects reloaded before import = 0Number of asset objects unloaded after import = 11

========================================================================
Received Import Request.
  Time since last request: 0.639765 seconds.
  path: Assets/Polygonal Mind/Assets/2302_ChromaticChaosVHSAssetPack/Prefabs/Structure_Retro_ComputerScreen_Open_Art.prefab
  artifactKey: Guid(fc1474a576849dc49a92ba04e3640e27) Importer(815301076,1909f56bfc062723c751e8b465ee728b)
Start importing Assets/Polygonal Mind/Assets/2302_ChromaticChaosVHSAssetPack/Prefabs/Structure_Retro_ComputerScreen_Open_Art.prefab using Guid(fc1474a576849dc49a92ba04e3640e27) Importer(815301076,1909f56bfc062723c751e8b465ee728b) (PreviewImporter) -> (artifact id: '36f6e23335cea1a7372c5401861e73bc') in 0.0177818 seconds
Number of updated asset objects reloaded before import = 0Number of asset objects unloaded after import = 13

========================================================================
Received Import Request.
  Time since last request: 1.030461 seconds.
  path: Assets/Polygonal Mind/Assets/2302_ChromaticChaosVHSAssetPack/Prefabs/Structure_Retro_Frame_Program_02_Art.prefab
  artifactKey: Guid(9784216d8ca2718458ce1b9bb4fdc76d) Importer(815301076,1909f56bfc062723c751e8b465ee728b)
Start importing Assets/Polygonal Mind/Assets/2302_ChromaticChaosVHSAssetPack/Prefabs/Structure_Retro_Frame_Program_02_Art.prefab using Guid(9784216d8ca2718458ce1b9bb4fdc76d) Importer(815301076,1909f56bfc062723c751e8b465ee728b) (PreviewImporter) -> (artifact id: '8c00e6b231207813d42fbd9730395d08') in 0.0153778 seconds
Number of updated asset objects reloaded before import = 0Number of asset objects unloaded after import = 9

========================================================================
Received Import Request.
  Time since last request: 1.933461 seconds.
  path: Assets/Polygonal Mind/Assets/2302_ChromaticChaosVHSAssetPack/Prefabs/Structure_Retro_Pot_02_Art.prefab
  artifactKey: Guid(30e04ef8c25eba049968d03ab98529aa) Importer(815301076,1909f56bfc062723c751e8b465ee728b)
Start importing Assets/Polygonal Mind/Assets/2302_ChromaticChaosVHSAssetPack/Prefabs/Structure_Retro_Pot_02_Art.prefab using Guid(30e04ef8c25eba049968d03ab98529aa) Importer(815301076,1909f56bfc062723c751e8b465ee728b) (PreviewImporter) -> (artifact id: '3257408ba994f6a348dd5c396cb4a53e') in 0.0264305 seconds
Number of updated asset objects reloaded before import = 0Number of asset objects unloaded after import = 18

========================================================================
Received Import Request.
  Time since last request: 0.715522 seconds.
  path: Assets/Polygonal Mind/Assets/2302_ChromaticChaosVHSAssetPack/Prefabs/Structure_Retro_Pot_04_Art.prefab
  artifactKey: Guid(40c00c3353091834aa2e0ac0414af5f7) Importer(815301076,1909f56bfc062723c751e8b465ee728b)
Start importing Assets/Polygonal Mind/Assets/2302_ChromaticChaosVHSAssetPack/Prefabs/Structure_Retro_Pot_04_Art.prefab using Guid(40c00c3353091834aa2e0ac0414af5f7) Importer(815301076,1909f56bfc062723c751e8b465ee728b) (PreviewImporter) -> (artifact id: '4aad79fa74c2990dc7a80e6587f65ac1') in 0.0193341 seconds
Number of updated asset objects reloaded before import = 0Number of asset objects unloaded after import = 25

========================================================================
Received Import Request.
  Time since last request: 0.752478 seconds.
  path: Assets/Polygonal Mind/Assets/2302_ChromaticChaosVHSAssetPack/Prefabs/Structure_Retro_Pot_05_Art.prefab
  artifactKey: Guid(ab4d1997487440542be0a29c8fb737c7) Importer(815301076,1909f56bfc062723c751e8b465ee728b)
Start importing Assets/Polygonal Mind/Assets/2302_ChromaticChaosVHSAssetPack/Prefabs/Structure_Retro_Pot_05_Art.prefab using Guid(ab4d1997487440542be0a29c8fb737c7) Importer(815301076,1909f56bfc062723c751e8b465ee728b) (PreviewImporter) -> (artifact id: '09dce52894a09c4c6a0142280d5e3220') in 0.041533 seconds
Number of updated asset objects reloaded before import = 0Number of asset objects unloaded after import = 25

========================================================================
Received Import Request.
  Time since last request: 0.443941 seconds.
  path: Assets/Polygonal Mind/Assets/2302_ChromaticChaosVHSAssetPack/Prefabs/Structure_Retro_Screen_02_Art.prefab
  artifactKey: Guid(0ceaaab6886188f4a81126c1f0d34a35) Importer(815301076,1909f56bfc062723c751e8b465ee728b)
Start importing Assets/Polygonal Mind/Assets/2302_ChromaticChaosVHSAssetPack/Prefabs/Structure_Retro_Screen_02_Art.prefab using Guid(0ceaaab6886188f4a81126c1f0d34a35) Importer(815301076,1909f56bfc062723c751e8b465ee728b) (PreviewImporter) -> (artifact id: 'c9283a997d54c461d8013945390f49ca') in 0.0189596 seconds
Number of updated asset objects reloaded before import = 0Number of asset objects unloaded after import = 29

========================================================================
Received Import Request.
  Time since last request: 0.792949 seconds.
  path: Assets/Polygonal Mind/Assets/2302_ChromaticChaosVHSAssetPack/Prefabs/Structure_Retro_Screen_03_Art.prefab
  artifactKey: Guid(1005e244076f797418d470ff9373b150) Importer(815301076,1909f56bfc062723c751e8b465ee728b)
Start importing Assets/Polygonal Mind/Assets/2302_ChromaticChaosVHSAssetPack/Prefabs/Structure_Retro_Screen_03_Art.prefab using Guid(1005e244076f797418d470ff9373b150) Importer(815301076,1909f56bfc062723c751e8b465ee728b) (PreviewImporter) -> (artifact id: 'd2398a2b5bf3a097eaf9bfcdac3e1599') in 0.0189939 seconds
Number of updated asset objects reloaded before import = 0Number of asset objects unloaded after import = 29

========================================================================
Received Import Request.
  Time since last request: 0.697013 seconds.
  path: Assets/Polygonal Mind/Assets/2302_ChromaticChaosVHSAssetPack/Prefabs/Structure_Terrain_Art.prefab
  artifactKey: Guid(9fe4dfa1afd443c45a9ff32e1e973113) Importer(815301076,1909f56bfc062723c751e8b465ee728b)
Start importing Assets/Polygonal Mind/Assets/2302_ChromaticChaosVHSAssetPack/Prefabs/Structure_Terrain_Art.prefab using Guid(9fe4dfa1afd443c45a9ff32e1e973113) Importer(815301076,1909f56bfc062723c751e8b465ee728b) (PreviewImporter) -> (artifact id: '5e81595dac577d02b3f8bebf9431d8ad') in 0.0282993 seconds
Number of updated asset objects reloaded before import = 0Number of asset objects unloaded after import = 10

========================================================================
Received Import Request.
  Time since last request: 1.052408 seconds.
  path: Assets/Polygonal Mind/Assets/2302_ChromaticChaosVHSAssetPack/Prefabs/Structure_Vapor_Column_01_Art.prefab
  artifactKey: Guid(b1d7c0f6dae1eea4cb2f93eb612dc3cd) Importer(815301076,1909f56bfc062723c751e8b465ee728b)
Start importing Assets/Polygonal Mind/Assets/2302_ChromaticChaosVHSAssetPack/Prefabs/Structure_Vapor_Column_01_Art.prefab using Guid(b1d7c0f6dae1eea4cb2f93eb612dc3cd) Importer(815301076,1909f56bfc062723c751e8b465ee728b) (PreviewImporter) -> (artifact id: '004cda2c094326640177b01e25aaa1d9') in 0.0269781 seconds
Number of updated asset objects reloaded before import = 0Number of asset objects unloaded after import = 11

========================================================================
Received Import Request.
  Time since last request: 0.699605 seconds.
  path: Assets/Polygonal Mind/Assets/2302_ChromaticChaosVHSAssetPack/Prefabs/Structure_Vapor_Column_03_Art.prefab
  artifactKey: Guid(f5c6121ebc98af440a1a3064ddcb31d3) Importer(815301076,1909f56bfc062723c751e8b465ee728b)
Start importing Assets/Polygonal Mind/Assets/2302_ChromaticChaosVHSAssetPack/Prefabs/Structure_Vapor_Column_03_Art.prefab using Guid(f5c6121ebc98af440a1a3064ddcb31d3) Importer(815301076,1909f56bfc062723c751e8b465ee728b) (PreviewImporter) -> (artifact id: 'f6372423c1736b16fc8a5f3f5e9bb458') in 0.0290543 seconds
Number of updated asset objects reloaded before import = 0Number of asset objects unloaded after import = 31

========================================================================
Received Import Request.
  Time since last request: 0.521728 seconds.
  path: Assets/Polygonal Mind/Assets/2302_ChromaticChaosVHSAssetPack/Prefabs/Structure_Vapor_Floor_01_Art.prefab
  artifactKey: Guid(4ae45285375f55548bb15a815037feda) Importer(815301076,1909f56bfc062723c751e8b465ee728b)
Start importing Assets/Polygonal Mind/Assets/2302_ChromaticChaosVHSAssetPack/Prefabs/Structure_Vapor_Floor_01_Art.prefab using Guid(4ae45285375f55548bb15a815037feda) Importer(815301076,1909f56bfc062723c751e8b465ee728b) (PreviewImporter) -> (artifact id: '83f94f3518ebde349da93be53a8bdbc1') in 0.0562239 seconds
Number of updated asset objects reloaded before import = 0Number of asset objects unloaded after import = 19

========================================================================
Received Import Request.
  Time since last request: 1.882139 seconds.
  path: Assets/Polygonal Mind/Assets/2302_ChromaticChaosVHSAssetPack/Prefabs/Structure_Vapor_Column_02_Art.prefab
  artifactKey: Guid(4ec6cb94c50123746a6c4a727c2ee58e) Importer(815301076,1909f56bfc062723c751e8b465ee728b)
Start importing Assets/Polygonal Mind/Assets/2302_ChromaticChaosVHSAssetPack/Prefabs/Structure_Vapor_Column_02_Art.prefab using Guid(4ec6cb94c50123746a6c4a727c2ee58e) Importer(815301076,1909f56bfc062723c751e8b465ee728b) (PreviewImporter) -> (artifact id: 'e5d427271adb7e33885d3587313a9096') in 0.041819 seconds
Number of updated asset objects reloaded before import = 0Number of asset objects unloaded after import = 11

========================================================================
Received Import Request.
  Time since last request: 3.958080 seconds.
  path: Assets/Polygonal Mind/Assets/2302_ChromaticChaosVHSAssetPack/Prefabs/Structure_Vapor_Frame_Neon_01_Art.prefab
  artifactKey: Guid(2d44264e455ae334184e08b6851f9f1d) Importer(815301076,1909f56bfc062723c751e8b465ee728b)
Start importing Assets/Polygonal Mind/Assets/2302_ChromaticChaosVHSAssetPack/Prefabs/Structure_Vapor_Frame_Neon_01_Art.prefab using Guid(2d44264e455ae334184e08b6851f9f1d) Importer(815301076,1909f56bfc062723c751e8b465ee728b) (PreviewImporter) -> (artifact id: '665e34deead8966bc675a7477a36c5ed') in 0.0164933 seconds
Number of updated asset objects reloaded before import = 0Number of asset objects unloaded after import = 9

========================================================================
Received Import Request.
  Time since last request: 0.517799 seconds.
  path: Assets/Polygonal Mind/Assets/2302_ChromaticChaosVHSAssetPack/Prefabs/Structure_Vapor_Frame_Neon_02_Art.prefab
  artifactKey: Guid(d5d3171f46e17ce4fa4eae60c6e86e36) Importer(815301076,1909f56bfc062723c751e8b465ee728b)
Start importing Assets/Polygonal Mind/Assets/2302_ChromaticChaosVHSAssetPack/Prefabs/Structure_Vapor_Frame_Neon_02_Art.prefab using Guid(d5d3171f46e17ce4fa4eae60c6e86e36) Importer(815301076,1909f56bfc062723c751e8b465ee728b) (PreviewImporter) -> (artifact id: '9596027ef41ab44f2fe4aba69225e065') in 0.0158154 seconds
Number of updated asset objects reloaded before import = 0Number of asset objects unloaded after import = 9

========================================================================
Received Import Request.
  Time since last request: 0.469697 seconds.
  path: Assets/Polygonal Mind/Assets/2302_ChromaticChaosVHSAssetPack/Prefabs/Structure_Vapor_Frame_Old_Art.prefab
  artifactKey: Guid(45b0adb51dd054d4b9596630f9b2df18) Importer(815301076,1909f56bfc062723c751e8b465ee728b)
Start importing Assets/Polygonal Mind/Assets/2302_ChromaticChaosVHSAssetPack/Prefabs/Structure_Vapor_Frame_Old_Art.prefab using Guid(45b0adb51dd054d4b9596630f9b2df18) Importer(815301076,1909f56bfc062723c751e8b465ee728b) (PreviewImporter) -> (artifact id: '86a22adb2df03a570056e2cc47da0be7') in 0.0638049 seconds
Number of updated asset objects reloaded before import = 0Number of asset objects unloaded after import = 11

========================================================================
Received Import Request.
  Time since last request: 0.367658 seconds.
  path: Assets/Polygonal Mind/Assets/2302_ChromaticChaosVHSAssetPack/Prefabs/Structure_Vapor_Pot_01_Art.prefab
  artifactKey: Guid(3036077132a4b0940957da2b41fe5beb) Importer(815301076,1909f56bfc062723c751e8b465ee728b)
Start importing Assets/Polygonal Mind/Assets/2302_ChromaticChaosVHSAssetPack/Prefabs/Structure_Vapor_Pot_01_Art.prefab using Guid(3036077132a4b0940957da2b41fe5beb) Importer(815301076,1909f56bfc062723c751e8b465ee728b) (PreviewImporter) -> (artifact id: '4d3f9c0a34e5b538dd78fb685f1ac85c') in 0.0363541 seconds
Number of updated asset objects reloaded before import = 0Number of asset objects unloaded after import = 18

========================================================================
Received Import Request.
  Time since last request: 0.873331 seconds.
  path: Assets/Polygonal Mind/Assets/2302_ChromaticChaosVHSAssetPack/Prefabs/Structure_Vapor_Glass_Corner_Art.prefab
  artifactKey: Guid(e2ef0174e54d5b947a10132db6fc16f2) Importer(815301076,1909f56bfc062723c751e8b465ee728b)
Start importing Assets/Polygonal Mind/Assets/2302_ChromaticChaosVHSAssetPack/Prefabs/Structure_Vapor_Glass_Corner_Art.prefab using Guid(e2ef0174e54d5b947a10132db6fc16f2) Importer(815301076,1909f56bfc062723c751e8b465ee728b) (PreviewImporter) -> (artifact id: 'dd864be46886543816795d1a3cf711ef') in 0.0433755 seconds
Number of updated asset objects reloaded before import = 0Number of asset objects unloaded after import = 18

========================================================================
Received Import Request.
  Time since last request: 0.643224 seconds.
  path: Assets/Polygonal Mind/Assets/2302_ChromaticChaosVHSAssetPack/Prefabs/Structure_Vapor_Pot_02_Art.prefab
  artifactKey: Guid(646e50046068cb24ea63d2c95732a1e1) Importer(815301076,1909f56bfc062723c751e8b465ee728b)
Start importing Assets/Polygonal Mind/Assets/2302_ChromaticChaosVHSAssetPack/Prefabs/Structure_Vapor_Pot_02_Art.prefab using Guid(646e50046068cb24ea63d2c95732a1e1) Importer(815301076,1909f56bfc062723c751e8b465ee728b) (PreviewImporter) -> (artifact id: 'e77214982f536d41a306ba67350f3b90') in 0.0189419 seconds
Number of updated asset objects reloaded before import = 0Number of asset objects unloaded after import = 18

========================================================================
Received Import Request.
  Time since last request: 1.029840 seconds.
  path: Assets/Polygonal Mind/Assets/2302_ChromaticChaosVHSAssetPack/Prefabs/Structure_Vapor_Pot_04_Art.prefab
  artifactKey: Guid(50404f7a0db25fd4685c444bb5a6db25) Importer(815301076,1909f56bfc062723c751e8b465ee728b)
Start importing Assets/Polygonal Mind/Assets/2302_ChromaticChaosVHSAssetPack/Prefabs/Structure_Vapor_Pot_04_Art.prefab using Guid(50404f7a0db25fd4685c444bb5a6db25) Importer(815301076,1909f56bfc062723c751e8b465ee728b) (PreviewImporter) -> (artifact id: '72fd163bbbce9285129d5912f385948f') in 0.0176521 seconds
Number of updated asset objects reloaded before import = 0Number of asset objects unloaded after import = 25

========================================================================
Received Import Request.
  Time since last request: 0.526010 seconds.
  path: Assets/Polygonal Mind/Assets/2302_ChromaticChaosVHSAssetPack/Prefabs/Structure_Venus_01_Floating_Art.prefab
  artifactKey: Guid(5a9cc85f73e46834ba612015bae321e8) Importer(815301076,1909f56bfc062723c751e8b465ee728b)
Start importing Assets/Polygonal Mind/Assets/2302_ChromaticChaosVHSAssetPack/Prefabs/Structure_Venus_01_Floating_Art.prefab using Guid(5a9cc85f73e46834ba612015bae321e8) Importer(815301076,1909f56bfc062723c751e8b465ee728b) (PreviewImporter) -> (artifact id: '45b1c554117e406baacd7601b4b2a221') in 0.0193738 seconds
Number of updated asset objects reloaded before import = 0Number of asset objects unloaded after import = 23

========================================================================
Received Import Request.
  Time since last request: 54.162126 seconds.
  path: Assets/Polygonal Mind/Assets/2302_ChromaticChaosVHSAssetPack/Prefabs/Structure_Vapor_Frame_Neon_03_Art.prefab
  artifactKey: Guid(b8eb27a1693b9be499f9dbd200746b5d) Importer(815301076,1909f56bfc062723c751e8b465ee728b)
Start importing Assets/Polygonal Mind/Assets/2302_ChromaticChaosVHSAssetPack/Prefabs/Structure_Vapor_Frame_Neon_03_Art.prefab using Guid(b8eb27a1693b9be499f9dbd200746b5d) Importer(815301076,1909f56bfc062723c751e8b465ee728b) (PreviewImporter) -> (artifact id: 'f6861d0f9a500720685111ad62791488') in 0.0159472 seconds
Number of updated asset objects reloaded before import = 0Number of asset objects unloaded after import = 9

========================================================================
Received Import Request.
  Time since last request: 1.533452 seconds.
  path: Assets/Polygonal Mind/Assets/2302_ChromaticChaosVHSAssetPack/Prefabs/Structure_Vapor_Pot_05_Art.prefab
  artifactKey: Guid(eb8261890d0417944a4ce0ce4f6ecdf1) Importer(815301076,1909f56bfc062723c751e8b465ee728b)
Start importing Assets/Polygonal Mind/Assets/2302_ChromaticChaosVHSAssetPack/Prefabs/Structure_Vapor_Pot_05_Art.prefab using Guid(eb8261890d0417944a4ce0ce4f6ecdf1) Importer(815301076,1909f56bfc062723c751e8b465ee728b) (PreviewImporter) -> (artifact id: 'cae65e1aa9eb524c622c1228f630a711') in 0.0185134 seconds
Number of updated asset objects reloaded before import = 0Number of asset objects unloaded after import = 25

========================================================================
Received Import Request.
  Time since last request: 14.869644 seconds.
  path: Assets/Polygonal Mind/Assets/2302_ChromaticChaosVHSAssetPack/Prefabs/Structure_Vapor_Floor_02_Art.prefab
  artifactKey: Guid(8a97195bce7b6544f806770b2508ca6b) Importer(815301076,1909f56bfc062723c751e8b465ee728b)
Start importing Assets/Polygonal Mind/Assets/2302_ChromaticChaosVHSAssetPack/Prefabs/Structure_Vapor_Floor_02_Art.prefab using Guid(8a97195bce7b6544f806770b2508ca6b) Importer(815301076,1909f56bfc062723c751e8b465ee728b) (PreviewImporter) -> (artifact id: 'e2e95ceb3df8e6dbd6a617805f4054b3') in 0.0308765 seconds
Number of updated asset objects reloaded before import = 0Number of asset objects unloaded after import = 41

========================================================================
Received Import Request.
  Time since last request: 1.242078 seconds.
  path: Assets/Polygonal Mind/Assets/2302_ChromaticChaosVHSAssetPack/Prefabs/Structure_Retro_Venus_Artfbx.prefab
  artifactKey: Guid(e71c1c5a3c8faa9459030a70050e28ec) Importer(815301076,1909f56bfc062723c751e8b465ee728b)
Start importing Assets/Polygonal Mind/Assets/2302_ChromaticChaosVHSAssetPack/Prefabs/Structure_Retro_Venus_Artfbx.prefab using Guid(e71c1c5a3c8faa9459030a70050e28ec) Importer(815301076,1909f56bfc062723c751e8b465ee728b) (PreviewImporter) -> (artifact id: '4803f89f37554a8e6ccaa1153e8d6f34') in 0.0164405 seconds
Number of updated asset objects reloaded before import = 0Number of asset objects unloaded after import = 16

========================================================================
Received Import Request.
  Time since last request: 1.853270 seconds.
  path: Assets/Polygonal Mind/Assets/2302_ChromaticChaosVHSAssetPack/Prefabs/Structure_Retro_Screen_01_Art.prefab
  artifactKey: Guid(fc698bcc318bc934198587fa091e991c) Importer(815301076,1909f56bfc062723c751e8b465ee728b)
Start importing Assets/Polygonal Mind/Assets/2302_ChromaticChaosVHSAssetPack/Prefabs/Structure_Retro_Screen_01_Art.prefab using Guid(fc698bcc318bc934198587fa091e991c) Importer(815301076,1909f56bfc062723c751e8b465ee728b) (PreviewImporter) -> (artifact id: '74ae826c84ddcf322d18428f5cfbfc17') in 0.0189976 seconds
Number of updated asset objects reloaded before import = 0Number of asset objects unloaded after import = 22

========================================================================
Received Import Request.
  Time since last request: 2.914006 seconds.
  path: Assets/Polygonal Mind/Assets/2302_ChromaticChaosVHSAssetPack/Prefabs/Structure_Retro_Pot_01_Art.prefab
  artifactKey: Guid(dc4e589ff274dc34596f12172853658b) Importer(815301076,1909f56bfc062723c751e8b465ee728b)
Start importing Assets/Polygonal Mind/Assets/2302_ChromaticChaosVHSAssetPack/Prefabs/Structure_Retro_Pot_01_Art.prefab using Guid(dc4e589ff274dc34596f12172853658b) Importer(815301076,1909f56bfc062723c751e8b465ee728b) (PreviewImporter) -> (artifact id: 'ec28022f7402f0c0a19484aa10852177') in 0.0251855 seconds
Number of updated asset objects reloaded before import = 0Number of asset objects unloaded after import = 18

========================================================================
Received Import Request.
  Time since last request: 1.601917 seconds.
  path: Assets/Polygonal Mind/Assets/2302_ChromaticChaosVHSAssetPack/Prefabs/Structure_Retro_MobilePhone_Art.prefab
  artifactKey: Guid(4e6b9ec972844ec45b58a2d398ad504a) Importer(815301076,1909f56bfc062723c751e8b465ee728b)
Start importing Assets/Polygonal Mind/Assets/2302_ChromaticChaosVHSAssetPack/Prefabs/Structure_Retro_MobilePhone_Art.prefab using Guid(4e6b9ec972844ec45b58a2d398ad504a) Importer(815301076,1909f56bfc062723c751e8b465ee728b) (PreviewImporter) -> (artifact id: 'd61505d8908926b915f76755f35c44b3') in 0.0367859 seconds
Number of updated asset objects reloaded before import = 0Number of asset objects unloaded after import = 31

========================================================================
Received Prepare
Begin MonoManager ReloadAssembly
C:\build\output\Unity-Technologies\mono\mono\metadata\icall.c:1842:
C:\build\output\Unity-Technologies\mono\mono\metadata\icall.c:1842:
C:\build\output\Unity-Technologies\mono\mono\metadata\icall.c:1842:
C:\build\output\Unity-Technologies\mono\mono\metadata\icall.c:1842:
C:\build\output\Unity-Technologies\mono\mono\metadata\icall.c:1842:
C:\build\output\Unity-Technologies\mono\mono\metadata\icall.c:1842:
C:\build\output\Unity-Technologies\mono\mono\metadata\icall.c:1842:
C:\build\output\Unity-Technologies\mono\mono\metadata\icall.c:1842:
C:\build\output\Unity-Technologies\mono\mono\metadata\icall.c:1842:
C:\build\output\Unity-Technologies\mono\mono\metadata\icall.c:1842:
C:\build\output\Unity-Technologies\mono\mono\metadata\icall.c:1842:
C:\build\output\Unity-Technologies\mono\mono\metadata\icall.c:1842:
- Loaded All Assemblies, in  0.843 seconds
Refreshing native plugins compatible for Editor in 1.39 ms, found 3 plugins.
Native extension for LinuxStandalone target not found
Native extension for AppleTV target not found
Native extension for iOS target not found
Native extension for Android target not found
Native extension for UWP target not found
Native extension for WindowsStandalone target not found
Native extension for OSXStandalone target not found
Native extension for WebGL target not found
Mono: successfully reloaded assembly
- Finished resetting the current domain, in  0.921 seconds
Domain Reload Profiling: 1758ms
	BeginReloadAssembly (228ms)
		ExecutionOrderSort (0ms)
		DisableScriptedObjects (4ms)
		BackupInstance (0ms)
		ReleaseScriptingObjects (0ms)
		CreateAndSetChildDomain (53ms)
	RebuildCommonClasses (41ms)
	RebuildNativeTypeToScriptingClass (15ms)
	initialDomainReloadingComplete (33ms)
	LoadAllAssembliesAndSetupDomain (519ms)
		LoadAssemblies (448ms)
		RebuildTransferFunctionScriptingTraits (0ms)
		AnalyzeDomain (183ms)
			TypeCache.Refresh (8ms)
				TypeCache.ScanAssembly (0ms)
			BuildScriptInfoCaches (159ms)
			ResolveRequiredComponents (12ms)
	FinalizeReload (922ms)
		ReleaseScriptCaches (0ms)
		RebuildScriptCaches (0ms)
		SetupLoadedEditorAssemblies (668ms)
			LogAssemblyErrors (0ms)
			InitializePlatformSupportModulesInManaged (50ms)
			SetLoadedEditorAssemblies (4ms)
			BeforeProcessingInitializeOnLoad (98ms)
			ProcessInitializeOnLoadAttributes (456ms)
			ProcessInitializeOnLoadMethodAttributes (44ms)
			AfterProcessingInitializeOnLoad (15ms)
			EditorAssembliesLoaded (0ms)
		ExecutionOrderSort2 (0ms)
		AwakeInstancesAfterBackupRestoration (11ms)
Refreshing native plugins compatible for Editor in 1.34 ms, found 3 plugins.
Preloading 0 native plugins for Editor in 0.00 ms.
Unloading 25 Unused Serialized files (Serialized files now loaded: 0)
Unloading 6211 unused Assets / (6.5 MB). Loaded Objects now: 6911.
Memory consumption went from 172.6 MB to 166.1 MB.
Total: 11.571500 ms (FindLiveObjects: 1.060700 ms CreateObjectMapping: 0.522200 ms MarkObjects: 4.979600 ms  DeleteObjects: 5.007900 ms)

Prepare: number of updated asset objects reloaded= 0
========================================================================
Received Import Request.
  Time since last request: 428.207336 seconds.
  path: Assets/Polygonal Mind/Assets/2302_ChromaticChaosVHSAssetPack/Models/Building_Rect_01_Art.fbx
  artifactKey: Guid(18e1ffebde24ac54c888269487b12daa) Importer(815301076,1909f56bfc062723c751e8b465ee728b)
Start importing Assets/Polygonal Mind/Assets/2302_ChromaticChaosVHSAssetPack/Models/Building_Rect_01_Art.fbx using Guid(18e1ffebde24ac54c888269487b12daa) Importer(815301076,1909f56bfc062723c751e8b465ee728b) (PreviewImporter) -> (artifact id: '4e83042fc333fcb3a2442e439d222af9') in 0.5896297 seconds
Number of updated asset objects reloaded before import = 0Number of asset objects unloaded after import = 32

========================================================================
Received Import Request.
  Time since last request: 0.335257 seconds.
  path: Assets/Polygonal Mind/Assets/2302_ChromaticChaosVHSAssetPack/Models/Icon_CMD_01_Art.fbx
  artifactKey: Guid(efa816e5adfc79e4e9adba3c60311ad7) Importer(815301076,1909f56bfc062723c751e8b465ee728b)
Start importing Assets/Polygonal Mind/Assets/2302_ChromaticChaosVHSAssetPack/Models/Icon_CMD_01_Art.fbx using Guid(efa816e5adfc79e4e9adba3c60311ad7) Importer(815301076,1909f56bfc062723c751e8b465ee728b) (PreviewImporter) -> (artifact id: 'e8a83beaa0aea1cb7f1d3f0186c6d254') in 0.0646391 seconds
Number of updated asset objects reloaded before import = 0Number of asset objects unloaded after import = 9

========================================================================
Received Import Request.
  Time since last request: 0.727542 seconds.
  path: Assets/Polygonal Mind/Assets/2302_ChromaticChaosVHSAssetPack/Models/Icon_Sound_01_Art.fbx
  artifactKey: Guid(8fae4b01bb8360e45944a048aec3a9dc) Importer(815301076,1909f56bfc062723c751e8b465ee728b)
Start importing Assets/Polygonal Mind/Assets/2302_ChromaticChaosVHSAssetPack/Models/Icon_Sound_01_Art.fbx using Guid(8fae4b01bb8360e45944a048aec3a9dc) Importer(815301076,1909f56bfc062723c751e8b465ee728b) (PreviewImporter) -> (artifact id: 'b78c73d003f8137dfc5516602383fa22') in 0.0196462 seconds
Number of updated asset objects reloaded before import = 0Number of asset objects unloaded after import = 9

========================================================================
Received Import Request.
  Time since last request: 1.365264 seconds.
  path: Assets/Polygonal Mind/Assets/2302_ChromaticChaosVHSAssetPack/Models/Structure_Retro_Frame_Program_01_Art.fbx
  artifactKey: Guid(e33872b08da64034daa48c54c0c368b7) Importer(815301076,1909f56bfc062723c751e8b465ee728b)
Start importing Assets/Polygonal Mind/Assets/2302_ChromaticChaosVHSAssetPack/Models/Structure_Retro_Frame_Program_01_Art.fbx using Guid(e33872b08da64034daa48c54c0c368b7) Importer(815301076,1909f56bfc062723c751e8b465ee728b) (PreviewImporter) -> (artifact id: 'f215f8d2538814b099b71958d5783d3d') in 0.0312497 seconds
Number of updated asset objects reloaded before import = 0Number of asset objects unloaded after import = 9

========================================================================
Received Import Request.
  Time since last request: 0.490108 seconds.
  path: Assets/Polygonal Mind/Assets/2302_ChromaticChaosVHSAssetPack/Models/Structure_Retro_Frame_Program_03_Art.fbx
  artifactKey: Guid(e9482d341f4de7547a591f5ff70a9603) Importer(815301076,1909f56bfc062723c751e8b465ee728b)
Start importing Assets/Polygonal Mind/Assets/2302_ChromaticChaosVHSAssetPack/Models/Structure_Retro_Frame_Program_03_Art.fbx using Guid(e9482d341f4de7547a591f5ff70a9603) Importer(815301076,1909f56bfc062723c751e8b465ee728b) (PreviewImporter) -> (artifact id: '3b2516ac36b4f6780c04d041487be58f') in 0.0269129 seconds
Number of updated asset objects reloaded before import = 0Number of asset objects unloaded after import = 9

========================================================================
Received Import Request.
  Time since last request: 1.185499 seconds.
  path: Assets/Polygonal Mind/Assets/2302_ChromaticChaosVHSAssetPack/Models/Structure_Retro_Pot_01_Art.fbx
  artifactKey: Guid(c571c50702b2b974c97bab22c4a18dfa) Importer(815301076,1909f56bfc062723c751e8b465ee728b)
Start importing Assets/Polygonal Mind/Assets/2302_ChromaticChaosVHSAssetPack/Models/Structure_Retro_Pot_01_Art.fbx using Guid(c571c50702b2b974c97bab22c4a18dfa) Importer(815301076,1909f56bfc062723c751e8b465ee728b) (PreviewImporter) -> (artifact id: 'ceb481acb446aaab3b22237cf571d2f5') in 0.066143 seconds
Number of updated asset objects reloaded before import = 0Number of asset objects unloaded after import = 18

========================================================================
Received Import Request.
  Time since last request: 0.660609 seconds.
  path: Assets/Polygonal Mind/Assets/2302_ChromaticChaosVHSAssetPack/Models/Structure_Vapor_Glass_Corner_Art.fbx
  artifactKey: Guid(0bf1d72ddbd274e40a2700ba29ece4e1) Importer(815301076,1909f56bfc062723c751e8b465ee728b)
Start importing Assets/Polygonal Mind/Assets/2302_ChromaticChaosVHSAssetPack/Models/Structure_Vapor_Glass_Corner_Art.fbx using Guid(0bf1d72ddbd274e40a2700ba29ece4e1) Importer(815301076,1909f56bfc062723c751e8b465ee728b) (PreviewImporter) -> (artifact id: '7171c27ef866c310803b2524151cd73f') in 0.0880414 seconds
Number of updated asset objects reloaded before import = 0Number of asset objects unloaded after import = 18

========================================================================
Received Import Request.
  Time since last request: 0.833861 seconds.
  path: Assets/Polygonal Mind/Assets/2302_ChromaticChaosVHSAssetPack/Models/Structure_Venus_01_Floating_Art.fbx
  artifactKey: Guid(696b14f01d3514e478b14b7857da7116) Importer(815301076,1909f56bfc062723c751e8b465ee728b)
Start importing Assets/Polygonal Mind/Assets/2302_ChromaticChaosVHSAssetPack/Models/Structure_Venus_01_Floating_Art.fbx using Guid(696b14f01d3514e478b14b7857da7116) Importer(815301076,1909f56bfc062723c751e8b465ee728b) (PreviewImporter) -> (artifact id: 'cff985249deeba4e6ed2135fa230b67d') in 0.0985503 seconds
Number of updated asset objects reloaded before import = 0Number of asset objects unloaded after import = 65

========================================================================
Received Import Request.
  Time since last request: 1.105807 seconds.
  path: Assets/Polygonal Mind/Assets/2302_ChromaticChaosVHSAssetPack/Models/Structure_Vapor_Pot_03_Art.fbx
  artifactKey: Guid(c03a68c3b5c0fd94791fd804c017e575) Importer(815301076,1909f56bfc062723c751e8b465ee728b)
Start importing Assets/Polygonal Mind/Assets/2302_ChromaticChaosVHSAssetPack/Models/Structure_Vapor_Pot_03_Art.fbx using Guid(c03a68c3b5c0fd94791fd804c017e575) Importer(815301076,1909f56bfc062723c751e8b465ee728b) (PreviewImporter) -> (artifact id: '4aa5b48aeba644ffce119eb694127d6c') in 0.0320429 seconds
Number of updated asset objects reloaded before import = 0Number of asset objects unloaded after import = 23

========================================================================
Received Import Request.
  Time since last request: 2.215579 seconds.
  path: Assets/Polygonal Mind/Assets/2302_ChromaticChaosVHSAssetPack/Prefabs/Icon_Mouse_01_Art.prefab
  artifactKey: Guid(5cce9be32e4d2af4bb704dea9145cc4d) Importer(815301076,1909f56bfc062723c751e8b465ee728b)
Start importing Assets/Polygonal Mind/Assets/2302_ChromaticChaosVHSAssetPack/Prefabs/Icon_Mouse_01_Art.prefab using Guid(5cce9be32e4d2af4bb704dea9145cc4d) Importer(815301076,1909f56bfc062723c751e8b465ee728b) (PreviewImporter) -> (artifact id: '4f04d990bd2e992b67869d84408e4f67') in 0.0156314 seconds
Number of updated asset objects reloaded before import = 0Number of asset objects unloaded after import = 9

========================================================================
Received Import Request.
  Time since last request: 0.492921 seconds.
  path: Assets/Polygonal Mind/Assets/2302_ChromaticChaosVHSAssetPack/Prefabs/Icon_USB_01_Art.prefab
  artifactKey: Guid(64d0a6bbf8fdaa14c85818d7aa15656d) Importer(815301076,1909f56bfc062723c751e8b465ee728b)
Start importing Assets/Polygonal Mind/Assets/2302_ChromaticChaosVHSAssetPack/Prefabs/Icon_USB_01_Art.prefab using Guid(64d0a6bbf8fdaa14c85818d7aa15656d) Importer(815301076,1909f56bfc062723c751e8b465ee728b) (PreviewImporter) -> (artifact id: '80e045eb48df1a7a9affcc56f795f752') in 0.0155576 seconds
Number of updated asset objects reloaded before import = 0Number of asset objects unloaded after import = 9

========================================================================
Received Prepare
Begin MonoManager ReloadAssembly
C:\build\output\Unity-Technologies\mono\mono\metadata\icall.c:1842:
C:\build\output\Unity-Technologies\mono\mono\metadata\icall.c:1842:
C:\build\output\Unity-Technologies\mono\mono\metadata\icall.c:1842:
C:\build\output\Unity-Technologies\mono\mono\metadata\icall.c:1842:
C:\build\output\Unity-Technologies\mono\mono\metadata\icall.c:1842:
C:\build\output\Unity-Technologies\mono\mono\metadata\icall.c:1842:
C:\build\output\Unity-Technologies\mono\mono\metadata\icall.c:1842:
C:\build\output\Unity-Technologies\mono\mono\metadata\icall.c:1842:
C:\build\output\Unity-Technologies\mono\mono\metadata\icall.c:1842:
C:\build\output\Unity-Technologies\mono\mono\metadata\icall.c:1842:
C:\build\output\Unity-Technologies\mono\mono\metadata\icall.c:1842:
C:\build\output\Unity-Technologies\mono\mono\metadata\icall.c:1842:
- Loaded All Assemblies, in  2.450 seconds
Refreshing native plugins compatible for Editor in 1.42 ms, found 3 plugins.
Native extension for LinuxStandalone target not found
Native extension for AppleTV target not found
Native extension for iOS target not found
Native extension for Android target not found
Native extension for UWP target not found
Native extension for WindowsStandalone target not found
Native extension for OSXStandalone target not found
Native extension for WebGL target not found
Mono: successfully reloaded assembly
- Finished resetting the current domain, in  0.742 seconds
Domain Reload Profiling: 3184ms
	BeginReloadAssembly (404ms)
		ExecutionOrderSort (0ms)
		DisableScriptedObjects (4ms)
		BackupInstance (0ms)
		ReleaseScriptingObjects (0ms)
		CreateAndSetChildDomain (54ms)
	RebuildCommonClasses (43ms)
	RebuildNativeTypeToScriptingClass (19ms)
	initialDomainReloadingComplete (33ms)
	LoadAllAssembliesAndSetupDomain (1944ms)
		LoadAssemblies (2065ms)
		RebuildTransferFunctionScriptingTraits (0ms)
		AnalyzeDomain (168ms)
			TypeCache.Refresh (10ms)
				TypeCache.ScanAssembly (1ms)
			BuildScriptInfoCaches (142ms)
			ResolveRequiredComponents (12ms)
	FinalizeReload (742ms)
		ReleaseScriptCaches (0ms)
		RebuildScriptCaches (0ms)
		SetupLoadedEditorAssemblies (524ms)
			LogAssemblyErrors (0ms)
			InitializePlatformSupportModulesInManaged (46ms)
			SetLoadedEditorAssemblies (3ms)
			BeforeProcessingInitializeOnLoad (78ms)
			ProcessInitializeOnLoadAttributes (352ms)
			ProcessInitializeOnLoadMethodAttributes (33ms)
			AfterProcessingInitializeOnLoad (12ms)
			EditorAssembliesLoaded (0ms)
		ExecutionOrderSort2 (0ms)
		AwakeInstancesAfterBackupRestoration (8ms)
Refreshing native plugins compatible for Editor in 1.51 ms, found 3 plugins.
Preloading 0 native plugins for Editor in 0.00 ms.
Unloading 39 Unused Serialized files (Serialized files now loaded: 0)
Unloading 6230 unused Assets / (11.8 MB). Loaded Objects now: 6919.
Memory consumption went from 180.6 MB to 168.8 MB.
Total: 15.892900 ms (FindLiveObjects: 0.959500 ms CreateObjectMapping: 0.384400 ms MarkObjects: 5.250400 ms  DeleteObjects: 9.296900 ms)

Prepare: number of updated asset objects reloaded= 0
========================================================================
Received Import Request.
  Time since last request: 185.091920 seconds.
  path: Assets/Ultimate 10 Plus Shaders
  artifactKey: Guid(ae40aa582513fa545ab0d6b24b7f565c) Importer(815301076,1909f56bfc062723c751e8b465ee728b)
Start importing Assets/Ultimate 10 Plus Shaders using Guid(ae40aa582513fa545ab0d6b24b7f565c) Importer(815301076,1909f56bfc062723c751e8b465ee728b) (PreviewImporter) -> (artifact id: '0ff84d3bfc38a7cffdca64137e98b1fb') in 0.0075285 seconds
Number of updated asset objects reloaded before import = 0Number of asset objects unloaded after import = 0

========================================================================
Received Import Request.
  Time since last request: 1.475913 seconds.
  path: Assets/Ultimate 10 Plus Shaders/3D Models
  artifactKey: Guid(71999ee7a97214645a9f2eef1fa186c2) Importer(815301076,1909f56bfc062723c751e8b465ee728b)
Start importing Assets/Ultimate 10 Plus Shaders/3D Models using Guid(71999ee7a97214645a9f2eef1fa186c2) Importer(815301076,1909f56bfc062723c751e8b465ee728b) (PreviewImporter) -> (artifact id: '3c2f65bb870a3fbfca2efdf770c672c9') in 0.0009065 seconds
Number of updated asset objects reloaded before import = 0Number of asset objects unloaded after import = 0

========================================================================
Received Import Request.
  Time since last request: 0.720623 seconds.
  path: Assets/Ultimate 10 Plus Shaders/3D Models/Grass_Mesh.fbx
  artifactKey: Guid(446648e11dc37c4458f9af0b19ebb9d1) Importer(815301076,1909f56bfc062723c751e8b465ee728b)
Start importing Assets/Ultimate 10 Plus Shaders/3D Models/Grass_Mesh.fbx using Guid(446648e11dc37c4458f9af0b19ebb9d1) Importer(815301076,1909f56bfc062723c751e8b465ee728b) (PreviewImporter) -> (artifact id: 'eeb2201689986f4118a5011776d3e346') in 0.1981089 seconds
Number of updated asset objects reloaded before import = 0Number of asset objects unloaded after import = 8

========================================================================
Received Import Request.
  Time since last request: 1.142152 seconds.
  path: Assets/Ultimate 10 Plus Shaders/3D Models/Rock.fbx
  artifactKey: Guid(dfb9706df9ac8264ebf1e58976096256) Importer(815301076,1909f56bfc062723c751e8b465ee728b)
Start importing Assets/Ultimate 10 Plus Shaders/3D Models/Rock.fbx using Guid(dfb9706df9ac8264ebf1e58976096256) Importer(815301076,1909f56bfc062723c751e8b465ee728b) (PreviewImporter) -> (artifact id: 'cee9d61eabd502ab37d58630bcdd7357') in 0.0264795 seconds
Number of updated asset objects reloaded before import = 0Number of asset objects unloaded after import = 8

========================================================================
Received Import Request.
  Time since last request: 3.050933 seconds.
  path: Assets/Ultimate 10 Plus Shaders/Scenes
  artifactKey: Guid(f3ac088460f7c7844bb654adcda08e27) Importer(815301076,1909f56bfc062723c751e8b465ee728b)
Start importing Assets/Ultimate 10 Plus Shaders/Scenes using Guid(f3ac088460f7c7844bb654adcda08e27) Importer(815301076,1909f56bfc062723c751e8b465ee728b) (PreviewImporter) -> (artifact id: 'ccdad761778be80ee4861b76636ebce9') in 0.0007339 seconds
Number of updated asset objects reloaded before import = 0Number of asset objects unloaded after import = 0

========================================================================
Received Import Request.
  Time since last request: 1.768514 seconds.
  path: Assets/Ultimate 10 Plus Shaders/Scenes/Review.unity
  artifactKey: Guid(fe4b45bbd0417ff44a3896ee8d522a48) Importer(815301076,1909f56bfc062723c751e8b465ee728b)
Start importing Assets/Ultimate 10 Plus Shaders/Scenes/Review.unity using Guid(fe4b45bbd0417ff44a3896ee8d522a48) Importer(815301076,1909f56bfc062723c751e8b465ee728b) (PreviewImporter) -> (artifact id: '38937e572084817c045769e70f9bf788') in 0.000766 seconds
Number of updated asset objects reloaded before import = 0Number of asset objects unloaded after import = 0

========================================================================
Received Prepare
Begin MonoManager ReloadAssembly
C:\build\output\Unity-Technologies\mono\mono\metadata\icall.c:1842:
C:\build\output\Unity-Technologies\mono\mono\metadata\icall.c:1842:
C:\build\output\Unity-Technologies\mono\mono\metadata\icall.c:1842:
C:\build\output\Unity-Technologies\mono\mono\metadata\icall.c:1842:
C:\build\output\Unity-Technologies\mono\mono\metadata\icall.c:1842:
C:\build\output\Unity-Technologies\mono\mono\metadata\icall.c:1842:
C:\build\output\Unity-Technologies\mono\mono\metadata\icall.c:1842:
C:\build\output\Unity-Technologies\mono\mono\metadata\icall.c:1842:
C:\build\output\Unity-Technologies\mono\mono\metadata\icall.c:1842:
C:\build\output\Unity-Technologies\mono\mono\metadata\icall.c:1842:
C:\build\output\Unity-Technologies\mono\mono\metadata\icall.c:1842:
C:\build\output\Unity-Technologies\mono\mono\metadata\icall.c:1842:
- Loaded All Assemblies, in  0.865 seconds
Refreshing native plugins compatible for Editor in 2.05 ms, found 3 plugins.
Native extension for LinuxStandalone target not found
Native extension for AppleTV target not found
Native extension for iOS target not found
Native extension for Android target not found
Native extension for UWP target not found
Native extension for WindowsStandalone target not found
Native extension for OSXStandalone target not found
Native extension for WebGL target not found
Mono: successfully reloaded assembly
- Finished resetting the current domain, in  0.898 seconds
Domain Reload Profiling: 1756ms
	BeginReloadAssembly (224ms)
		ExecutionOrderSort (0ms)
		DisableScriptedObjects (4ms)
		BackupInstance (0ms)
		ReleaseScriptingObjects (0ms)
		CreateAndSetChildDomain (51ms)
	RebuildCommonClasses (40ms)
	RebuildNativeTypeToScriptingClass (15ms)
	initialDomainReloadingComplete (38ms)
	LoadAllAssembliesAndSetupDomain (542ms)
		LoadAssemblies (477ms)
		RebuildTransferFunctionScriptingTraits (0ms)
		AnalyzeDomain (178ms)
			TypeCache.Refresh (7ms)
				TypeCache.ScanAssembly (0ms)
			BuildScriptInfoCaches (156ms)
			ResolveRequiredComponents (12ms)
	FinalizeReload (898ms)
		ReleaseScriptCaches (0ms)
		RebuildScriptCaches (0ms)
		SetupLoadedEditorAssemblies (646ms)
			LogAssemblyErrors (0ms)
			InitializePlatformSupportModulesInManaged (51ms)
			SetLoadedEditorAssemblies (4ms)
			BeforeProcessingInitializeOnLoad (97ms)
			ProcessInitializeOnLoadAttributes (436ms)
			ProcessInitializeOnLoadMethodAttributes (44ms)
			AfterProcessingInitializeOnLoad (13ms)
			EditorAssembliesLoaded (0ms)
		ExecutionOrderSort2 (0ms)
		AwakeInstancesAfterBackupRestoration (9ms)
Refreshing native plugins compatible for Editor in 1.38 ms, found 3 plugins.
Preloading 0 native plugins for Editor in 0.00 ms.
Unloading 39 Unused Serialized files (Serialized files now loaded: 0)
Unloading 6230 unused Assets / (10.4 MB). Loaded Objects now: 6953.
Memory consumption went from 182.7 MB to 172.3 MB.
Total: 16.022400 ms (FindLiveObjects: 1.086700 ms CreateObjectMapping: 0.828100 ms MarkObjects: 4.929900 ms  DeleteObjects: 9.176700 ms)

Prepare: number of updated asset objects reloaded= 0
========================================================================
Received Import Request.
  Time since last request: 27.710692 seconds.
  path: Assets/Ultimate 10 Plus Shaders/Scenes/Review_Profiles
  artifactKey: Guid(f8bc6749e44ec3442815b4ddff93026e) Importer(815301076,1909f56bfc062723c751e8b465ee728b)
Start importing Assets/Ultimate 10 Plus Shaders/Scenes/Review_Profiles using Guid(f8bc6749e44ec3442815b4ddff93026e) Importer(815301076,1909f56bfc062723c751e8b465ee728b) (PreviewImporter) -> (artifact id: '4ecb1503315a206760b66fded938ce76') in 0.007156 seconds
Number of updated asset objects reloaded before import = 0Number of asset objects unloaded after import = 0

========================================================================
Received Import Request.
  Time since last request: 2.222414 seconds.
  path: Assets/Ultimate 10 Plus Shaders/Scenes/Review
  artifactKey: Guid(43b60d8d976a0f14b847d510487860e9) Importer(815301076,1909f56bfc062723c751e8b465ee728b)
Start importing Assets/Ultimate 10 Plus Shaders/Scenes/Review using Guid(43b60d8d976a0f14b847d510487860e9) Importer(815301076,1909f56bfc062723c751e8b465ee728b) (PreviewImporter) -> (artifact id: '7868f9fc4ece413f0ff6e51519997123') in 0.0007354 seconds
Number of updated asset objects reloaded before import = 0Number of asset objects unloaded after import = 0

========================================================================
Received Import Request.
  Time since last request: 14.531930 seconds.
  path: Assets/Ultimate 10 Plus Shaders/README.pdf
  artifactKey: Guid(4b4dff407bfa225469c91d5fc2e8be5d) Importer(815301076,1909f56bfc062723c751e8b465ee728b)
Start importing Assets/Ultimate 10 Plus Shaders/README.pdf using Guid(4b4dff407bfa225469c91d5fc2e8be5d) Importer(815301076,1909f56bfc062723c751e8b465ee728b) (PreviewImporter) -> (artifact id: 'f91eecf5115b9bf8f59361219e7916ca') in 0.0232032 seconds
Number of updated asset objects reloaded before import = 0Number of asset objects unloaded after import = 1

========================================================================
Received Import Request.
  Time since last request: 1.077052 seconds.
  path: Assets/Ultimate 10 Plus Shaders/Shaders
  artifactKey: Guid(7abb74942295fc244bdfe8bb8236881d) Importer(815301076,1909f56bfc062723c751e8b465ee728b)
Start importing Assets/Ultimate 10 Plus Shaders/Shaders using Guid(7abb74942295fc244bdfe8bb8236881d) Importer(815301076,1909f56bfc062723c751e8b465ee728b) (PreviewImporter) -> (artifact id: '208c2565fee0e284a36f8c0da99232d6') in 0.0007512 seconds
Number of updated asset objects reloaded before import = 0Number of asset objects unloaded after import = 0

========================================================================
Received Import Request.
  Time since last request: 2.369170 seconds.
  path: Assets/Ultimate 10 Plus Shaders/Shaders/Force Field.shader
  artifactKey: Guid(2bffc50af4b1ff34cb151aa15bb9edb4) Importer(815301076,1909f56bfc062723c751e8b465ee728b)
Start importing Assets/Ultimate 10 Plus Shaders/Shaders/Force Field.shader using Guid(2bffc50af4b1ff34cb151aa15bb9edb4) Importer(815301076,1909f56bfc062723c751e8b465ee728b) (PreviewImporter) -> (artifact id: '3eab1a0d8f62233a4c9282ee5ab8b66e') in 0.0019539 seconds
Number of updated asset objects reloaded before import = 0Number of asset objects unloaded after import = 1

========================================================================
Received Import Request.
  Time since last request: 0.705865 seconds.
  path: Assets/Ultimate 10 Plus Shaders/Shaders/Ocean.shader
  artifactKey: Guid(4889fcee5f0084a4e8a1c45f616a86dd) Importer(815301076,1909f56bfc062723c751e8b465ee728b)
Start importing Assets/Ultimate 10 Plus Shaders/Shaders/Ocean.shader using Guid(4889fcee5f0084a4e8a1c45f616a86dd) Importer(815301076,1909f56bfc062723c751e8b465ee728b) (PreviewImporter) -> (artifact id: 'c7aad2eeeeaa82737983e09acb1aac48') in 0.0021947 seconds
Number of updated asset objects reloaded before import = 0Number of asset objects unloaded after import = 1

========================================================================
Received Import Request.
  Time since last request: 0.483062 seconds.
  path: Assets/Ultimate 10 Plus Shaders/Shaders/Lava3D.shader
  artifactKey: Guid(0b65beeff2abd8f49a7633b323425f2c) Importer(815301076,1909f56bfc062723c751e8b465ee728b)
Start importing Assets/Ultimate 10 Plus Shaders/Shaders/Lava3D.shader using Guid(0b65beeff2abd8f49a7633b323425f2c) Importer(815301076,1909f56bfc062723c751e8b465ee728b) (PreviewImporter) -> (artifact id: '556ac8d08ba77cf79411a2f70a4c8a52') in 0.0034113 seconds
Number of updated asset objects reloaded before import = 0Number of asset objects unloaded after import = 1

========================================================================
Received Import Request.
  Time since last request: 3.450444 seconds.
  path: Assets/Ultimate 10 Plus Shaders/Shaders/Plexus
  artifactKey: Guid(55684000f4861884493956bf176688a4) Importer(815301076,1909f56bfc062723c751e8b465ee728b)
Start importing Assets/Ultimate 10 Plus Shaders/Shaders/Plexus using Guid(55684000f4861884493956bf176688a4) Importer(815301076,1909f56bfc062723c751e8b465ee728b) (PreviewImporter) -> (artifact id: 'f987c1a2f7b757badd0ccc9359135a05') in 0.0007099 seconds
Number of updated asset objects reloaded before import = 0Number of asset objects unloaded after import = 0

========================================================================
Received Import Request.
  Time since last request: 7.889055 seconds.
  path: Assets/Ultimate 10 Plus Shaders/arial.ttf
  artifactKey: Guid(19ecd568395677d498b8dd3cbfc47142) Importer(815301076,1909f56bfc062723c751e8b465ee728b)
Start importing Assets/Ultimate 10 Plus Shaders/arial.ttf using Guid(19ecd568395677d498b8dd3cbfc47142) Importer(815301076,1909f56bfc062723c751e8b465ee728b) (PreviewImporter) -> (artifact id: '3494fd823564435d6c9fbe17c179572f') in 0.1016208 seconds
Number of updated asset objects reloaded before import = 0Number of asset objects unloaded after import = 4

========================================================================
Received Import Request.
  Time since last request: 4.114879 seconds.
  path: Assets/Ultimate 10 Plus Shaders/Scripts
  artifactKey: Guid(b01e14f3633ee2643ac8e869c00acb0a) Importer(815301076,1909f56bfc062723c751e8b465ee728b)
Start importing Assets/Ultimate 10 Plus Shaders/Scripts using Guid(b01e14f3633ee2643ac8e869c00acb0a) Importer(815301076,1909f56bfc062723c751e8b465ee728b) (PreviewImporter) -> (artifact id: 'db1a655a5b22ee96ac508ce7f84d9ed6') in 0.0006831 seconds
Number of updated asset objects reloaded before import = 0Number of asset objects unloaded after import = 0

========================================================================
Received Import Request.
  Time since last request: 5.196551 seconds.
  path: Assets/Ultimate 10 Plus Shaders/Materials
  artifactKey: Guid(878e8ea14dcd14b47962dca08e365d2b) Importer(815301076,1909f56bfc062723c751e8b465ee728b)
Start importing Assets/Ultimate 10 Plus Shaders/Materials using Guid(878e8ea14dcd14b47962dca08e365d2b) Importer(815301076,1909f56bfc062723c751e8b465ee728b) (PreviewImporter) -> (artifact id: 'd1b0be234c9cf5ed80b99b85e77dae0f') in 0.0006231 seconds
Number of updated asset objects reloaded before import = 0Number of asset objects unloaded after import = 0

========================================================================
Received Import Request.
  Time since last request: 8.587633 seconds.
  path: Assets/Ultimate 10 Plus Shaders/Materials/Textures
  artifactKey: Guid(8382b9f138565544b9e6d19a6f6e4677) Importer(815301076,1909f56bfc062723c751e8b465ee728b)
Start importing Assets/Ultimate 10 Plus Shaders/Materials/Textures using Guid(8382b9f138565544b9e6d19a6f6e4677) Importer(815301076,1909f56bfc062723c751e8b465ee728b) (PreviewImporter) -> (artifact id: 'b69ac503338cb163cad26b4dde2a4e89') in 0.0007356 seconds
Number of updated asset objects reloaded before import = 0Number of asset objects unloaded after import = 0

========================================================================
Received Import Request.
  Time since last request: 11.934094 seconds.
  path: Assets/Ultimate 10 Plus Shaders/Materials/Unique
  artifactKey: Guid(837e39c55929ceb48b2f4e4d3694e257) Importer(815301076,1909f56bfc062723c751e8b465ee728b)
Start importing Assets/Ultimate 10 Plus Shaders/Materials/Unique using Guid(837e39c55929ceb48b2f4e4d3694e257) Importer(815301076,1909f56bfc062723c751e8b465ee728b) (PreviewImporter) -> (artifact id: '8bfad2fcd38ed59da40526601355c4ed') in 0.0006833 seconds
Number of updated asset objects reloaded before import = 0Number of asset objects unloaded after import = 0

========================================================================
Received Import Request.
  Time since last request: 27.080867 seconds.
  path: Assets/Ultimate 10 Plus Shaders/Materials/Textures/noise1.png
  artifactKey: Guid(39a00f3a4d887cc448b5d165b19938eb) Importer(815301076,1909f56bfc062723c751e8b465ee728b)
Start importing Assets/Ultimate 10 Plus Shaders/Materials/Textures/noise1.png using Guid(39a00f3a4d887cc448b5d165b19938eb) Importer(815301076,1909f56bfc062723c751e8b465ee728b) (PreviewImporter) -> (artifact id: 'b134d464dbd9de24be055016288ce1dc') in 0.0587914 seconds
Number of updated asset objects reloaded before import = 0Number of asset objects unloaded after import = 2

========================================================================
Received Import Request.
  Time since last request: 52.915644 seconds.
  path: Assets/Ultimate 10 Plus Shaders/Materials/Textures/rock.png
  artifactKey: Guid(1d557bc533f5684438d25d03042b1025) Importer(815301076,1909f56bfc062723c751e8b465ee728b)
Start importing Assets/Ultimate 10 Plus Shaders/Materials/Textures/rock.png using Guid(1d557bc533f5684438d25d03042b1025) Importer(815301076,1909f56bfc062723c751e8b465ee728b) (PreviewImporter) -> (artifact id: '90fc5385236c3197f2cb2ef13348fa24') in 0.0277864 seconds
Number of updated asset objects reloaded before import = 0Number of asset objects unloaded after import = 2

========================================================================
Received Import Request.
  Time since last request: 9.504818 seconds.
  path: Assets/Ultimate 10 Plus Shaders/Materials/Textures/hexagon_grid.png
  artifactKey: Guid(e61a550a7ddc3304fbfe0a01919efe9c) Importer(815301076,1909f56bfc062723c751e8b465ee728b)
Start importing Assets/Ultimate 10 Plus Shaders/Materials/Textures/hexagon_grid.png using Guid(e61a550a7ddc3304fbfe0a01919efe9c) Importer(815301076,1909f56bfc062723c751e8b465ee728b) (PreviewImporter) -> (artifact id: '51444e22c2b03a8e7c80ac177cab656a') in 0.0528297 seconds
Number of updated asset objects reloaded before import = 0Number of asset objects unloaded after import = 3

========================================================================
Received Prepare
Refreshing native plugins compatible for Editor in 1.37 ms, found 3 plugins.
Preloading 0 native plugins for Editor in 0.00 ms.
Unloading 23 Unused Serialized files (Serialized files now loaded: 0)
Unloading 6202 unused Assets / (6.2 MB). Loaded Objects now: 6957.
Memory consumption went from 177.1 MB to 170.8 MB.
Total: 14.283900 ms (FindLiveObjects: 1.402200 ms CreateObjectMapping: 0.974000 ms MarkObjects: 6.925400 ms  DeleteObjects: 4.980000 ms)

Prepare: number of updated asset objects reloaded= 0
========================================================================
Received Prepare
Begin MonoManager ReloadAssembly
C:\build\output\Unity-Technologies\mono\mono\metadata\icall.c:1842:
C:\build\output\Unity-Technologies\mono\mono\metadata\icall.c:1842:
C:\build\output\Unity-Technologies\mono\mono\metadata\icall.c:1842:
C:\build\output\Unity-Technologies\mono\mono\metadata\icall.c:1842:
C:\build\output\Unity-Technologies\mono\mono\metadata\icall.c:1842:
C:\build\output\Unity-Technologies\mono\mono\metadata\icall.c:1842:
C:\build\output\Unity-Technologies\mono\mono\metadata\icall.c:1842:
C:\build\output\Unity-Technologies\mono\mono\metadata\icall.c:1842:
C:\build\output\Unity-Technologies\mono\mono\metadata\icall.c:1842:
C:\build\output\Unity-Technologies\mono\mono\metadata\icall.c:1842:
C:\build\output\Unity-Technologies\mono\mono\metadata\icall.c:1842:
C:\build\output\Unity-Technologies\mono\mono\metadata\icall.c:1842:
- Loaded All Assemblies, in  1.519 seconds
Refreshing native plugins compatible for Editor in 1.53 ms, found 3 plugins.
Native extension for LinuxStandalone target not found
Native extension for AppleTV target not found
Native extension for iOS target not found
Native extension for Android target not found
Native extension for UWP target not found
Native extension for WindowsStandalone target not found
Native extension for OSXStandalone target not found
Native extension for WebGL target not found
Mono: successfully reloaded assembly
- Finished resetting the current domain, in  0.727 seconds
Domain Reload Profiling: 2240ms
	BeginReloadAssembly (299ms)
		ExecutionOrderSort (0ms)
		DisableScriptedObjects (4ms)
		BackupInstance (0ms)
		ReleaseScriptingObjects (0ms)
		CreateAndSetChildDomain (53ms)
	RebuildCommonClasses (39ms)
	RebuildNativeTypeToScriptingClass (15ms)
	initialDomainReloadingComplete (37ms)
	LoadAllAssembliesAndSetupDomain (1123ms)
		LoadAssemblies (1129ms)
		RebuildTransferFunctionScriptingTraits (0ms)
		AnalyzeDomain (184ms)
			TypeCache.Refresh (10ms)
				TypeCache.ScanAssembly (1ms)
			BuildScriptInfoCaches (159ms)
			ResolveRequiredComponents (12ms)
	FinalizeReload (727ms)
		ReleaseScriptCaches (0ms)
		RebuildScriptCaches (0ms)
		SetupLoadedEditorAssemblies (522ms)
			LogAssemblyErrors (0ms)
			InitializePlatformSupportModulesInManaged (41ms)
			SetLoadedEditorAssemblies (3ms)
			BeforeProcessingInitializeOnLoad (75ms)
			ProcessInitializeOnLoadAttributes (357ms)
			ProcessInitializeOnLoadMethodAttributes (34ms)
			AfterProcessingInitializeOnLoad (12ms)
			EditorAssembliesLoaded (0ms)
		ExecutionOrderSort2 (0ms)
		AwakeInstancesAfterBackupRestoration (7ms)
Refreshing native plugins compatible for Editor in 1.18 ms, found 3 plugins.
Preloading 0 native plugins for Editor in 0.00 ms.
Unloading 25 Unused Serialized files (Serialized files now loaded: 0)
Unloading 6211 unused Assets / (5.6 MB). Loaded Objects now: 6956.
Memory consumption went from 179.0 MB to 173.4 MB.
Total: 8.198900 ms (FindLiveObjects: 0.944600 ms CreateObjectMapping: 0.295900 ms MarkObjects: 4.145800 ms  DeleteObjects: 2.811700 ms)

Prepare: number of updated asset objects reloaded= 0
========================================================================
Received Prepare
Begin MonoManager ReloadAssembly
C:\build\output\Unity-Technologies\mono\mono\metadata\icall.c:1842:
C:\build\output\Unity-Technologies\mono\mono\metadata\icall.c:1842:
C:\build\output\Unity-Technologies\mono\mono\metadata\icall.c:1842:
C:\build\output\Unity-Technologies\mono\mono\metadata\icall.c:1842:
C:\build\output\Unity-Technologies\mono\mono\metadata\icall.c:1842:
C:\build\output\Unity-Technologies\mono\mono\metadata\icall.c:1842:
C:\build\output\Unity-Technologies\mono\mono\metadata\icall.c:1842:
C:\build\output\Unity-Technologies\mono\mono\metadata\icall.c:1842:
C:\build\output\Unity-Technologies\mono\mono\metadata\icall.c:1842:
C:\build\output\Unity-Technologies\mono\mono\metadata\icall.c:1842:
C:\build\output\Unity-Technologies\mono\mono\metadata\icall.c:1842:
C:\build\output\Unity-Technologies\mono\mono\metadata\icall.c:1842:
- Loaded All Assemblies, in  0.856 seconds
Refreshing native plugins compatible for Editor in 1.44 ms, found 3 plugins.
Native extension for LinuxStandalone target not found
Native extension for AppleTV target not found
Native extension for iOS target not found
Native extension for Android target not found
Native extension for UWP target not found
Native extension for WindowsStandalone target not found
Native extension for OSXStandalone target not found
Native extension for WebGL target not found
Mono: successfully reloaded assembly
- Finished resetting the current domain, in  0.793 seconds
Domain Reload Profiling: 1640ms
	BeginReloadAssembly (242ms)
		ExecutionOrderSort (0ms)
		DisableScriptedObjects (15ms)
		BackupInstance (0ms)
		ReleaseScriptingObjects (0ms)
		CreateAndSetChildDomain (51ms)
	RebuildCommonClasses (38ms)
	RebuildNativeTypeToScriptingClass (15ms)
	initialDomainReloadingComplete (35ms)
	LoadAllAssembliesAndSetupDomain (516ms)
		LoadAssemblies (443ms)
		RebuildTransferFunctionScriptingTraits (0ms)
		AnalyzeDomain (183ms)
			TypeCache.Refresh (14ms)
				TypeCache.ScanAssembly (2ms)
			BuildScriptInfoCaches (154ms)
			ResolveRequiredComponents (12ms)
	FinalizeReload (794ms)
		ReleaseScriptCaches (0ms)
		RebuildScriptCaches (0ms)
		SetupLoadedEditorAssemblies (549ms)
			LogAssemblyErrors (0ms)
			InitializePlatformSupportModulesInManaged (43ms)
			SetLoadedEditorAssemblies (3ms)
			BeforeProcessingInitializeOnLoad (97ms)
			ProcessInitializeOnLoadAttributes (359ms)
			ProcessInitializeOnLoadMethodAttributes (34ms)
			AfterProcessingInitializeOnLoad (12ms)
			EditorAssembliesLoaded (0ms)
		ExecutionOrderSort2 (0ms)
		AwakeInstancesAfterBackupRestoration (8ms)
Refreshing native plugins compatible for Editor in 1.34 ms, found 3 plugins.
Preloading 0 native plugins for Editor in 0.00 ms.
Unloading 33 Unused Serialized files (Serialized files now loaded: 0)
Unloading 6228 unused Assets / (6.1 MB). Loaded Objects now: 6965.
Memory consumption went from 183.0 MB to 176.9 MB.
Total: 10.724800 ms (FindLiveObjects: 1.038700 ms CreateObjectMapping: 0.907300 ms MarkObjects: 4.945000 ms  DeleteObjects: 3.832500 ms)

Prepare: number of updated asset objects reloaded= 0
