Using pre-set license
Built from '2022.3/staging' branch; Version is '2022.3.15f1 (b58023a2b463) revision 11894819'; Using compiler version '192829333'; Build Type 'Release'
OS: 'Windows 10  (10.0.19045) 64bit Core' Language: 'en' Physical Memory: 12285 MB
BatchMode: 1, IsHumanControllingUs: 0, StartBugReporterOnCrash: 0, Is64bit: 1, IsPro: 1

COMMAND LINE ARGUMENTS:
C:\Program Files\Unity\Hub\Editor\2022.3.15f1\Editor\Unity.exe
-adb2
-batchMode
-noUpm
-name
AssetImportWorker9
-projectPath
D:/Documents/College/BlobingtonFMP
-logFile
Logs/AssetImportWorker9.log
-srvPort
62810
Successfully changed project path to: D:/Documents/College/BlobingtonFMP
D:/Documents/College/BlobingtonFMP
[UnityMemory] Configuration Parameters - Can be set up in boot.config
    "memorysetup-bucket-allocator-granularity=16"
    "memorysetup-bucket-allocator-bucket-count=8"
    "memorysetup-bucket-allocator-block-size=33554432"
    "memorysetup-bucket-allocator-block-count=8"
    "memorysetup-main-allocator-block-size=16777216"
    "memorysetup-thread-allocator-block-size=16777216"
    "memorysetup-gfx-main-allocator-block-size=16777216"
    "memorysetup-gfx-thread-allocator-block-size=16777216"
    "memorysetup-cache-allocator-block-size=4194304"
    "memorysetup-typetree-allocator-block-size=2097152"
    "memorysetup-profiler-bucket-allocator-granularity=16"
    "memorysetup-profiler-bucket-allocator-bucket-count=8"
    "memorysetup-profiler-bucket-allocator-block-size=33554432"
    "memorysetup-profiler-bucket-allocator-block-count=8"
    "memorysetup-profiler-allocator-block-size=16777216"
    "memorysetup-profiler-editor-allocator-block-size=1048576"
    "memorysetup-temp-allocator-size-main=16777216"
    "memorysetup-job-temp-allocator-block-size=2097152"
    "memorysetup-job-temp-allocator-block-size-background=1048576"
    "memorysetup-job-temp-allocator-reduction-small-platforms=262144"
    "memorysetup-allocator-temp-initial-block-size-main=262144"
    "memorysetup-allocator-temp-initial-block-size-worker=262144"
    "memorysetup-temp-allocator-size-background-worker=32768"
    "memorysetup-temp-allocator-size-job-worker=262144"
    "memorysetup-temp-allocator-size-preload-manager=33554432"
    "memorysetup-temp-allocator-size-nav-mesh-worker=65536"
    "memorysetup-temp-allocator-size-audio-worker=65536"
    "memorysetup-temp-allocator-size-cloud-worker=32768"
    "memorysetup-temp-allocator-size-gi-baking-worker=262144"
    "memorysetup-temp-allocator-size-gfx=262144"
Player connection [9504] Host "[IP] 192.168.1.159 [Port] 0 [Flags] 2 [Guid] 166719139 [EditorId] 166719139 [Version] 1048832 [Id] WindowsEditor(7,DESKTOP-Q2DHV6M) [Debug] 1 [PackageName] WindowsEditor [ProjectName] Editor" joined multi-casting on [225.0.0.222:54997]...

Player connection [9504] Host "[IP] 192.168.1.159 [Port] 0 [Flags] 2 [Guid] 166719139 [EditorId] 166719139 [Version] 1048832 [Id] WindowsEditor(7,DESKTOP-Q2DHV6M) [Debug] 1 [PackageName] WindowsEditor [ProjectName] Editor" joined alternative multi-casting on [225.0.0.222:34997]...

[Physics::Module] Initialized MultithreadedJobDispatcher with 5 workers.
Refreshing native plugins compatible for Editor in 21.22 ms, found 3 plugins.
Preloading 0 native plugins for Editor in 0.00 ms.
Initialize engine version: 2022.3.15f1 (b58023a2b463)
[Subsystems] Discovering subsystems at path C:/Program Files/Unity/Hub/Editor/2022.3.15f1/Editor/Data/Resources/UnitySubsystems
[Subsystems] Discovering subsystems at path D:/Documents/College/BlobingtonFMP/Assets
GfxDevice: creating device client; threaded=0; jobified=0
Direct3D:
    Version:  Direct3D 11.0 [level 11.1]
    Renderer: NVIDIA GeForce GTX 970 (ID=0x13c2)
    Vendor:   NVIDIA
    VRAM:     4037 MB
    Driver:   31.0.15.3623
Initialize mono
Mono path[0] = 'C:/Program Files/Unity/Hub/Editor/2022.3.15f1/Editor/Data/Managed'
Mono path[1] = 'C:/Program Files/Unity/Hub/Editor/2022.3.15f1/Editor/Data/MonoBleedingEdge/lib/mono/unityjit-win32'
Mono config path = 'C:/Program Files/Unity/Hub/Editor/2022.3.15f1/Editor/Data/MonoBleedingEdge/etc'
Using monoOptions --debugger-agent=transport=dt_socket,embedding=1,server=y,suspend=n,address=127.0.0.1:56708
Begin MonoManager ReloadAssembly
Registering precompiled unity dll's ...
Register platform support module: C:/Program Files/Unity/Hub/Editor/2022.3.15f1/Editor/Data/PlaybackEngines/WebGLSupport/UnityEditor.WebGL.Extensions.dll
Register platform support module: C:/Program Files/Unity/Hub/Editor/2022.3.15f1/Editor/Data/PlaybackEngines/WindowsStandaloneSupport/UnityEditor.WindowsStandalone.Extensions.dll
Registered in 0.025426 seconds.
- Loaded All Assemblies, in  0.795 seconds
Native extension for WindowsStandalone target not found
Native extension for WebGL target not found
Mono: successfully reloaded assembly
- Finished resetting the current domain, in  0.607 seconds
Domain Reload Profiling: 1398ms
	BeginReloadAssembly (243ms)
		ExecutionOrderSort (0ms)
		DisableScriptedObjects (0ms)
		BackupInstance (0ms)
		ReleaseScriptingObjects (0ms)
		CreateAndSetChildDomain (2ms)
	RebuildCommonClasses (77ms)
	RebuildNativeTypeToScriptingClass (24ms)
	initialDomainReloadingComplete (135ms)
	LoadAllAssembliesAndSetupDomain (311ms)
		LoadAssemblies (238ms)
		RebuildTransferFunctionScriptingTraits (0ms)
		AnalyzeDomain (307ms)
			TypeCache.Refresh (304ms)
				TypeCache.ScanAssembly (274ms)
			ScanForSourceGeneratedMonoScriptInfo (1ms)
			ResolveRequiredComponents (1ms)
	FinalizeReload (608ms)
		ReleaseScriptCaches (0ms)
		RebuildScriptCaches (0ms)
		SetupLoadedEditorAssemblies (471ms)
			LogAssemblyErrors (0ms)
			InitializePlatformSupportModulesInManaged (28ms)
			SetLoadedEditorAssemblies (12ms)
			RefreshPlugins (0ms)
			BeforeProcessingInitializeOnLoad (7ms)
			ProcessInitializeOnLoadAttributes (331ms)
			ProcessInitializeOnLoadMethodAttributes (93ms)
			AfterProcessingInitializeOnLoad (0ms)
			EditorAssembliesLoaded (0ms)
		ExecutionOrderSort2 (0ms)
		AwakeInstancesAfterBackupRestoration (0ms)
========================================================================
Worker process is ready to serve import requests
Begin MonoManager ReloadAssembly
- Loaded All Assemblies, in  1.769 seconds
Refreshing native plugins compatible for Editor in 9.59 ms, found 3 plugins.
Native extension for WindowsStandalone target not found
Native extension for WebGL target not found
Package Manager log level set to [2]
[Package Manager] Server::EnsureServerProcessIsRunning -- launch failed, reason: Unity was launched with the -noUpm command-line argument
[Package Manager] UpmClient::Send -- Unable to send message (not connected to UPM process).
[Package Manager] Cannot connect to Unity Package Manager local server
Mono: successfully reloaded assembly
- Finished resetting the current domain, in  1.676 seconds
Domain Reload Profiling: 3439ms
	BeginReloadAssembly (328ms)
		ExecutionOrderSort (0ms)
		DisableScriptedObjects (11ms)
		BackupInstance (0ms)
		ReleaseScriptingObjects (0ms)
		CreateAndSetChildDomain (38ms)
	RebuildCommonClasses (105ms)
	RebuildNativeTypeToScriptingClass (26ms)
	initialDomainReloadingComplete (113ms)
	LoadAllAssembliesAndSetupDomain (1190ms)
		LoadAssemblies (788ms)
		RebuildTransferFunctionScriptingTraits (0ms)
		AnalyzeDomain (603ms)
			TypeCache.Refresh (499ms)
				TypeCache.ScanAssembly (454ms)
			ScanForSourceGeneratedMonoScriptInfo (72ms)
			ResolveRequiredComponents (30ms)
	FinalizeReload (1677ms)
		ReleaseScriptCaches (0ms)
		RebuildScriptCaches (0ms)
		SetupLoadedEditorAssemblies (1307ms)
			LogAssemblyErrors (0ms)
			InitializePlatformSupportModulesInManaged (19ms)
			SetLoadedEditorAssemblies (7ms)
			RefreshPlugins (0ms)
			BeforeProcessingInitializeOnLoad (181ms)
			ProcessInitializeOnLoadAttributes (941ms)
			ProcessInitializeOnLoadMethodAttributes (137ms)
			AfterProcessingInitializeOnLoad (22ms)
			EditorAssembliesLoaded (0ms)
		ExecutionOrderSort2 (0ms)
		AwakeInstancesAfterBackupRestoration (12ms)
Launched and connected shader compiler UnityShaderCompiler.exe after 0.07 seconds
Refreshing native plugins compatible for Editor in 7.99 ms, found 3 plugins.
Preloading 0 native plugins for Editor in 0.00 ms.
Unloading 6032 Unused Serialized files (Serialized files now loaded: 0)
Unloading 91 unused Assets / (475.3 KB). Loaded Objects now: 6491.
Memory consumption went from 235.3 MB to 234.8 MB.
Total: 10.398400 ms (FindLiveObjects: 1.509700 ms CreateObjectMapping: 0.625900 ms MarkObjects: 7.765300 ms  DeleteObjects: 0.495000 ms)

AssetImportParameters requested are different than current active one (requested -> active):
  custom:container-demuxer-ogg: 62fdf1f143b41e24485cea50d1cbac27 -> 
  custom:video-decoder-ogg-theora: a1e56fd34408186e4bbccfd4996cb3dc -> 
  custom:framework-win-MediaFoundation: 216162199b28c13a410421893ffa2e32 -> 
  custom:CustomObjectIndexerAttribute: 4d1d7186bcbbfe361de5f0ad951e585c -> 
  custom:container-demuxer-webm: 4f35f7cbe854078d1ac9338744f61a02 -> 
  custom:container-muxer-webm: aa71ff27fc2769a1b78a27578f13a17b -> 
  custom:video-decoder-webm-vp8: 9c59270c3fd7afecdb556c50c9e8de78 -> 
  custom:SearchIndexIgnoredProperties: e643bd26f0fe6173181afceb89e7c659 -> 
  custom:AudioImporter_EditorPlatform: d09bf68614088b80899f8185d706f6e7 -> 
  custom:video-encoder-webm-vp8: eb34c28f22e8b96e1ab97ce403110664 -> 
  custom:audio-decoder-ogg-vorbis: bf7c407c2cedff20999df2af8eb42d56 -> 
  custom:audio-encoder-webm-vorbis: bf7c407c2cedff20999df2af8eb42d56 -> 
========================================================================
Received Import Request.
  Time since last request: 56107.039954 seconds.
  path: Assets/Brick Project Studio/Apartment Kit/Common/Textures/Misc/Colors_apt_02_A.png
  artifactKey: Guid(d78d543570cf39449a8e89367decddbe) Importer(815301076,1909f56bfc062723c751e8b465ee728b)
Start importing Assets/Brick Project Studio/Apartment Kit/Common/Textures/Misc/Colors_apt_02_A.png using Guid(d78d543570cf39449a8e89367decddbe) Importer(815301076,1909f56bfc062723c751e8b465ee728b)  -> (artifact id: '8ffa548b948d770804a5da5b1d04355a') in 0.181095 seconds
Number of updated asset objects reloaded before import = 0
Number of asset objects unloaded after import = 2
========================================================================
Received Import Request.
  Time since last request: 1.373020 seconds.
  path: Assets/Brick Project Studio/Apartment Kit/Common/Textures/Misc/ControlPanel_apt.png
  artifactKey: Guid(2595a59e4bb200a479cd18949ee5d090) Importer(815301076,1909f56bfc062723c751e8b465ee728b)
Start importing Assets/Brick Project Studio/Apartment Kit/Common/Textures/Misc/ControlPanel_apt.png using Guid(2595a59e4bb200a479cd18949ee5d090) Importer(815301076,1909f56bfc062723c751e8b465ee728b)  -> (artifact id: '1dceddbcf1e8bb663bd84d12ac225921') in 0.120463 seconds
Number of updated asset objects reloaded before import = 0
Number of asset objects unloaded after import = 2
========================================================================
Received Import Request.
  Time since last request: 0.315744 seconds.
  path: Assets/TextMesh Pro/Examples & Extras/Sprites/Default Sprites.png
  artifactKey: Guid(a0fc465d6cf04254a2938578735e2383) Importer(815301076,1909f56bfc062723c751e8b465ee728b)
Start importing Assets/TextMesh Pro/Examples & Extras/Sprites/Default Sprites.png using Guid(a0fc465d6cf04254a2938578735e2383) Importer(815301076,1909f56bfc062723c751e8b465ee728b)  -> (artifact id: 'b284c3cfd58a4a6daae4c1ef8b2febe7') in 0.053357 seconds
Number of updated asset objects reloaded before import = 0
Number of asset objects unloaded after import = 2
========================================================================
Received Import Request.
  Time since last request: 0.240676 seconds.
  path: Assets/Brick Project Studio/Apartment Kit/Common/Textures/Misc/DoorMat_01_A.png
  artifactKey: Guid(0db0ab6731c66044c84b00e0d891778e) Importer(815301076,1909f56bfc062723c751e8b465ee728b)
Start importing Assets/Brick Project Studio/Apartment Kit/Common/Textures/Misc/DoorMat_01_A.png using Guid(0db0ab6731c66044c84b00e0d891778e) Importer(815301076,1909f56bfc062723c751e8b465ee728b)  -> (artifact id: '6fcecb774875aadaf5e987a52d760b92') in 0.078074 seconds
Number of updated asset objects reloaded before import = 0
Number of asset objects unloaded after import = 2
========================================================================
Received Import Request.
  Time since last request: 0.000034 seconds.
  path: Assets/Starfield Skybox/Demo/Textures/Down_Tex.png
  artifactKey: Guid(a3b2b45ab4da8b343ad09a56207d3910) Importer(815301076,1909f56bfc062723c751e8b465ee728b)
Start importing Assets/Starfield Skybox/Demo/Textures/Down_Tex.png using Guid(a3b2b45ab4da8b343ad09a56207d3910) Importer(815301076,1909f56bfc062723c751e8b465ee728b)  -> (artifact id: '7566630359005bc838ae44fcaea250c9') in 0.307767 seconds
Number of updated asset objects reloaded before import = 0
Number of asset objects unloaded after import = 2
========================================================================
Received Import Request.
  Time since last request: 1.224446 seconds.
  path: Assets/TextMesh Pro/Examples & Extras/Resources/Fonts & Materials/Electronic Highway Sign SDF.asset
  artifactKey: Guid(dc36b3fdc14f47ebb36fd484a67e268a) Importer(815301076,1909f56bfc062723c751e8b465ee728b)
Start importing Assets/TextMesh Pro/Examples & Extras/Resources/Fonts & Materials/Electronic Highway Sign SDF.asset using Guid(dc36b3fdc14f47ebb36fd484a67e268a) Importer(815301076,1909f56bfc062723c751e8b465ee728b)  -> (artifact id: '54f5fbb5a69baf3bc24364505ac54623') in 0.614948 seconds
Number of updated asset objects reloaded before import = 0
Number of asset objects unloaded after import = 7
========================================================================
Received Import Request.
  Time since last request: 0.398925 seconds.
  path: Assets/Brick Project Studio/_BPS Basic Assets/Common/Textures/Basic Asset/Ext_BA_01.png
  artifactKey: Guid(557d00f8839f23f4d9300672c1aa5d58) Importer(815301076,1909f56bfc062723c751e8b465ee728b)
Start importing Assets/Brick Project Studio/_BPS Basic Assets/Common/Textures/Basic Asset/Ext_BA_01.png using Guid(557d00f8839f23f4d9300672c1aa5d58) Importer(815301076,1909f56bfc062723c751e8b465ee728b)  -> (artifact id: '18ce5a063da8b79d33982b20b5dfc69b') in 0.453889 seconds
Number of updated asset objects reloaded before import = 0
Number of asset objects unloaded after import = 2
========================================================================
Received Import Request.
  Time since last request: 0.637078 seconds.
  path: Assets/Brick Project Studio/Apartment Kit/Common/Textures/Surface/Fabric_01_N.png
  artifactKey: Guid(58bfd504e106d80488fcbb9512c2fa31) Importer(815301076,1909f56bfc062723c751e8b465ee728b)
Start importing Assets/Brick Project Studio/Apartment Kit/Common/Textures/Surface/Fabric_01_N.png using Guid(58bfd504e106d80488fcbb9512c2fa31) Importer(815301076,1909f56bfc062723c751e8b465ee728b)  -> (artifact id: 'c00ec34984293ac93abf2b2665c375c9') in 0.103366 seconds
Number of updated asset objects reloaded before import = 0
Number of asset objects unloaded after import = 2
========================================================================
Received Import Request.
  Time since last request: 0.527278 seconds.
  path: Assets/Brick Project Studio/_BPS Basic Assets/Common/Textures/Fire/Fire_Texture_02.tga
  artifactKey: Guid(c8b0b917072902c4f90273607a87d9b0) Importer(815301076,1909f56bfc062723c751e8b465ee728b)
Start importing Assets/Brick Project Studio/_BPS Basic Assets/Common/Textures/Fire/Fire_Texture_02.tga using Guid(c8b0b917072902c4f90273607a87d9b0) Importer(815301076,1909f56bfc062723c751e8b465ee728b)  -> (artifact id: '7bc649f085545d277deae99d39503076') in 0.077172 seconds
Number of updated asset objects reloaded before import = 0
Number of asset objects unloaded after import = 2
========================================================================
Received Import Request.
  Time since last request: 0.395564 seconds.
  path: Assets/TextMesh Pro/Examples & Extras/Textures/Floor Tiles 1 - diffuse.jpg
  artifactKey: Guid(85ac55597b97403c82fc6601a93cf241) Importer(815301076,1909f56bfc062723c751e8b465ee728b)
Start importing Assets/TextMesh Pro/Examples & Extras/Textures/Floor Tiles 1 - diffuse.jpg using Guid(85ac55597b97403c82fc6601a93cf241) Importer(815301076,1909f56bfc062723c751e8b465ee728b)  -> (artifact id: '9dd1532c6cdc2a6daccac16ec3f60bef') in 0.048390 seconds
Number of updated asset objects reloaded before import = 0
Number of asset objects unloaded after import = 2
========================================================================
Received Import Request.
  Time since last request: 0.001109 seconds.
  path: Assets/Samples/Universal RP/13.1.8/URP Package Samples/SharedAssets/Fonts/Lato-Regular.ttf
  artifactKey: Guid(41c277dc43e1949a49ddfa34597b8af2) Importer(815301076,1909f56bfc062723c751e8b465ee728b)
Start importing Assets/Samples/Universal RP/13.1.8/URP Package Samples/SharedAssets/Fonts/Lato-Regular.ttf using Guid(41c277dc43e1949a49ddfa34597b8af2) Importer(815301076,1909f56bfc062723c751e8b465ee728b)  -> (artifact id: 'b8e39a5a67869dd7b5fdbe5cfaecf2f9') in 0.058342 seconds
Number of updated asset objects reloaded before import = 0
Number of asset objects unloaded after import = 5
========================================================================
Received Import Request.
  Time since last request: 0.229705 seconds.
  path: Assets/TextMesh Pro/Examples & Extras/Fonts/Electronic Highway Sign.TTF
  artifactKey: Guid(8a2b9e2a607dd2143b58c44bc32410b4) Importer(815301076,1909f56bfc062723c751e8b465ee728b)
Start importing Assets/TextMesh Pro/Examples & Extras/Fonts/Electronic Highway Sign.TTF using Guid(8a2b9e2a607dd2143b58c44bc32410b4) Importer(815301076,1909f56bfc062723c751e8b465ee728b)  -> (artifact id: 'afbcb00f8a63e2ee01b505e66b506e86') in 0.023602 seconds
Number of updated asset objects reloaded before import = 0
Number of asset objects unloaded after import = 5
========================================================================
Received Import Request.
  Time since last request: 0.486482 seconds.
  path: Assets/TextMesh Pro/Examples & Extras/Fonts/Roboto-Bold.ttf
  artifactKey: Guid(4beb055f07aaff244873dec698d0363e) Importer(815301076,1909f56bfc062723c751e8b465ee728b)
Start importing Assets/TextMesh Pro/Examples & Extras/Fonts/Roboto-Bold.ttf using Guid(4beb055f07aaff244873dec698d0363e) Importer(815301076,1909f56bfc062723c751e8b465ee728b)  -> (artifact id: 'c353bcd3a82e95a576cb35734c51cb9c') in 0.024555 seconds
Number of updated asset objects reloaded before import = 0
Number of asset objects unloaded after import = 5
========================================================================
Received Import Request.
  Time since last request: 0.043675 seconds.
  path: Assets/TextMesh Pro/Examples & Extras/Fonts/Bangers.ttf
  artifactKey: Guid(5dd49b3eacc540408c98eee0de38e0f1) Importer(815301076,1909f56bfc062723c751e8b465ee728b)
Start importing Assets/TextMesh Pro/Examples & Extras/Fonts/Bangers.ttf using Guid(5dd49b3eacc540408c98eee0de38e0f1) Importer(815301076,1909f56bfc062723c751e8b465ee728b)  -> (artifact id: 'f9930eaac4c9c67d447985bde76fb32a') in 0.024582 seconds
Number of updated asset objects reloaded before import = 0
Number of asset objects unloaded after import = 5
========================================================================
Received Import Request.
  Time since last request: 0.543565 seconds.
  path: Assets/TextMesh Pro/Examples & Extras/Textures/Fruit Jelly (B&W).jpg
  artifactKey: Guid(1cdc5b506b1a4a33a53c30669ced1f51) Importer(815301076,1909f56bfc062723c751e8b465ee728b)
Start importing Assets/TextMesh Pro/Examples & Extras/Textures/Fruit Jelly (B&W).jpg using Guid(1cdc5b506b1a4a33a53c30669ced1f51) Importer(815301076,1909f56bfc062723c751e8b465ee728b)  -> (artifact id: 'f2a82c9484c88d5ef3ebc1cf3f64a973') in 0.046367 seconds
Number of updated asset objects reloaded before import = 0
Number of asset objects unloaded after import = 2
========================================================================
Received Import Request.
  Time since last request: 0.000047 seconds.
  path: Assets/3rdPerson+Fly/Textures/gamepad.png
  artifactKey: Guid(29cf0593d32107a4194c6eda267fbb08) Importer(815301076,1909f56bfc062723c751e8b465ee728b)
Start importing Assets/3rdPerson+Fly/Textures/gamepad.png using Guid(29cf0593d32107a4194c6eda267fbb08) Importer(815301076,1909f56bfc062723c751e8b465ee728b)  -> (artifact id: '263c0e6a6911cd625a93da28eb67c985') in 0.071151 seconds
Number of updated asset objects reloaded before import = 0
Number of asset objects unloaded after import = 3
========================================================================
Received Import Request.
  Time since last request: 0.364978 seconds.
  path: Assets/TextMesh Pro/Examples & Extras/Textures/Gradient Horizontal (Color).jpg
  artifactKey: Guid(6eb184de103d4b3f812b38561065192f) Importer(815301076,1909f56bfc062723c751e8b465ee728b)
Start importing Assets/TextMesh Pro/Examples & Extras/Textures/Gradient Horizontal (Color).jpg using Guid(6eb184de103d4b3f812b38561065192f) Importer(815301076,1909f56bfc062723c751e8b465ee728b)  -> (artifact id: '2a2aa4fca5f296aa9baf1c7f697e8e73') in 0.036008 seconds
Number of updated asset objects reloaded before import = 0
Number of asset objects unloaded after import = 2
========================================================================
Received Import Request.
  Time since last request: 43.307982 seconds.
  path: Assets/Easy FPS/Model_Animations_Textures/main character/Textures/Hands_Normal.png
  artifactKey: Guid(bb6e21fc33d021445997c0c0f718d561) Importer(815301076,1909f56bfc062723c751e8b465ee728b)
Start importing Assets/Easy FPS/Model_Animations_Textures/main character/Textures/Hands_Normal.png using Guid(bb6e21fc33d021445997c0c0f718d561) Importer(815301076,1909f56bfc062723c751e8b465ee728b)  -> (artifact id: '160167ef68c9b7c3364304fa7f2b4176') in 0.096535 seconds
Number of updated asset objects reloaded before import = 0
Number of asset objects unloaded after import = 2
========================================================================
Received Import Request.
  Time since last request: 0.060879 seconds.
  path: Assets/3rdPerson+Fly/Textures/icon.png
  artifactKey: Guid(507eee5d6950c6e43bc1763286cd2fbf) Importer(815301076,1909f56bfc062723c751e8b465ee728b)
Start importing Assets/3rdPerson+Fly/Textures/icon.png using Guid(507eee5d6950c6e43bc1763286cd2fbf) Importer(815301076,1909f56bfc062723c751e8b465ee728b)  -> (artifact id: '111be5fcee891f49339d2c56e6540786') in 0.074992 seconds
Number of updated asset objects reloaded before import = 0
Number of asset objects unloaded after import = 3
========================================================================
Received Import Request.
  Time since last request: 0.818320 seconds.
  path: Assets/Brick Project Studio/Apartment Kit/Common/Textures/Interior Exterior/Int_Apt_01_H.png
  artifactKey: Guid(d891eeff6af0d2f41acb05df08dcaaa9) Importer(815301076,1909f56bfc062723c751e8b465ee728b)
Start importing Assets/Brick Project Studio/Apartment Kit/Common/Textures/Interior Exterior/Int_Apt_01_H.png using Guid(d891eeff6af0d2f41acb05df08dcaaa9) Importer(815301076,1909f56bfc062723c751e8b465ee728b)  -> (artifact id: '9c4f99830978d0b872353205bbee0288') in 0.174178 seconds
Number of updated asset objects reloaded before import = 0
Number of asset objects unloaded after import = 2
========================================================================
Received Import Request.
  Time since last request: 0.797789 seconds.
  path: Assets/Brick Project Studio/Apartment Kit/Common/Textures/Misc/Int_Apt_02_N.png
  artifactKey: Guid(096fc39044246a5419cdd831de80058a) Importer(815301076,1909f56bfc062723c751e8b465ee728b)
Start importing Assets/Brick Project Studio/Apartment Kit/Common/Textures/Misc/Int_Apt_02_N.png using Guid(096fc39044246a5419cdd831de80058a) Importer(815301076,1909f56bfc062723c751e8b465ee728b)  -> (artifact id: 'b18126b066d9bffe7d608ded65c10461') in 0.093756 seconds
Number of updated asset objects reloaded before import = 0
Number of asset objects unloaded after import = 2
========================================================================
Received Import Request.
  Time since last request: 0.222352 seconds.
  path: Assets/Brick Project Studio/Apartment Kit/Common/Textures/Interior Exterior/Int_Apt_03_A.png
  artifactKey: Guid(6f4826912ff8d074ea7cdfd9951e9046) Importer(815301076,1909f56bfc062723c751e8b465ee728b)
Start importing Assets/Brick Project Studio/Apartment Kit/Common/Textures/Interior Exterior/Int_Apt_03_A.png using Guid(6f4826912ff8d074ea7cdfd9951e9046) Importer(815301076,1909f56bfc062723c751e8b465ee728b)  -> (artifact id: '8a373e45e8f51ea7e31e721744080c1b') in 0.171106 seconds
Number of updated asset objects reloaded before import = 0
Number of asset objects unloaded after import = 2
========================================================================
Received Import Request.
  Time since last request: 0.000044 seconds.
  path: Assets/Brick Project Studio/Apartment Kit/Common/Textures/Interior Exterior/Int_Apt_03_N.png
  artifactKey: Guid(3fe628b28bc9f1840a32714ccf063eb3) Importer(815301076,1909f56bfc062723c751e8b465ee728b)
Start importing Assets/Brick Project Studio/Apartment Kit/Common/Textures/Interior Exterior/Int_Apt_03_N.png using Guid(3fe628b28bc9f1840a32714ccf063eb3) Importer(815301076,1909f56bfc062723c751e8b465ee728b)  -> (artifact id: 'f6edb622d0c6e59e99cc17f7fed19d38') in 0.100748 seconds
Number of updated asset objects reloaded before import = 0
Number of asset objects unloaded after import = 2
========================================================================
Received Import Request.
  Time since last request: 0.184430 seconds.
  path: Assets/Brick Project Studio/_BPS Basic Assets/Common/Textures/Basic Asset/Int_BA_01.png
  artifactKey: Guid(81996dc1d41eda84f9d6b55c50adea82) Importer(815301076,1909f56bfc062723c751e8b465ee728b)
Start importing Assets/Brick Project Studio/_BPS Basic Assets/Common/Textures/Basic Asset/Int_BA_01.png using Guid(81996dc1d41eda84f9d6b55c50adea82) Importer(815301076,1909f56bfc062723c751e8b465ee728b)  -> (artifact id: '9937e633f3ce01062fc3056471a34bd3') in 0.249394 seconds
Number of updated asset objects reloaded before import = 0
Number of asset objects unloaded after import = 2
========================================================================
Received Import Request.
  Time since last request: 0.045075 seconds.
  path: Assets/Brick Project Studio/_BPS Basic Assets/Common/Textures/Restroom/Int_RR__01_N.png
  artifactKey: Guid(df7b051b811e35a44b4b1b1ec58ca8cb) Importer(815301076,1909f56bfc062723c751e8b465ee728b)
Start importing Assets/Brick Project Studio/_BPS Basic Assets/Common/Textures/Restroom/Int_RR__01_N.png using Guid(df7b051b811e35a44b4b1b1ec58ca8cb) Importer(815301076,1909f56bfc062723c751e8b465ee728b)  -> (artifact id: '027c642c1dc6ef6c9bdce302948e3fb5') in 0.138353 seconds
Number of updated asset objects reloaded before import = 0
Number of asset objects unloaded after import = 2
========================================================================
Received Import Request.
  Time since last request: 0.000082 seconds.
  path: Assets/3rdPerson+Fly/Textures/keys.png
  artifactKey: Guid(a13c0ef82261a884d95d2f33f5d5c662) Importer(815301076,1909f56bfc062723c751e8b465ee728b)
Start importing Assets/3rdPerson+Fly/Textures/keys.png using Guid(a13c0ef82261a884d95d2f33f5d5c662) Importer(815301076,1909f56bfc062723c751e8b465ee728b)  -> (artifact id: '75f6defab23311c47fc93faff4b83ed4') in 0.055325 seconds
Number of updated asset objects reloaded before import = 0
Number of asset objects unloaded after import = 3
========================================================================
Received Import Request.
  Time since last request: 0.089006 seconds.
  path: Assets/Brick Project Studio/Apartment Kit/Common/Textures/Misc/Lamp 02 Ceiling - Normal.png
  artifactKey: Guid(10caf55c2cc68ff45af37085395b0a84) Importer(815301076,1909f56bfc062723c751e8b465ee728b)
Start importing Assets/Brick Project Studio/Apartment Kit/Common/Textures/Misc/Lamp 02 Ceiling - Normal.png using Guid(10caf55c2cc68ff45af37085395b0a84) Importer(815301076,1909f56bfc062723c751e8b465ee728b)  -> (artifact id: '942a622c663201d0708985c3fbb8b5b7') in 0.145144 seconds
Number of updated asset objects reloaded before import = 0
Number of asset objects unloaded after import = 2
========================================================================
Received Import Request.
  Time since last request: 0.000044 seconds.
  path: Assets/Brick Project Studio/Apartment Kit/Common/Textures/Misc/Lamp 02 Standing.png
  artifactKey: Guid(55dfb52b333416b4580cd9cd619b1904) Importer(815301076,1909f56bfc062723c751e8b465ee728b)
Start importing Assets/Brick Project Studio/Apartment Kit/Common/Textures/Misc/Lamp 02 Standing.png using Guid(55dfb52b333416b4580cd9cd619b1904) Importer(815301076,1909f56bfc062723c751e8b465ee728b)  -> (artifact id: '4f740d404d2c4f117afa63eae7d35862') in 0.098396 seconds
Number of updated asset objects reloaded before import = 0
Number of asset objects unloaded after import = 2
========================================================================
Received Import Request.
  Time since last request: 0.048572 seconds.
  path: Assets/Brick Project Studio/Apartment Kit/Common/Textures/Misc/Lamp 02 Table.png
  artifactKey: Guid(7f9782bc8a3dd044ba1c3077976b8b8f) Importer(815301076,1909f56bfc062723c751e8b465ee728b)
Start importing Assets/Brick Project Studio/Apartment Kit/Common/Textures/Misc/Lamp 02 Table.png using Guid(7f9782bc8a3dd044ba1c3077976b8b8f) Importer(815301076,1909f56bfc062723c751e8b465ee728b)  -> (artifact id: 'ced73ff3903ce6138232ab1c34e5c581') in 0.179469 seconds
Number of updated asset objects reloaded before import = 0
Number of asset objects unloaded after import = 2
========================================================================
Received Import Request.
  Time since last request: 0.000046 seconds.
  path: Assets/Brick Project Studio/Apartment Kit/Common/Textures/Surface/Leather_A.png
  artifactKey: Guid(e2c05aebeef07c543930c67d2767bfdc) Importer(815301076,1909f56bfc062723c751e8b465ee728b)
Start importing Assets/Brick Project Studio/Apartment Kit/Common/Textures/Surface/Leather_A.png using Guid(e2c05aebeef07c543930c67d2767bfdc) Importer(815301076,1909f56bfc062723c751e8b465ee728b)  -> (artifact id: '580a55320ef7bdcbd92ff27554fd98e9') in 0.177595 seconds
Number of updated asset objects reloaded before import = 0
Number of asset objects unloaded after import = 2
========================================================================
Received Import Request.
  Time since last request: 0.000418 seconds.
  path: Assets/TextMesh Pro/Resources/Fonts & Materials/LiberationSans SDF - Fallback.asset
  artifactKey: Guid(2e498d1c8094910479dc3e1b768306a4) Importer(815301076,1909f56bfc062723c751e8b465ee728b)
Start importing Assets/TextMesh Pro/Resources/Fonts & Materials/LiberationSans SDF - Fallback.asset using Guid(2e498d1c8094910479dc3e1b768306a4) Importer(815301076,1909f56bfc062723c751e8b465ee728b)  -> (artifact id: '01b01f026625652422ed6a776bc62393') in 0.037333 seconds
Number of updated asset objects reloaded before import = 0
Number of asset objects unloaded after import = 7
========================================================================
Received Import Request.
  Time since last request: 0.000044 seconds.
  path: Assets/Starfield Skybox/Demo/Textures/Left_Tex.png
  artifactKey: Guid(80f1020b68f9b794994187bf41ba9d21) Importer(815301076,1909f56bfc062723c751e8b465ee728b)
Start importing Assets/Starfield Skybox/Demo/Textures/Left_Tex.png using Guid(80f1020b68f9b794994187bf41ba9d21) Importer(815301076,1909f56bfc062723c751e8b465ee728b)  -> (artifact id: '8eba669499093ca29da333c42c7a9dc3') in 0.255897 seconds
Number of updated asset objects reloaded before import = 0
Number of asset objects unloaded after import = 2
========================================================================
Received Import Request.
  Time since last request: 0.160043 seconds.
  path: Assets/Samples/Universal RP/13.1.8/URP Package Samples/CameraStacking/MixedFOV/MixedFOV/Lightmap-0_comp_dir.png
  artifactKey: Guid(28f6ba1ce45c649e2b7b6a18a6bb2e11) Importer(815301076,1909f56bfc062723c751e8b465ee728b)
Start importing Assets/Samples/Universal RP/13.1.8/URP Package Samples/CameraStacking/MixedFOV/MixedFOV/Lightmap-0_comp_dir.png using Guid(28f6ba1ce45c649e2b7b6a18a6bb2e11) Importer(815301076,1909f56bfc062723c751e8b465ee728b)  -> (artifact id: '25cf40996ec960953b089bd371eba38b') in 0.046790 seconds
Number of updated asset objects reloaded before import = 0
Number of asset objects unloaded after import = 2
========================================================================
Received Import Request.
  Time since last request: 0.000046 seconds.
  path: Assets/Darkbringer Shader/LUTs/lut_64_Commanders.png
  artifactKey: Guid(b536a29ef1c463b4a894cf616766d37b) Importer(815301076,1909f56bfc062723c751e8b465ee728b)
Start importing Assets/Darkbringer Shader/LUTs/lut_64_Commanders.png using Guid(b536a29ef1c463b4a894cf616766d37b) Importer(815301076,1909f56bfc062723c751e8b465ee728b)  -> (artifact id: '542806f9ccc7f57a64c7b3d523946406') in 0.048267 seconds
Number of updated asset objects reloaded before import = 0
Number of asset objects unloaded after import = 2
========================================================================
Received Import Request.
  Time since last request: 0.000060 seconds.
  path: Assets/Darkbringer Shader/LUTs/lut_255.png
  artifactKey: Guid(ed64f9e7bcc4d9f4993fd20c43d2498d) Importer(815301076,1909f56bfc062723c751e8b465ee728b)
Start importing Assets/Darkbringer Shader/LUTs/lut_255.png using Guid(ed64f9e7bcc4d9f4993fd20c43d2498d) Importer(815301076,1909f56bfc062723c751e8b465ee728b)  -> (artifact id: 'ecb64eaa80ab35440c2e259edcb8d894') in 0.041265 seconds
Number of updated asset objects reloaded before import = 0
Number of asset objects unloaded after import = 2
========================================================================
Received Import Request.
  Time since last request: 0.867254 seconds.
  path: Assets/Darkbringer Shader/LUTs/lut_Famiclone.png
  artifactKey: Guid(bb2cf10fe2fab384f8fd1da800838cb2) Importer(815301076,1909f56bfc062723c751e8b465ee728b)
Start importing Assets/Darkbringer Shader/LUTs/lut_Famiclone.png using Guid(bb2cf10fe2fab384f8fd1da800838cb2) Importer(815301076,1909f56bfc062723c751e8b465ee728b)  -> (artifact id: '2db5034d0cf887680d7ae81c0246f2ff') in 0.048623 seconds
Number of updated asset objects reloaded before import = 0
Number of asset objects unloaded after import = 2
========================================================================
Received Import Request.
  Time since last request: 0.000046 seconds.
  path: Assets/Darkbringer Shader/LUTs/lut_Hedgehog.png
  artifactKey: Guid(da23966b994a6224287512dde61eb48c) Importer(815301076,1909f56bfc062723c751e8b465ee728b)
Start importing Assets/Darkbringer Shader/LUTs/lut_Hedgehog.png using Guid(da23966b994a6224287512dde61eb48c) Importer(815301076,1909f56bfc062723c751e8b465ee728b)  -> (artifact id: '51bee35365eca5738426e76a5b8ab513') in 0.050684 seconds
Number of updated asset objects reloaded before import = 0
Number of asset objects unloaded after import = 2
========================================================================
Received Import Request.
  Time since last request: 0.512687 seconds.
  path: Assets/Darkbringer Shader/LUTs/lut_stock.PNG
  artifactKey: Guid(ad6e386de0e0fb14096d245400d241d3) Importer(815301076,1909f56bfc062723c751e8b465ee728b)
Start importing Assets/Darkbringer Shader/LUTs/lut_stock.PNG using Guid(ad6e386de0e0fb14096d245400d241d3) Importer(815301076,1909f56bfc062723c751e8b465ee728b)  -> (artifact id: '7603ebbf1f8444242802dc0d686d6f11') in 0.046972 seconds
Number of updated asset objects reloaded before import = 0
Number of asset objects unloaded after import = 2
========================================================================
Received Import Request.
  Time since last request: 0.092648 seconds.
  path: Assets/Brick Project Studio/Apartment Kit/Common/Textures/Surface/Marble_Dark_01_N.png
  artifactKey: Guid(46992959d77f88c4783fc144795e2ba4) Importer(815301076,1909f56bfc062723c751e8b465ee728b)
Start importing Assets/Brick Project Studio/Apartment Kit/Common/Textures/Surface/Marble_Dark_01_N.png using Guid(46992959d77f88c4783fc144795e2ba4) Importer(815301076,1909f56bfc062723c751e8b465ee728b)  -> (artifact id: '45d8d603fdc3ab593e69eea767050331') in 0.107370 seconds
Number of updated asset objects reloaded before import = 0
Number of asset objects unloaded after import = 2
========================================================================
Received Import Request.
  Time since last request: 0.194370 seconds.
  path: Assets/Brick Project Studio/Apartment Kit/Common/Textures/Surface/MarbleWall_02.png
  artifactKey: Guid(2aa84f74598871447bdc9328d0e24d9f) Importer(815301076,1909f56bfc062723c751e8b465ee728b)
Start importing Assets/Brick Project Studio/Apartment Kit/Common/Textures/Surface/MarbleWall_02.png using Guid(2aa84f74598871447bdc9328d0e24d9f) Importer(815301076,1909f56bfc062723c751e8b465ee728b)  -> (artifact id: '78296b5ffe659b0be650361d61dd0da3') in 0.111248 seconds
Number of updated asset objects reloaded before import = 0
Number of asset objects unloaded after import = 2
========================================================================
Received Import Request.
  Time since last request: 0.000081 seconds.
  path: Assets/TextMesh Pro/Examples & Extras/Textures/Mask Zig-n-Zag.psd
  artifactKey: Guid(bb8dfcd263ad4eb383a33d74a720be6f) Importer(815301076,1909f56bfc062723c751e8b465ee728b)
Start importing Assets/TextMesh Pro/Examples & Extras/Textures/Mask Zig-n-Zag.psd using Guid(bb8dfcd263ad4eb383a33d74a720be6f) Importer(815301076,1909f56bfc062723c751e8b465ee728b)  -> (artifact id: '3c90fbd5e61defb1c487f10b64f37b0a') in 0.048932 seconds
Number of updated asset objects reloaded before import = 0
Number of asset objects unloaded after import = 2
========================================================================
Received Import Request.
  Time since last request: 0.257559 seconds.
  path: Assets/Brick Project Studio/Apartment Kit/Common/Textures/Surface/Mesh_Black_N.png
  artifactKey: Guid(cbbecd88a198cdd4e8fc3f3e900a51ef) Importer(815301076,1909f56bfc062723c751e8b465ee728b)
Start importing Assets/Brick Project Studio/Apartment Kit/Common/Textures/Surface/Mesh_Black_N.png using Guid(cbbecd88a198cdd4e8fc3f3e900a51ef) Importer(815301076,1909f56bfc062723c751e8b465ee728b)  -> (artifact id: '631a30ebe58e89a61fdc4cbb211222eb') in 0.093631 seconds
Number of updated asset objects reloaded before import = 0
Number of asset objects unloaded after import = 2
Editor requested this worker to shutdown with reason: Scaling down because of idle timeout
TcpMessagingSession - receive error: operation aborted. errorcode: 995, details: The I/O operation has been aborted because of either a thread exit or an application request.
AssetImportWorker is now disconnected from the server
Process exiting
Exiting without the bug reporter. Application will terminate with return code 0